ARM GAS  C:\Users\PC69\AppData\Local\Temp\cctLAksn.s 			page 1


   1              		.cpu cortex-m0
   2              		.fpu softvfp
   3              		.eabi_attribute 20, 1
   4              		.eabi_attribute 21, 1
   5              		.eabi_attribute 23, 3
   6              		.eabi_attribute 24, 1
   7              		.eabi_attribute 25, 1
   8              		.eabi_attribute 26, 1
   9              		.eabi_attribute 30, 6
  10              		.eabi_attribute 34, 0
  11              		.eabi_attribute 18, 4
  12              		.code	16
  13              		.file	"ADC_INT.c"
  14              		.text
  15              	.Ltext0:
  16              		.cfi_sections	.debug_frame
  17              		.section	.text.ADC_ISR,"ax",%progbits
  18              		.align	2
  19              		.global	ADC_ISR
  20              		.code	16
  21              		.thumb_func
  22              		.type	ADC_ISR, %function
  23              	ADC_ISR:
  24              	.LFB0:
  25              		.file 1 ".\\Generated_Source\\PSoC4\\ADC_INT.c"
   1:.\Generated_Source\PSoC4/ADC_INT.c **** /*******************************************************************************
   2:.\Generated_Source\PSoC4/ADC_INT.c **** * File Name: ADC_INT.c
   3:.\Generated_Source\PSoC4/ADC_INT.c **** * Version 2.20
   4:.\Generated_Source\PSoC4/ADC_INT.c **** *
   5:.\Generated_Source\PSoC4/ADC_INT.c **** *  Description:
   6:.\Generated_Source\PSoC4/ADC_INT.c **** *    This file contains the code that operates during the ADC_SAR interrupt
   7:.\Generated_Source\PSoC4/ADC_INT.c **** *    service routine.
   8:.\Generated_Source\PSoC4/ADC_INT.c **** *
   9:.\Generated_Source\PSoC4/ADC_INT.c **** *   Note:
  10:.\Generated_Source\PSoC4/ADC_INT.c **** *
  11:.\Generated_Source\PSoC4/ADC_INT.c **** ********************************************************************************
  12:.\Generated_Source\PSoC4/ADC_INT.c **** * Copyright 2008-2015, Cypress Semiconductor Corporation.  All rights reserved.
  13:.\Generated_Source\PSoC4/ADC_INT.c **** * You may use this file only in accordance with the license, terms, conditions,
  14:.\Generated_Source\PSoC4/ADC_INT.c **** * disclaimers, and limitations in the end user license agreement accompanying
  15:.\Generated_Source\PSoC4/ADC_INT.c **** * the software package with which this file was provided.
  16:.\Generated_Source\PSoC4/ADC_INT.c **** *******************************************************************************/
  17:.\Generated_Source\PSoC4/ADC_INT.c **** 
  18:.\Generated_Source\PSoC4/ADC_INT.c **** #include "ADC.h"
  19:.\Generated_Source\PSoC4/ADC_INT.c **** 
  20:.\Generated_Source\PSoC4/ADC_INT.c **** 
  21:.\Generated_Source\PSoC4/ADC_INT.c **** 
  22:.\Generated_Source\PSoC4/ADC_INT.c **** /******************************************************************************
  23:.\Generated_Source\PSoC4/ADC_INT.c **** * Custom Declarations and Variables
  24:.\Generated_Source\PSoC4/ADC_INT.c **** * - add user inlcude files, prototypes and variables between the following
  25:.\Generated_Source\PSoC4/ADC_INT.c **** *   #START and #END tags
  26:.\Generated_Source\PSoC4/ADC_INT.c **** ******************************************************************************/
  27:.\Generated_Source\PSoC4/ADC_INT.c **** /* `#START ADC_SYS_VAR`  */
  28:.\Generated_Source\PSoC4/ADC_INT.c **** extern uint16 result[8];
  29:.\Generated_Source\PSoC4/ADC_INT.c **** extern uint8 dataReady;
  30:.\Generated_Source\PSoC4/ADC_INT.c **** /* `#END`  */
  31:.\Generated_Source\PSoC4/ADC_INT.c **** 
  32:.\Generated_Source\PSoC4/ADC_INT.c **** #if(ADC_IRQ_REMOVE == 0u)
ARM GAS  C:\Users\PC69\AppData\Local\Temp\cctLAksn.s 			page 2


  33:.\Generated_Source\PSoC4/ADC_INT.c **** 
  34:.\Generated_Source\PSoC4/ADC_INT.c **** 
  35:.\Generated_Source\PSoC4/ADC_INT.c ****     /******************************************************************************
  36:.\Generated_Source\PSoC4/ADC_INT.c ****     * Function Name: ADC_ISR
  37:.\Generated_Source\PSoC4/ADC_INT.c ****     *******************************************************************************
  38:.\Generated_Source\PSoC4/ADC_INT.c ****     *
  39:.\Generated_Source\PSoC4/ADC_INT.c ****     * Summary:
  40:.\Generated_Source\PSoC4/ADC_INT.c ****     *  Handle Interrupt Service Routine.
  41:.\Generated_Source\PSoC4/ADC_INT.c ****     *
  42:.\Generated_Source\PSoC4/ADC_INT.c ****     * Parameters:
  43:.\Generated_Source\PSoC4/ADC_INT.c ****     *  None.
  44:.\Generated_Source\PSoC4/ADC_INT.c ****     *
  45:.\Generated_Source\PSoC4/ADC_INT.c ****     * Return:
  46:.\Generated_Source\PSoC4/ADC_INT.c ****     *  None.
  47:.\Generated_Source\PSoC4/ADC_INT.c ****     *
  48:.\Generated_Source\PSoC4/ADC_INT.c ****     * Reentrant:
  49:.\Generated_Source\PSoC4/ADC_INT.c ****     *  No.
  50:.\Generated_Source\PSoC4/ADC_INT.c ****     *
  51:.\Generated_Source\PSoC4/ADC_INT.c ****     ******************************************************************************/
  52:.\Generated_Source\PSoC4/ADC_INT.c ****     CY_ISR( ADC_ISR )
  53:.\Generated_Source\PSoC4/ADC_INT.c ****     {
  26              		.loc 1 53 0
  27              		.cfi_startproc
  28 0000 80B5     		push	{r7, lr}
  29              		.cfi_def_cfa_offset 8
  30              		.cfi_offset 7, -8
  31              		.cfi_offset 14, -4
  32 0002 82B0     		sub	sp, sp, #8
  33              		.cfi_def_cfa_offset 16
  34 0004 00AF     		add	r7, sp, #0
  35              		.cfi_def_cfa_register 7
  54:.\Generated_Source\PSoC4/ADC_INT.c ****         uint32 intr_status;
  55:.\Generated_Source\PSoC4/ADC_INT.c **** 
  56:.\Generated_Source\PSoC4/ADC_INT.c ****         /* Read interrupt status register */
  57:.\Generated_Source\PSoC4/ADC_INT.c ****         intr_status = ADC_SAR_INTR_REG;
  36              		.loc 1 57 0
  37 0006 224B     		ldr	r3, .L2
  38 0008 1B68     		ldr	r3, [r3]
  39 000a 7B60     		str	r3, [r7, #4]
  58:.\Generated_Source\PSoC4/ADC_INT.c **** 
  59:.\Generated_Source\PSoC4/ADC_INT.c ****         #ifdef ADC_ISR_INTERRUPT_CALLBACK
  60:.\Generated_Source\PSoC4/ADC_INT.c ****             ADC_ISR_InterruptCallback();
  61:.\Generated_Source\PSoC4/ADC_INT.c ****         #endif /* ADC_ISR_INTERRUPT_CALLBACK */
  62:.\Generated_Source\PSoC4/ADC_INT.c **** 
  63:.\Generated_Source\PSoC4/ADC_INT.c **** 
  64:.\Generated_Source\PSoC4/ADC_INT.c ****         /************************************************************************
  65:.\Generated_Source\PSoC4/ADC_INT.c ****         *  Custom Code
  66:.\Generated_Source\PSoC4/ADC_INT.c ****         *  - add user ISR code between the following #START and #END tags
  67:.\Generated_Source\PSoC4/ADC_INT.c ****         *************************************************************************/
  68:.\Generated_Source\PSoC4/ADC_INT.c ****         /* `#START MAIN_ADC_ISR`  */
  69:.\Generated_Source\PSoC4/ADC_INT.c ****         result[0] = ADC_GetResult16(0);
  40              		.loc 1 69 0
  41 000c 0020     		mov	r0, #0
  42 000e FFF7FEFF 		bl	ADC_GetResult16
  43 0012 031C     		mov	r3, r0
  44 0014 9AB2     		uxth	r2, r3
  45 0016 1F4B     		ldr	r3, .L2+4
ARM GAS  C:\Users\PC69\AppData\Local\Temp\cctLAksn.s 			page 3


  46 0018 1A80     		strh	r2, [r3]
  70:.\Generated_Source\PSoC4/ADC_INT.c ****         result[1] = ADC_GetResult16(1);
  47              		.loc 1 70 0
  48 001a 0120     		mov	r0, #1
  49 001c FFF7FEFF 		bl	ADC_GetResult16
  50 0020 031C     		mov	r3, r0
  51 0022 9AB2     		uxth	r2, r3
  52 0024 1B4B     		ldr	r3, .L2+4
  53 0026 5A80     		strh	r2, [r3, #2]
  71:.\Generated_Source\PSoC4/ADC_INT.c ****         result[2] = ADC_GetResult16(2);
  54              		.loc 1 71 0
  55 0028 0220     		mov	r0, #2
  56 002a FFF7FEFF 		bl	ADC_GetResult16
  57 002e 031C     		mov	r3, r0
  58 0030 9AB2     		uxth	r2, r3
  59 0032 184B     		ldr	r3, .L2+4
  60 0034 9A80     		strh	r2, [r3, #4]
  72:.\Generated_Source\PSoC4/ADC_INT.c ****         result[3] = ADC_GetResult16(3);
  61              		.loc 1 72 0
  62 0036 0320     		mov	r0, #3
  63 0038 FFF7FEFF 		bl	ADC_GetResult16
  64 003c 031C     		mov	r3, r0
  65 003e 9AB2     		uxth	r2, r3
  66 0040 144B     		ldr	r3, .L2+4
  67 0042 DA80     		strh	r2, [r3, #6]
  73:.\Generated_Source\PSoC4/ADC_INT.c ****         result[4] = ADC_GetResult16(4);
  68              		.loc 1 73 0
  69 0044 0420     		mov	r0, #4
  70 0046 FFF7FEFF 		bl	ADC_GetResult16
  71 004a 031C     		mov	r3, r0
  72 004c 9AB2     		uxth	r2, r3
  73 004e 114B     		ldr	r3, .L2+4
  74 0050 1A81     		strh	r2, [r3, #8]
  74:.\Generated_Source\PSoC4/ADC_INT.c ****         result[5] = ADC_GetResult16(5);
  75              		.loc 1 74 0
  76 0052 0520     		mov	r0, #5
  77 0054 FFF7FEFF 		bl	ADC_GetResult16
  78 0058 031C     		mov	r3, r0
  79 005a 9AB2     		uxth	r2, r3
  80 005c 0D4B     		ldr	r3, .L2+4
  81 005e 5A81     		strh	r2, [r3, #10]
  75:.\Generated_Source\PSoC4/ADC_INT.c ****         result[6] = ADC_GetResult16(6);
  82              		.loc 1 75 0
  83 0060 0620     		mov	r0, #6
  84 0062 FFF7FEFF 		bl	ADC_GetResult16
  85 0066 031C     		mov	r3, r0
  86 0068 9AB2     		uxth	r2, r3
  87 006a 0A4B     		ldr	r3, .L2+4
  88 006c 9A81     		strh	r2, [r3, #12]
  76:.\Generated_Source\PSoC4/ADC_INT.c ****         result[7] = ADC_GetResult16(7);
  89              		.loc 1 76 0
  90 006e 0720     		mov	r0, #7
  91 0070 FFF7FEFF 		bl	ADC_GetResult16
  92 0074 031C     		mov	r3, r0
  93 0076 9AB2     		uxth	r2, r3
  94 0078 064B     		ldr	r3, .L2+4
  95 007a DA81     		strh	r2, [r3, #14]
ARM GAS  C:\Users\PC69\AppData\Local\Temp\cctLAksn.s 			page 4


  77:.\Generated_Source\PSoC4/ADC_INT.c ****         dataReady = 1;
  96              		.loc 1 77 0
  97 007c 064B     		ldr	r3, .L2+8
  98 007e 0122     		mov	r2, #1
  99 0080 1A70     		strb	r2, [r3]
  78:.\Generated_Source\PSoC4/ADC_INT.c ****         /* `#END`  */
  79:.\Generated_Source\PSoC4/ADC_INT.c ****         
  80:.\Generated_Source\PSoC4/ADC_INT.c ****         /* Clear handled interrupt */
  81:.\Generated_Source\PSoC4/ADC_INT.c ****         ADC_SAR_INTR_REG = intr_status;
 100              		.loc 1 81 0
 101 0082 034B     		ldr	r3, .L2
 102 0084 7A68     		ldr	r2, [r7, #4]
 103 0086 1A60     		str	r2, [r3]
  82:.\Generated_Source\PSoC4/ADC_INT.c ****     }
 104              		.loc 1 82 0
 105 0088 BD46     		mov	sp, r7
 106 008a 02B0     		add	sp, sp, #8
 107              		@ sp needed
 108 008c 80BD     		pop	{r7, pc}
 109              	.L3:
 110 008e C046     		.align	2
 111              	.L2:
 112 0090 10021A40 		.word	1075446288
 113 0094 00000000 		.word	result
 114 0098 00000000 		.word	dataReady
 115              		.cfi_endproc
 116              	.LFE0:
 117              		.size	ADC_ISR, .-ADC_ISR
 118              		.text
 119              	.Letext0:
 120              		.file 2 ".\\Generated_Source\\PSoC4\\cytypes.h"
 121              		.section	.debug_info,"",%progbits
 122              	.Ldebug_info0:
 123 0000 00010000 		.4byte	0x100
 124 0004 0400     		.2byte	0x4
 125 0006 00000000 		.4byte	.Ldebug_abbrev0
 126 000a 04       		.byte	0x4
 127 000b 01       		.uleb128 0x1
 128 000c 65000000 		.4byte	.LASF19
 129 0010 01       		.byte	0x1
 130 0011 16010000 		.4byte	.LASF20
 131 0015 65010000 		.4byte	.LASF21
 132 0019 00000000 		.4byte	.Ldebug_ranges0+0
 133 001d 00000000 		.4byte	0
 134 0021 00000000 		.4byte	.Ldebug_line0
 135 0025 02       		.uleb128 0x2
 136 0026 01       		.byte	0x1
 137 0027 06       		.byte	0x6
 138 0028 59010000 		.4byte	.LASF0
 139 002c 02       		.uleb128 0x2
 140 002d 01       		.byte	0x1
 141 002e 08       		.byte	0x8
 142 002f F3000000 		.4byte	.LASF1
 143 0033 02       		.uleb128 0x2
 144 0034 02       		.byte	0x2
 145 0035 05       		.byte	0x5
 146 0036 BF010000 		.4byte	.LASF2
ARM GAS  C:\Users\PC69\AppData\Local\Temp\cctLAksn.s 			page 5


 147 003a 02       		.uleb128 0x2
 148 003b 02       		.byte	0x2
 149 003c 07       		.byte	0x7
 150 003d 46010000 		.4byte	.LASF3
 151 0041 02       		.uleb128 0x2
 152 0042 04       		.byte	0x4
 153 0043 05       		.byte	0x5
 154 0044 0D010000 		.4byte	.LASF4
 155 0048 02       		.uleb128 0x2
 156 0049 04       		.byte	0x4
 157 004a 07       		.byte	0x7
 158 004b 30000000 		.4byte	.LASF5
 159 004f 02       		.uleb128 0x2
 160 0050 08       		.byte	0x8
 161 0051 05       		.byte	0x5
 162 0052 00000000 		.4byte	.LASF6
 163 0056 02       		.uleb128 0x2
 164 0057 08       		.byte	0x8
 165 0058 07       		.byte	0x7
 166 0059 42000000 		.4byte	.LASF7
 167 005d 03       		.uleb128 0x3
 168 005e 04       		.byte	0x4
 169 005f 05       		.byte	0x5
 170 0060 696E7400 		.ascii	"int\000"
 171 0064 02       		.uleb128 0x2
 172 0065 04       		.byte	0x4
 173 0066 07       		.byte	0x7
 174 0067 15000000 		.4byte	.LASF8
 175 006b 04       		.uleb128 0x4
 176 006c 2A000000 		.4byte	.LASF9
 177 0070 02       		.byte	0x2
 178 0071 A1       		.byte	0xa1
 179 0072 2C000000 		.4byte	0x2c
 180 0076 04       		.uleb128 0x4
 181 0077 C9010000 		.4byte	.LASF10
 182 007b 02       		.byte	0x2
 183 007c A2       		.byte	0xa2
 184 007d 3A000000 		.4byte	0x3a
 185 0081 04       		.uleb128 0x4
 186 0082 0E000000 		.4byte	.LASF11
 187 0086 02       		.byte	0x2
 188 0087 A3       		.byte	0xa3
 189 0088 48000000 		.4byte	0x48
 190 008c 02       		.uleb128 0x2
 191 008d 04       		.byte	0x4
 192 008e 04       		.byte	0x4
 193 008f B9010000 		.4byte	.LASF12
 194 0093 02       		.uleb128 0x2
 195 0094 08       		.byte	0x8
 196 0095 04       		.byte	0x4
 197 0096 39010000 		.4byte	.LASF13
 198 009a 02       		.uleb128 0x2
 199 009b 01       		.byte	0x1
 200 009c 08       		.byte	0x8
 201 009d 01010000 		.4byte	.LASF14
 202 00a1 05       		.uleb128 0x5
 203 00a2 40010000 		.4byte	.LASF15
ARM GAS  C:\Users\PC69\AppData\Local\Temp\cctLAksn.s 			page 6


 204 00a6 02       		.byte	0x2
 205 00a7 4D01     		.2byte	0x14d
 206 00a9 AD000000 		.4byte	0xad
 207 00ad 06       		.uleb128 0x6
 208 00ae 81000000 		.4byte	0x81
 209 00b2 02       		.uleb128 0x2
 210 00b3 04       		.byte	0x4
 211 00b4 07       		.byte	0x7
 212 00b5 D0010000 		.4byte	.LASF16
 213 00b9 07       		.uleb128 0x7
 214 00ba 22000000 		.4byte	.LASF22
 215 00be 01       		.byte	0x1
 216 00bf 34       		.byte	0x34
 217 00c0 00000000 		.4byte	.LFB0
 218 00c4 9C000000 		.4byte	.LFE0-.LFB0
 219 00c8 01       		.uleb128 0x1
 220 00c9 9C       		.byte	0x9c
 221 00ca DD000000 		.4byte	0xdd
 222 00ce 08       		.uleb128 0x8
 223 00cf 59000000 		.4byte	.LASF23
 224 00d3 01       		.byte	0x1
 225 00d4 36       		.byte	0x36
 226 00d5 81000000 		.4byte	0x81
 227 00d9 02       		.uleb128 0x2
 228 00da 91       		.byte	0x91
 229 00db 74       		.sleb128 -12
 230 00dc 00       		.byte	0
 231 00dd 09       		.uleb128 0x9
 232 00de 76000000 		.4byte	0x76
 233 00e2 ED000000 		.4byte	0xed
 234 00e6 0A       		.uleb128 0xa
 235 00e7 B2000000 		.4byte	0xb2
 236 00eb 07       		.byte	0x7
 237 00ec 00       		.byte	0
 238 00ed 0B       		.uleb128 0xb
 239 00ee 06010000 		.4byte	.LASF17
 240 00f2 01       		.byte	0x1
 241 00f3 1C       		.byte	0x1c
 242 00f4 DD000000 		.4byte	0xdd
 243 00f8 0B       		.uleb128 0xb
 244 00f9 AF010000 		.4byte	.LASF18
 245 00fd 01       		.byte	0x1
 246 00fe 1D       		.byte	0x1d
 247 00ff 6B000000 		.4byte	0x6b
 248 0103 00       		.byte	0
 249              		.section	.debug_abbrev,"",%progbits
 250              	.Ldebug_abbrev0:
 251 0000 01       		.uleb128 0x1
 252 0001 11       		.uleb128 0x11
 253 0002 01       		.byte	0x1
 254 0003 25       		.uleb128 0x25
 255 0004 0E       		.uleb128 0xe
 256 0005 13       		.uleb128 0x13
 257 0006 0B       		.uleb128 0xb
 258 0007 03       		.uleb128 0x3
 259 0008 0E       		.uleb128 0xe
 260 0009 1B       		.uleb128 0x1b
ARM GAS  C:\Users\PC69\AppData\Local\Temp\cctLAksn.s 			page 7


 261 000a 0E       		.uleb128 0xe
 262 000b 55       		.uleb128 0x55
 263 000c 17       		.uleb128 0x17
 264 000d 11       		.uleb128 0x11
 265 000e 01       		.uleb128 0x1
 266 000f 10       		.uleb128 0x10
 267 0010 17       		.uleb128 0x17
 268 0011 00       		.byte	0
 269 0012 00       		.byte	0
 270 0013 02       		.uleb128 0x2
 271 0014 24       		.uleb128 0x24
 272 0015 00       		.byte	0
 273 0016 0B       		.uleb128 0xb
 274 0017 0B       		.uleb128 0xb
 275 0018 3E       		.uleb128 0x3e
 276 0019 0B       		.uleb128 0xb
 277 001a 03       		.uleb128 0x3
 278 001b 0E       		.uleb128 0xe
 279 001c 00       		.byte	0
 280 001d 00       		.byte	0
 281 001e 03       		.uleb128 0x3
 282 001f 24       		.uleb128 0x24
 283 0020 00       		.byte	0
 284 0021 0B       		.uleb128 0xb
 285 0022 0B       		.uleb128 0xb
 286 0023 3E       		.uleb128 0x3e
 287 0024 0B       		.uleb128 0xb
 288 0025 03       		.uleb128 0x3
 289 0026 08       		.uleb128 0x8
 290 0027 00       		.byte	0
 291 0028 00       		.byte	0
 292 0029 04       		.uleb128 0x4
 293 002a 16       		.uleb128 0x16
 294 002b 00       		.byte	0
 295 002c 03       		.uleb128 0x3
 296 002d 0E       		.uleb128 0xe
 297 002e 3A       		.uleb128 0x3a
 298 002f 0B       		.uleb128 0xb
 299 0030 3B       		.uleb128 0x3b
 300 0031 0B       		.uleb128 0xb
 301 0032 49       		.uleb128 0x49
 302 0033 13       		.uleb128 0x13
 303 0034 00       		.byte	0
 304 0035 00       		.byte	0
 305 0036 05       		.uleb128 0x5
 306 0037 16       		.uleb128 0x16
 307 0038 00       		.byte	0
 308 0039 03       		.uleb128 0x3
 309 003a 0E       		.uleb128 0xe
 310 003b 3A       		.uleb128 0x3a
 311 003c 0B       		.uleb128 0xb
 312 003d 3B       		.uleb128 0x3b
 313 003e 05       		.uleb128 0x5
 314 003f 49       		.uleb128 0x49
 315 0040 13       		.uleb128 0x13
 316 0041 00       		.byte	0
 317 0042 00       		.byte	0
ARM GAS  C:\Users\PC69\AppData\Local\Temp\cctLAksn.s 			page 8


 318 0043 06       		.uleb128 0x6
 319 0044 35       		.uleb128 0x35
 320 0045 00       		.byte	0
 321 0046 49       		.uleb128 0x49
 322 0047 13       		.uleb128 0x13
 323 0048 00       		.byte	0
 324 0049 00       		.byte	0
 325 004a 07       		.uleb128 0x7
 326 004b 2E       		.uleb128 0x2e
 327 004c 01       		.byte	0x1
 328 004d 3F       		.uleb128 0x3f
 329 004e 19       		.uleb128 0x19
 330 004f 03       		.uleb128 0x3
 331 0050 0E       		.uleb128 0xe
 332 0051 3A       		.uleb128 0x3a
 333 0052 0B       		.uleb128 0xb
 334 0053 3B       		.uleb128 0x3b
 335 0054 0B       		.uleb128 0xb
 336 0055 27       		.uleb128 0x27
 337 0056 19       		.uleb128 0x19
 338 0057 11       		.uleb128 0x11
 339 0058 01       		.uleb128 0x1
 340 0059 12       		.uleb128 0x12
 341 005a 06       		.uleb128 0x6
 342 005b 40       		.uleb128 0x40
 343 005c 18       		.uleb128 0x18
 344 005d 9642     		.uleb128 0x2116
 345 005f 19       		.uleb128 0x19
 346 0060 01       		.uleb128 0x1
 347 0061 13       		.uleb128 0x13
 348 0062 00       		.byte	0
 349 0063 00       		.byte	0
 350 0064 08       		.uleb128 0x8
 351 0065 34       		.uleb128 0x34
 352 0066 00       		.byte	0
 353 0067 03       		.uleb128 0x3
 354 0068 0E       		.uleb128 0xe
 355 0069 3A       		.uleb128 0x3a
 356 006a 0B       		.uleb128 0xb
 357 006b 3B       		.uleb128 0x3b
 358 006c 0B       		.uleb128 0xb
 359 006d 49       		.uleb128 0x49
 360 006e 13       		.uleb128 0x13
 361 006f 02       		.uleb128 0x2
 362 0070 18       		.uleb128 0x18
 363 0071 00       		.byte	0
 364 0072 00       		.byte	0
 365 0073 09       		.uleb128 0x9
 366 0074 01       		.uleb128 0x1
 367 0075 01       		.byte	0x1
 368 0076 49       		.uleb128 0x49
 369 0077 13       		.uleb128 0x13
 370 0078 01       		.uleb128 0x1
 371 0079 13       		.uleb128 0x13
 372 007a 00       		.byte	0
 373 007b 00       		.byte	0
 374 007c 0A       		.uleb128 0xa
ARM GAS  C:\Users\PC69\AppData\Local\Temp\cctLAksn.s 			page 9


 375 007d 21       		.uleb128 0x21
 376 007e 00       		.byte	0
 377 007f 49       		.uleb128 0x49
 378 0080 13       		.uleb128 0x13
 379 0081 2F       		.uleb128 0x2f
 380 0082 0B       		.uleb128 0xb
 381 0083 00       		.byte	0
 382 0084 00       		.byte	0
 383 0085 0B       		.uleb128 0xb
 384 0086 34       		.uleb128 0x34
 385 0087 00       		.byte	0
 386 0088 03       		.uleb128 0x3
 387 0089 0E       		.uleb128 0xe
 388 008a 3A       		.uleb128 0x3a
 389 008b 0B       		.uleb128 0xb
 390 008c 3B       		.uleb128 0x3b
 391 008d 0B       		.uleb128 0xb
 392 008e 49       		.uleb128 0x49
 393 008f 13       		.uleb128 0x13
 394 0090 3F       		.uleb128 0x3f
 395 0091 19       		.uleb128 0x19
 396 0092 3C       		.uleb128 0x3c
 397 0093 19       		.uleb128 0x19
 398 0094 00       		.byte	0
 399 0095 00       		.byte	0
 400 0096 00       		.byte	0
 401              		.section	.debug_aranges,"",%progbits
 402 0000 1C000000 		.4byte	0x1c
 403 0004 0200     		.2byte	0x2
 404 0006 00000000 		.4byte	.Ldebug_info0
 405 000a 04       		.byte	0x4
 406 000b 00       		.byte	0
 407 000c 0000     		.2byte	0
 408 000e 0000     		.2byte	0
 409 0010 00000000 		.4byte	.LFB0
 410 0014 9C000000 		.4byte	.LFE0-.LFB0
 411 0018 00000000 		.4byte	0
 412 001c 00000000 		.4byte	0
 413              		.section	.debug_ranges,"",%progbits
 414              	.Ldebug_ranges0:
 415 0000 00000000 		.4byte	.LFB0
 416 0004 9C000000 		.4byte	.LFE0
 417 0008 00000000 		.4byte	0
 418 000c 00000000 		.4byte	0
 419              		.section	.debug_line,"",%progbits
 420              	.Ldebug_line0:
 421 0000 69000000 		.section	.debug_str,"MS",%progbits,1
 421      02004600 
 421      00000201 
 421      FB0E0D00 
 421      01010101 
 422              	.LASF6:
 423 0000 6C6F6E67 		.ascii	"long long int\000"
 423      206C6F6E 
 423      6720696E 
 423      7400
 424              	.LASF11:
ARM GAS  C:\Users\PC69\AppData\Local\Temp\cctLAksn.s 			page 10


 425 000e 75696E74 		.ascii	"uint32\000"
 425      333200
 426              	.LASF8:
 427 0015 756E7369 		.ascii	"unsigned int\000"
 427      676E6564 
 427      20696E74 
 427      00
 428              	.LASF22:
 429 0022 4144435F 		.ascii	"ADC_ISR\000"
 429      49535200 
 430              	.LASF9:
 431 002a 75696E74 		.ascii	"uint8\000"
 431      3800
 432              	.LASF5:
 433 0030 6C6F6E67 		.ascii	"long unsigned int\000"
 433      20756E73 
 433      69676E65 
 433      6420696E 
 433      7400
 434              	.LASF7:
 435 0042 6C6F6E67 		.ascii	"long long unsigned int\000"
 435      206C6F6E 
 435      6720756E 
 435      7369676E 
 435      65642069 
 436              	.LASF23:
 437 0059 696E7472 		.ascii	"intr_status\000"
 437      5F737461 
 437      74757300 
 438              	.LASF19:
 439 0065 474E5520 		.ascii	"GNU C 4.9.3 20150303 (release) [ARM/embedded-4_9-br"
 439      4320342E 
 439      392E3320 
 439      32303135 
 439      30333033 
 440 0098 616E6368 		.ascii	"anch revision 221220] -mcpu=cortex-m0 -mthumb -g -O"
 440      20726576 
 440      6973696F 
 440      6E203232 
 440      31323230 
 441 00cb 30202D66 		.ascii	"0 -ffunction-sections -ffat-lto-objects\000"
 441      66756E63 
 441      74696F6E 
 441      2D736563 
 441      74696F6E 
 442              	.LASF1:
 443 00f3 756E7369 		.ascii	"unsigned char\000"
 443      676E6564 
 443      20636861 
 443      7200
 444              	.LASF14:
 445 0101 63686172 		.ascii	"char\000"
 445      00
 446              	.LASF17:
 447 0106 72657375 		.ascii	"result\000"
 447      6C7400
 448              	.LASF4:
ARM GAS  C:\Users\PC69\AppData\Local\Temp\cctLAksn.s 			page 11


 449 010d 6C6F6E67 		.ascii	"long int\000"
 449      20696E74 
 449      00
 450              	.LASF20:
 451 0116 2E5C4765 		.ascii	".\\Generated_Source\\PSoC4\\ADC_INT.c\000"
 451      6E657261 
 451      7465645F 
 451      536F7572 
 451      63655C50 
 452              	.LASF13:
 453 0139 646F7562 		.ascii	"double\000"
 453      6C6500
 454              	.LASF15:
 455 0140 72656733 		.ascii	"reg32\000"
 455      3200
 456              	.LASF3:
 457 0146 73686F72 		.ascii	"short unsigned int\000"
 457      7420756E 
 457      7369676E 
 457      65642069 
 457      6E7400
 458              	.LASF0:
 459 0159 7369676E 		.ascii	"signed char\000"
 459      65642063 
 459      68617200 
 460              	.LASF21:
 461 0165 433A5C43 		.ascii	"C:\\Cypress\\IR_sensor_controller\\SCB_Bootloader\\"
 461      79707265 
 461      73735C49 
 461      525F7365 
 461      6E736F72 
 462 0194 49525F73 		.ascii	"IR_sensor_controller.cydsn\000"
 462      656E736F 
 462      725F636F 
 462      6E74726F 
 462      6C6C6572 
 463              	.LASF18:
 464 01af 64617461 		.ascii	"dataReady\000"
 464      52656164 
 464      7900
 465              	.LASF12:
 466 01b9 666C6F61 		.ascii	"float\000"
 466      7400
 467              	.LASF2:
 468 01bf 73686F72 		.ascii	"short int\000"
 468      7420696E 
 468      7400
 469              	.LASF10:
 470 01c9 75696E74 		.ascii	"uint16\000"
 470      313600
 471              	.LASF16:
 472 01d0 73697A65 		.ascii	"sizetype\000"
 472      74797065 
 472      00
 473              		.ident	"GCC: (GNU Tools for ARM Embedded Processors) 4.9.3 20150303 (release) [ARM/embedded-4_9-br
