--------------- Clean Started: 12/23/2015 21:23:50 Project: IR_sensor_controller, Configuration: ARM GCC 4.9-2015-q1-update Debug ---------------
Deleting file ".\CortexM0\ARM_GCC_493\Debug\main.o"
Deleting file ".\CortexM0\ARM_GCC_493\Debug\cyfitter_cfg.o"
Deleting file ".\CortexM0\ARM_GCC_493\Debug\cybootloader.o"
Deleting file ".\CortexM0\ARM_GCC_493\Debug\cymetadata.o"
Deleting file ".\CortexM0\ARM_GCC_493\Debug\Bootloadable.o"
Deleting file ".\CortexM0\ARM_GCC_493\Debug\PWM.o"
Deleting file ".\CortexM0\ARM_GCC_493\Debug\PWM_PM.o"
Deleting file ".\CortexM0\ARM_GCC_493\Debug\Clock.o"
Deleting file ".\CortexM0\ARM_GCC_493\Debug\P1_6.o"
Deleting file ".\CortexM0\ARM_GCC_493\Debug\Cm0Start.o"
Deleting file ".\CortexM0\ARM_GCC_493\Debug\CyBootAsmGnu.o"
Deleting file ".\CortexM0\ARM_GCC_493\Debug\CyFlash.o"
Deleting file ".\CortexM0\ARM_GCC_493\Debug\CyLib.o"
Deleting file ".\CortexM0\ARM_GCC_493\Debug\cyPm.o"
Deleting file ".\CortexM0\ARM_GCC_493\Debug\cyutils.o"
Deleting file ".\CortexM0\ARM_GCC_493\Debug\P1_3.o"
Deleting file ".\CortexM0\ARM_GCC_493\Debug\P1_4.o"
Deleting file ".\CortexM0\ARM_GCC_493\Debug\P1_5.o"
Deleting file ".\CortexM0\ARM_GCC_493\Debug\I2C.o"
Deleting file ".\CortexM0\ARM_GCC_493\Debug\I2C_PM.o"
Deleting file ".\CortexM0\ARM_GCC_493\Debug\I2C_BOOT.o"
Deleting file ".\CortexM0\ARM_GCC_493\Debug\I2C_EZI2C.o"
Deleting file ".\CortexM0\ARM_GCC_493\Debug\I2C_EZI2C_INT.o"
Deleting file ".\CortexM0\ARM_GCC_493\Debug\I2C_EZI2C_BOOT.o"
Deleting file ".\CortexM0\ARM_GCC_493\Debug\I2C_SCBCLK.o"
Deleting file ".\CortexM0\ARM_GCC_493\Debug\I2C_sda.o"
Deleting file ".\CortexM0\ARM_GCC_493\Debug\I2C_scl.o"
Deleting file ".\CortexM0\ARM_GCC_493\Debug\I2C_SCB_IRQ.o"
Deleting file ".\CortexM0\ARM_GCC_493\Debug\P1_2.o"
Deleting file ".\CortexM0\ARM_GCC_493\Debug\AIN0.o"
Deleting file ".\CortexM0\ARM_GCC_493\Debug\AIN1.o"
Deleting file ".\CortexM0\ARM_GCC_493\Debug\AIN2.o"
Deleting file ".\CortexM0\ARM_GCC_493\Debug\AIN3.o"
Deleting file ".\CortexM0\ARM_GCC_493\Debug\Pin_5.o"
Deleting file ".\CortexM0\ARM_GCC_493\Debug\Pin_6.o"
Deleting file ".\CortexM0\ARM_GCC_493\Debug\Pin_7.o"
Deleting file ".\CortexM0\ARM_GCC_493\Debug\Pin_8.o"
Deleting file ".\CortexM0\ARM_GCC_493\Debug\ADC.o"
Deleting file ".\CortexM0\ARM_GCC_493\Debug\ADC_PM.o"
Deleting file ".\CortexM0\ARM_GCC_493\Debug\ADC_INT.o"
Deleting file ".\CortexM0\ARM_GCC_493\Debug\ADC_IRQ.o"
Deleting file ".\CortexM0\ARM_GCC_493\Debug\ADC_intClock.o"
Deleting file ".\CortexM0\ARM_GCC_493\Debug\EEPROM.o"
Deleting file ".\CortexM0\ARM_GCC_493\Debug\Debug_LED_reg.o"
Deleting file ".\CortexM0\ARM_GCC_493\Debug\Debug_LED_reg_PM.o"
Deleting file ".\CortexM0\ARM_GCC_493\Debug\IR_sensor_controller.hex"
Deleting file ".\CortexM0\ARM_GCC_493\Debug\IR_sensor_controller.elf"
Deleting file ".\CortexM0\ARM_GCC_493\Debug\IR_sensor_controller.map"
Deleting file ".\CortexM0\ARM_GCC_493\Debug\IR_sensor_controller.cyacd"
Deleting file ".\IR_sensor_controller.cycdx"
Deleting file ".\IR_sensor_controller.svd"
Deleting file ".\IR_sensor_controller.rpt"
Deleting file ".\IR_sensor_controller_timing.html"
Deleting file ".\CortexM0\ARM_GCC_493\Debug\.deps\C_FILE.P"
Deleting file ".\CortexM0\ARM_GCC_493\Debug\.deps\ARM_C_FILE.P"
Deleting file ".\CortexM0\ARM_GCC_493\Debug\.deps\GNU_ARM_ASM_FILE.P"
--------------- Clean Succeeded: 12/23/2015 21:23:50 ---------------
