ARM GAS  C:\Users\PC69\AppData\Local\Temp\cc1YaySt.s 			page 1


   1              		.cpu cortex-m0
   2              		.fpu softvfp
   3              		.eabi_attribute 20, 1
   4              		.eabi_attribute 21, 1
   5              		.eabi_attribute 23, 3
   6              		.eabi_attribute 24, 1
   7              		.eabi_attribute 25, 1
   8              		.eabi_attribute 26, 1
   9              		.eabi_attribute 30, 6
  10              		.eabi_attribute 34, 0
  11              		.eabi_attribute 18, 4
  12              		.code	16
  13              		.file	"cyfitter_cfg.c"
  14              		.text
  15              	.Ltext0:
  16              		.cfi_sections	.debug_frame
  17              		.section	.text.CYMEMZERO,"ax",%progbits
  18              		.align	2
  19              		.code	16
  20              		.thumb_func
  21              		.type	CYMEMZERO, %function
  22              	CYMEMZERO:
  23              	.LFB0:
  24              		.file 1 ".\\Generated_Source\\PSoC4\\cyfitter_cfg.c"
   1:.\Generated_Source\PSoC4/cyfitter_cfg.c **** /*******************************************************************************
   2:.\Generated_Source\PSoC4/cyfitter_cfg.c **** * File Name: cyfitter_cfg.c
   3:.\Generated_Source\PSoC4/cyfitter_cfg.c **** * 
   4:.\Generated_Source\PSoC4/cyfitter_cfg.c **** * PSoC Creator  3.3 CP1
   5:.\Generated_Source\PSoC4/cyfitter_cfg.c **** *
   6:.\Generated_Source\PSoC4/cyfitter_cfg.c **** * Description:
   7:.\Generated_Source\PSoC4/cyfitter_cfg.c **** * This file contains device initialization code.
   8:.\Generated_Source\PSoC4/cyfitter_cfg.c **** * Except for the user defined sections in CyClockStartupError(), this file should not be modified.
   9:.\Generated_Source\PSoC4/cyfitter_cfg.c **** * This file is automatically generated by PSoC Creator.
  10:.\Generated_Source\PSoC4/cyfitter_cfg.c **** *
  11:.\Generated_Source\PSoC4/cyfitter_cfg.c **** ********************************************************************************
  12:.\Generated_Source\PSoC4/cyfitter_cfg.c **** * Copyright (c) 2007-2015 Cypress Semiconductor.  All rights reserved.
  13:.\Generated_Source\PSoC4/cyfitter_cfg.c **** * You may use this file only in accordance with the license, terms, conditions, 
  14:.\Generated_Source\PSoC4/cyfitter_cfg.c **** * disclaimers, and limitations in the end user license agreement accompanying 
  15:.\Generated_Source\PSoC4/cyfitter_cfg.c **** * the software package with which this file was provided.
  16:.\Generated_Source\PSoC4/cyfitter_cfg.c **** ********************************************************************************/
  17:.\Generated_Source\PSoC4/cyfitter_cfg.c **** 
  18:.\Generated_Source\PSoC4/cyfitter_cfg.c **** #include <string.h>
  19:.\Generated_Source\PSoC4/cyfitter_cfg.c **** #include "cytypes.h"
  20:.\Generated_Source\PSoC4/cyfitter_cfg.c **** #include "cydevice_trm.h"
  21:.\Generated_Source\PSoC4/cyfitter_cfg.c **** #include "cyfitter.h"
  22:.\Generated_Source\PSoC4/cyfitter_cfg.c **** #include "CyLib.h"
  23:.\Generated_Source\PSoC4/cyfitter_cfg.c **** #include "cyfitter_cfg.h"
  24:.\Generated_Source\PSoC4/cyfitter_cfg.c **** 
  25:.\Generated_Source\PSoC4/cyfitter_cfg.c **** 
  26:.\Generated_Source\PSoC4/cyfitter_cfg.c **** #if defined(__GNUC__) || defined(__ARMCC_VERSION)
  27:.\Generated_Source\PSoC4/cyfitter_cfg.c ****     #define CYPACKED 
  28:.\Generated_Source\PSoC4/cyfitter_cfg.c ****     #define CYPACKED_ATTR __attribute__ ((packed))
  29:.\Generated_Source\PSoC4/cyfitter_cfg.c ****     #define CYALIGNED __attribute__ ((aligned))
  30:.\Generated_Source\PSoC4/cyfitter_cfg.c ****     #define CY_CFG_UNUSED __attribute__ ((unused))
  31:.\Generated_Source\PSoC4/cyfitter_cfg.c ****     #define CY_CFG_SECTION __attribute__ ((section(".psocinit")))
  32:.\Generated_Source\PSoC4/cyfitter_cfg.c ****     
  33:.\Generated_Source\PSoC4/cyfitter_cfg.c ****     #if defined(__ARMCC_VERSION)
ARM GAS  C:\Users\PC69\AppData\Local\Temp\cc1YaySt.s 			page 2


  34:.\Generated_Source\PSoC4/cyfitter_cfg.c ****         #define CY_CFG_MEMORY_BARRIER() __memory_changed()
  35:.\Generated_Source\PSoC4/cyfitter_cfg.c ****     #else
  36:.\Generated_Source\PSoC4/cyfitter_cfg.c ****         #define CY_CFG_MEMORY_BARRIER() __sync_synchronize()
  37:.\Generated_Source\PSoC4/cyfitter_cfg.c ****     #endif
  38:.\Generated_Source\PSoC4/cyfitter_cfg.c ****     
  39:.\Generated_Source\PSoC4/cyfitter_cfg.c **** #elif defined(__ICCARM__)
  40:.\Generated_Source\PSoC4/cyfitter_cfg.c ****     #include <intrinsics.h>
  41:.\Generated_Source\PSoC4/cyfitter_cfg.c **** 
  42:.\Generated_Source\PSoC4/cyfitter_cfg.c ****     #define CYPACKED __packed
  43:.\Generated_Source\PSoC4/cyfitter_cfg.c ****     #define CYPACKED_ATTR 
  44:.\Generated_Source\PSoC4/cyfitter_cfg.c ****     #define CYALIGNED _Pragma("data_alignment=4")
  45:.\Generated_Source\PSoC4/cyfitter_cfg.c ****     #define CY_CFG_UNUSED _Pragma("diag_suppress=Pe177")
  46:.\Generated_Source\PSoC4/cyfitter_cfg.c ****     #define CY_CFG_SECTION _Pragma("location=\".psocinit\"")
  47:.\Generated_Source\PSoC4/cyfitter_cfg.c ****     
  48:.\Generated_Source\PSoC4/cyfitter_cfg.c ****     #define CY_CFG_MEMORY_BARRIER() __DMB()
  49:.\Generated_Source\PSoC4/cyfitter_cfg.c ****     
  50:.\Generated_Source\PSoC4/cyfitter_cfg.c **** #else
  51:.\Generated_Source\PSoC4/cyfitter_cfg.c ****     #error Unsupported toolchain
  52:.\Generated_Source\PSoC4/cyfitter_cfg.c **** #endif
  53:.\Generated_Source\PSoC4/cyfitter_cfg.c **** 
  54:.\Generated_Source\PSoC4/cyfitter_cfg.c **** 
  55:.\Generated_Source\PSoC4/cyfitter_cfg.c **** CY_CFG_UNUSED
  56:.\Generated_Source\PSoC4/cyfitter_cfg.c **** static void CYMEMZERO(void *s, size_t n);
  57:.\Generated_Source\PSoC4/cyfitter_cfg.c **** CY_CFG_UNUSED
  58:.\Generated_Source\PSoC4/cyfitter_cfg.c **** static void CYMEMZERO(void *s, size_t n)
  59:.\Generated_Source\PSoC4/cyfitter_cfg.c **** {
  25              		.loc 1 59 0
  26              		.cfi_startproc
  27 0000 80B5     		push	{r7, lr}
  28              		.cfi_def_cfa_offset 8
  29              		.cfi_offset 7, -8
  30              		.cfi_offset 14, -4
  31 0002 82B0     		sub	sp, sp, #8
  32              		.cfi_def_cfa_offset 16
  33 0004 00AF     		add	r7, sp, #0
  34              		.cfi_def_cfa_register 7
  35 0006 7860     		str	r0, [r7, #4]
  36 0008 3960     		str	r1, [r7]
  60:.\Generated_Source\PSoC4/cyfitter_cfg.c **** 	(void)memset(s, 0, n);
  37              		.loc 1 60 0
  38 000a 7A68     		ldr	r2, [r7, #4]
  39 000c 3B68     		ldr	r3, [r7]
  40 000e 101C     		mov	r0, r2
  41 0010 0021     		mov	r1, #0
  42 0012 1A1C     		mov	r2, r3
  43 0014 FFF7FEFF 		bl	memset
  61:.\Generated_Source\PSoC4/cyfitter_cfg.c **** }
  44              		.loc 1 61 0
  45 0018 BD46     		mov	sp, r7
  46 001a 02B0     		add	sp, sp, #8
  47              		@ sp needed
  48 001c 80BD     		pop	{r7, pc}
  49              		.cfi_endproc
  50              	.LFE0:
  51              		.size	CYMEMZERO, .-CYMEMZERO
  52 001e C046     		.section	.text.CYCONFIGCPY,"ax",%progbits
  53              		.align	2
ARM GAS  C:\Users\PC69\AppData\Local\Temp\cc1YaySt.s 			page 3


  54              		.code	16
  55              		.thumb_func
  56              		.type	CYCONFIGCPY, %function
  57              	CYCONFIGCPY:
  58              	.LFB1:
  62:.\Generated_Source\PSoC4/cyfitter_cfg.c **** CY_CFG_UNUSED
  63:.\Generated_Source\PSoC4/cyfitter_cfg.c **** static void CYCONFIGCPY(void *dest, const void *src, size_t n);
  64:.\Generated_Source\PSoC4/cyfitter_cfg.c **** CY_CFG_UNUSED
  65:.\Generated_Source\PSoC4/cyfitter_cfg.c **** static void CYCONFIGCPY(void *dest, const void *src, size_t n)
  66:.\Generated_Source\PSoC4/cyfitter_cfg.c **** {
  59              		.loc 1 66 0
  60              		.cfi_startproc
  61 0000 80B5     		push	{r7, lr}
  62              		.cfi_def_cfa_offset 8
  63              		.cfi_offset 7, -8
  64              		.cfi_offset 14, -4
  65 0002 84B0     		sub	sp, sp, #16
  66              		.cfi_def_cfa_offset 24
  67 0004 00AF     		add	r7, sp, #0
  68              		.cfi_def_cfa_register 7
  69 0006 F860     		str	r0, [r7, #12]
  70 0008 B960     		str	r1, [r7, #8]
  71 000a 7A60     		str	r2, [r7, #4]
  67:.\Generated_Source\PSoC4/cyfitter_cfg.c **** 	(void)memcpy(dest, src, n);
  72              		.loc 1 67 0
  73 000c F968     		ldr	r1, [r7, #12]
  74 000e BA68     		ldr	r2, [r7, #8]
  75 0010 7B68     		ldr	r3, [r7, #4]
  76 0012 081C     		mov	r0, r1
  77 0014 111C     		mov	r1, r2
  78 0016 1A1C     		mov	r2, r3
  79 0018 FFF7FEFF 		bl	memcpy
  68:.\Generated_Source\PSoC4/cyfitter_cfg.c **** }
  80              		.loc 1 68 0
  81 001c BD46     		mov	sp, r7
  82 001e 04B0     		add	sp, sp, #16
  83              		@ sp needed
  84 0020 80BD     		pop	{r7, pc}
  85              		.cfi_endproc
  86              	.LFE1:
  87              		.size	CYCONFIGCPY, .-CYCONFIGCPY
  88 0022 C046     		.section	.text.CYCONFIGCPYCODE,"ax",%progbits
  89              		.align	2
  90              		.code	16
  91              		.thumb_func
  92              		.type	CYCONFIGCPYCODE, %function
  93              	CYCONFIGCPYCODE:
  94              	.LFB2:
  69:.\Generated_Source\PSoC4/cyfitter_cfg.c **** CY_CFG_UNUSED
  70:.\Generated_Source\PSoC4/cyfitter_cfg.c **** static void CYCONFIGCPYCODE(void *dest, const void *src, size_t n);
  71:.\Generated_Source\PSoC4/cyfitter_cfg.c **** CY_CFG_UNUSED
  72:.\Generated_Source\PSoC4/cyfitter_cfg.c **** static void CYCONFIGCPYCODE(void *dest, const void *src, size_t n)
  73:.\Generated_Source\PSoC4/cyfitter_cfg.c **** {
  95              		.loc 1 73 0
  96              		.cfi_startproc
  97 0000 80B5     		push	{r7, lr}
  98              		.cfi_def_cfa_offset 8
ARM GAS  C:\Users\PC69\AppData\Local\Temp\cc1YaySt.s 			page 4


  99              		.cfi_offset 7, -8
 100              		.cfi_offset 14, -4
 101 0002 84B0     		sub	sp, sp, #16
 102              		.cfi_def_cfa_offset 24
 103 0004 00AF     		add	r7, sp, #0
 104              		.cfi_def_cfa_register 7
 105 0006 F860     		str	r0, [r7, #12]
 106 0008 B960     		str	r1, [r7, #8]
 107 000a 7A60     		str	r2, [r7, #4]
  74:.\Generated_Source\PSoC4/cyfitter_cfg.c **** 	(void)memcpy(dest, src, n);
 108              		.loc 1 74 0
 109 000c F968     		ldr	r1, [r7, #12]
 110 000e BA68     		ldr	r2, [r7, #8]
 111 0010 7B68     		ldr	r3, [r7, #4]
 112 0012 081C     		mov	r0, r1
 113 0014 111C     		mov	r1, r2
 114 0016 1A1C     		mov	r2, r3
 115 0018 FFF7FEFF 		bl	memcpy
  75:.\Generated_Source\PSoC4/cyfitter_cfg.c **** }
 116              		.loc 1 75 0
 117 001c BD46     		mov	sp, r7
 118 001e 04B0     		add	sp, sp, #16
 119              		@ sp needed
 120 0020 80BD     		pop	{r7, pc}
 121              		.cfi_endproc
 122              	.LFE2:
 123              		.size	CYCONFIGCPYCODE, .-CYCONFIGCPYCODE
 124 0022 C046     		.section	.text.cfg_write_bytes32,"ax",%progbits
 125              		.align	2
 126              		.code	16
 127              		.thumb_func
 128              		.type	cfg_write_bytes32, %function
 129              	cfg_write_bytes32:
 130              	.LFB3:
  76:.\Generated_Source\PSoC4/cyfitter_cfg.c **** 
  77:.\Generated_Source\PSoC4/cyfitter_cfg.c **** 
  78:.\Generated_Source\PSoC4/cyfitter_cfg.c **** 
  79:.\Generated_Source\PSoC4/cyfitter_cfg.c **** /* Clock startup error codes                                                   */
  80:.\Generated_Source\PSoC4/cyfitter_cfg.c **** #define CYCLOCKSTART_NO_ERROR    0u
  81:.\Generated_Source\PSoC4/cyfitter_cfg.c **** #define CYCLOCKSTART_XTAL_ERROR  1u
  82:.\Generated_Source\PSoC4/cyfitter_cfg.c **** #define CYCLOCKSTART_32KHZ_ERROR 2u
  83:.\Generated_Source\PSoC4/cyfitter_cfg.c **** #define CYCLOCKSTART_PLL_ERROR   3u
  84:.\Generated_Source\PSoC4/cyfitter_cfg.c **** 
  85:.\Generated_Source\PSoC4/cyfitter_cfg.c **** #ifdef CY_NEED_CYCLOCKSTARTUPERROR
  86:.\Generated_Source\PSoC4/cyfitter_cfg.c **** /*******************************************************************************
  87:.\Generated_Source\PSoC4/cyfitter_cfg.c **** * Function Name: CyClockStartupError
  88:.\Generated_Source\PSoC4/cyfitter_cfg.c **** ********************************************************************************
  89:.\Generated_Source\PSoC4/cyfitter_cfg.c **** * Summary:
  90:.\Generated_Source\PSoC4/cyfitter_cfg.c **** *  If an error is encountered during clock configuration (crystal startup error,
  91:.\Generated_Source\PSoC4/cyfitter_cfg.c **** *  PLL lock error, etc.), the system will end up here.  Unless reimplemented by
  92:.\Generated_Source\PSoC4/cyfitter_cfg.c **** *  the customer, this function will stop in an infinite loop.
  93:.\Generated_Source\PSoC4/cyfitter_cfg.c **** *
  94:.\Generated_Source\PSoC4/cyfitter_cfg.c **** * Parameters:
  95:.\Generated_Source\PSoC4/cyfitter_cfg.c **** *   void
  96:.\Generated_Source\PSoC4/cyfitter_cfg.c **** *
  97:.\Generated_Source\PSoC4/cyfitter_cfg.c **** * Return:
  98:.\Generated_Source\PSoC4/cyfitter_cfg.c **** *   void
ARM GAS  C:\Users\PC69\AppData\Local\Temp\cc1YaySt.s 			page 5


  99:.\Generated_Source\PSoC4/cyfitter_cfg.c **** *
 100:.\Generated_Source\PSoC4/cyfitter_cfg.c **** *******************************************************************************/
 101:.\Generated_Source\PSoC4/cyfitter_cfg.c **** CY_CFG_UNUSED
 102:.\Generated_Source\PSoC4/cyfitter_cfg.c **** static void CyClockStartupError(uint8 errorCode);
 103:.\Generated_Source\PSoC4/cyfitter_cfg.c **** CY_CFG_UNUSED
 104:.\Generated_Source\PSoC4/cyfitter_cfg.c **** static void CyClockStartupError(uint8 errorCode)
 105:.\Generated_Source\PSoC4/cyfitter_cfg.c **** {
 106:.\Generated_Source\PSoC4/cyfitter_cfg.c ****     /* To remove the compiler warning if errorCode not used.                */
 107:.\Generated_Source\PSoC4/cyfitter_cfg.c ****     errorCode = errorCode;
 108:.\Generated_Source\PSoC4/cyfitter_cfg.c **** 
 109:.\Generated_Source\PSoC4/cyfitter_cfg.c ****     /* `#START CyClockStartupError` */
 110:.\Generated_Source\PSoC4/cyfitter_cfg.c **** 
 111:.\Generated_Source\PSoC4/cyfitter_cfg.c ****     /* If we have a clock startup error (bad MHz crystal, PLL lock, etc.),  */
 112:.\Generated_Source\PSoC4/cyfitter_cfg.c ****     /* we will end up here to allow the customer to implement something to  */
 113:.\Generated_Source\PSoC4/cyfitter_cfg.c ****     /* deal with the clock condition.                                       */
 114:.\Generated_Source\PSoC4/cyfitter_cfg.c **** 
 115:.\Generated_Source\PSoC4/cyfitter_cfg.c ****     /* `#END` */
 116:.\Generated_Source\PSoC4/cyfitter_cfg.c **** 
 117:.\Generated_Source\PSoC4/cyfitter_cfg.c ****     /* If nothing else, stop here since the clocks have not started         */
 118:.\Generated_Source\PSoC4/cyfitter_cfg.c ****     /* correctly.                                                           */
 119:.\Generated_Source\PSoC4/cyfitter_cfg.c ****     while(1) {}
 120:.\Generated_Source\PSoC4/cyfitter_cfg.c **** }
 121:.\Generated_Source\PSoC4/cyfitter_cfg.c **** #endif
 122:.\Generated_Source\PSoC4/cyfitter_cfg.c **** 
 123:.\Generated_Source\PSoC4/cyfitter_cfg.c **** #define CY_CFG_BASE_ADDR_COUNT 3u
 124:.\Generated_Source\PSoC4/cyfitter_cfg.c **** CYPACKED typedef struct
 125:.\Generated_Source\PSoC4/cyfitter_cfg.c **** {
 126:.\Generated_Source\PSoC4/cyfitter_cfg.c **** 	uint8 offset;
 127:.\Generated_Source\PSoC4/cyfitter_cfg.c **** 	uint8 value;
 128:.\Generated_Source\PSoC4/cyfitter_cfg.c **** } CYPACKED_ATTR cy_cfg_addrvalue_t;
 129:.\Generated_Source\PSoC4/cyfitter_cfg.c **** 
 130:.\Generated_Source\PSoC4/cyfitter_cfg.c **** 
 131:.\Generated_Source\PSoC4/cyfitter_cfg.c **** 
 132:.\Generated_Source\PSoC4/cyfitter_cfg.c **** /*******************************************************************************
 133:.\Generated_Source\PSoC4/cyfitter_cfg.c **** * Function Name: cfg_write_bytes32
 134:.\Generated_Source\PSoC4/cyfitter_cfg.c **** ********************************************************************************
 135:.\Generated_Source\PSoC4/cyfitter_cfg.c **** * Summary:
 136:.\Generated_Source\PSoC4/cyfitter_cfg.c **** *  This function is used for setting up the chip configuration areas that
 137:.\Generated_Source\PSoC4/cyfitter_cfg.c **** *  contain relatively sparse data.
 138:.\Generated_Source\PSoC4/cyfitter_cfg.c **** *
 139:.\Generated_Source\PSoC4/cyfitter_cfg.c **** * Parameters:
 140:.\Generated_Source\PSoC4/cyfitter_cfg.c **** *   void
 141:.\Generated_Source\PSoC4/cyfitter_cfg.c **** *
 142:.\Generated_Source\PSoC4/cyfitter_cfg.c **** * Return:
 143:.\Generated_Source\PSoC4/cyfitter_cfg.c **** *   void
 144:.\Generated_Source\PSoC4/cyfitter_cfg.c **** *
 145:.\Generated_Source\PSoC4/cyfitter_cfg.c **** *******************************************************************************/
 146:.\Generated_Source\PSoC4/cyfitter_cfg.c **** static void cfg_write_bytes32(const uint32 addr_table[], const cy_cfg_addrvalue_t data_table[]);
 147:.\Generated_Source\PSoC4/cyfitter_cfg.c **** static void cfg_write_bytes32(const uint32 addr_table[], const cy_cfg_addrvalue_t data_table[])
 148:.\Generated_Source\PSoC4/cyfitter_cfg.c **** {
 131              		.loc 1 148 0
 132              		.cfi_startproc
 133 0000 80B5     		push	{r7, lr}
 134              		.cfi_def_cfa_offset 8
 135              		.cfi_offset 7, -8
 136              		.cfi_offset 14, -4
 137 0002 86B0     		sub	sp, sp, #24
ARM GAS  C:\Users\PC69\AppData\Local\Temp\cc1YaySt.s 			page 6


 138              		.cfi_def_cfa_offset 32
 139 0004 00AF     		add	r7, sp, #0
 140              		.cfi_def_cfa_register 7
 141 0006 7860     		str	r0, [r7, #4]
 142 0008 3960     		str	r1, [r7]
 149:.\Generated_Source\PSoC4/cyfitter_cfg.c **** 	/* For 32-bit little-endian architectures */
 150:.\Generated_Source\PSoC4/cyfitter_cfg.c **** 	uint32 i, j = 0u;
 143              		.loc 1 150 0
 144 000a 0023     		mov	r3, #0
 145 000c 3B61     		str	r3, [r7, #16]
 151:.\Generated_Source\PSoC4/cyfitter_cfg.c **** 	for (i = 0u; i < CY_CFG_BASE_ADDR_COUNT; i++)
 146              		.loc 1 151 0
 147 000e 0023     		mov	r3, #0
 148 0010 7B61     		str	r3, [r7, #20]
 149 0012 2FE0     		b	.L5
 150              	.L8:
 151              	.LBB2:
 152:.\Generated_Source\PSoC4/cyfitter_cfg.c **** 	{
 153:.\Generated_Source\PSoC4/cyfitter_cfg.c **** 		uint32 baseAddr = addr_table[i];
 152              		.loc 1 153 0
 153 0014 7B69     		ldr	r3, [r7, #20]
 154 0016 9B00     		lsl	r3, r3, #2
 155 0018 7A68     		ldr	r2, [r7, #4]
 156 001a D318     		add	r3, r2, r3
 157 001c 1B68     		ldr	r3, [r3]
 158 001e BB60     		str	r3, [r7, #8]
 154:.\Generated_Source\PSoC4/cyfitter_cfg.c **** 		uint8 count = (uint8)baseAddr;
 159              		.loc 1 154 0
 160 0020 0F23     		mov	r3, #15
 161 0022 FB18     		add	r3, r7, r3
 162 0024 BA68     		ldr	r2, [r7, #8]
 163 0026 1A70     		strb	r2, [r3]
 155:.\Generated_Source\PSoC4/cyfitter_cfg.c **** 		baseAddr &= 0xFFFFFF00u;
 164              		.loc 1 155 0
 165 0028 BB68     		ldr	r3, [r7, #8]
 166 002a FF22     		mov	r2, #255
 167 002c 9343     		bic	r3, r2
 168 002e BB60     		str	r3, [r7, #8]
 156:.\Generated_Source\PSoC4/cyfitter_cfg.c **** 		while (count != 0u)
 169              		.loc 1 156 0
 170 0030 18E0     		b	.L6
 171              	.L7:
 157:.\Generated_Source\PSoC4/cyfitter_cfg.c **** 		{
 158:.\Generated_Source\PSoC4/cyfitter_cfg.c **** 			CY_SET_XTND_REG8((void CYFAR *)(baseAddr + data_table[j].offset), data_table[j].value);
 172              		.loc 1 158 0
 173 0032 3B69     		ldr	r3, [r7, #16]
 174 0034 5B00     		lsl	r3, r3, #1
 175 0036 3A68     		ldr	r2, [r7]
 176 0038 D318     		add	r3, r2, r3
 177 003a 1B78     		ldrb	r3, [r3]
 178 003c 1A1C     		mov	r2, r3
 179 003e BB68     		ldr	r3, [r7, #8]
 180 0040 D318     		add	r3, r2, r3
 181 0042 191C     		mov	r1, r3
 182 0044 3B69     		ldr	r3, [r7, #16]
 183 0046 5B00     		lsl	r3, r3, #1
 184 0048 3A68     		ldr	r2, [r7]
ARM GAS  C:\Users\PC69\AppData\Local\Temp\cc1YaySt.s 			page 7


 185 004a D318     		add	r3, r2, r3
 186 004c 5B78     		ldrb	r3, [r3, #1]
 187 004e 0B70     		strb	r3, [r1]
 159:.\Generated_Source\PSoC4/cyfitter_cfg.c **** 			j++;
 188              		.loc 1 159 0
 189 0050 3B69     		ldr	r3, [r7, #16]
 190 0052 0133     		add	r3, r3, #1
 191 0054 3B61     		str	r3, [r7, #16]
 160:.\Generated_Source\PSoC4/cyfitter_cfg.c **** 			count--;
 192              		.loc 1 160 0
 193 0056 0F23     		mov	r3, #15
 194 0058 FB18     		add	r3, r7, r3
 195 005a 1A78     		ldrb	r2, [r3]
 196 005c 0F23     		mov	r3, #15
 197 005e FB18     		add	r3, r7, r3
 198 0060 013A     		sub	r2, r2, #1
 199 0062 1A70     		strb	r2, [r3]
 200              	.L6:
 156:.\Generated_Source\PSoC4/cyfitter_cfg.c **** 		{
 201              		.loc 1 156 0
 202 0064 0F23     		mov	r3, #15
 203 0066 FB18     		add	r3, r7, r3
 204 0068 1B78     		ldrb	r3, [r3]
 205 006a 002B     		cmp	r3, #0
 206 006c E1D1     		bne	.L7
 207              	.LBE2:
 151:.\Generated_Source\PSoC4/cyfitter_cfg.c **** 	{
 208              		.loc 1 151 0 discriminator 2
 209 006e 7B69     		ldr	r3, [r7, #20]
 210 0070 0133     		add	r3, r3, #1
 211 0072 7B61     		str	r3, [r7, #20]
 212              	.L5:
 151:.\Generated_Source\PSoC4/cyfitter_cfg.c **** 	{
 213              		.loc 1 151 0 is_stmt 0 discriminator 1
 214 0074 7B69     		ldr	r3, [r7, #20]
 215 0076 022B     		cmp	r3, #2
 216 0078 CCD9     		bls	.L8
 161:.\Generated_Source\PSoC4/cyfitter_cfg.c **** 		}
 162:.\Generated_Source\PSoC4/cyfitter_cfg.c **** 	}
 163:.\Generated_Source\PSoC4/cyfitter_cfg.c **** }
 217              		.loc 1 163 0 is_stmt 1
 218 007a BD46     		mov	sp, r7
 219 007c 06B0     		add	sp, sp, #24
 220              		@ sp needed
 221 007e 80BD     		pop	{r7, pc}
 222              		.cfi_endproc
 223              	.LFE3:
 224              		.size	cfg_write_bytes32, .-cfg_write_bytes32
 225              		.section	.psocinit,"ax",%progbits
 226              		.align	2
 227              		.code	16
 228              		.thumb_func
 229              		.type	ClockSetup, %function
 230              	ClockSetup:
 231              	.LFB4:
 164:.\Generated_Source\PSoC4/cyfitter_cfg.c **** 
 165:.\Generated_Source\PSoC4/cyfitter_cfg.c **** 
ARM GAS  C:\Users\PC69\AppData\Local\Temp\cc1YaySt.s 			page 8


 166:.\Generated_Source\PSoC4/cyfitter_cfg.c **** /*******************************************************************************
 167:.\Generated_Source\PSoC4/cyfitter_cfg.c **** * Function Name: ClockSetup
 168:.\Generated_Source\PSoC4/cyfitter_cfg.c **** ********************************************************************************
 169:.\Generated_Source\PSoC4/cyfitter_cfg.c **** *
 170:.\Generated_Source\PSoC4/cyfitter_cfg.c **** * Summary:
 171:.\Generated_Source\PSoC4/cyfitter_cfg.c **** *   Performs the initialization of all of the clocks in the device based on the
 172:.\Generated_Source\PSoC4/cyfitter_cfg.c **** *   settings in the Clock tab of the DWR.  This includes enabling the requested
 173:.\Generated_Source\PSoC4/cyfitter_cfg.c **** *   clocks and setting the necessary dividers to produce the desired frequency. 
 174:.\Generated_Source\PSoC4/cyfitter_cfg.c **** *
 175:.\Generated_Source\PSoC4/cyfitter_cfg.c **** * Parameters:
 176:.\Generated_Source\PSoC4/cyfitter_cfg.c **** *   void
 177:.\Generated_Source\PSoC4/cyfitter_cfg.c **** *
 178:.\Generated_Source\PSoC4/cyfitter_cfg.c **** * Return:
 179:.\Generated_Source\PSoC4/cyfitter_cfg.c **** *   void
 180:.\Generated_Source\PSoC4/cyfitter_cfg.c **** *
 181:.\Generated_Source\PSoC4/cyfitter_cfg.c **** *******************************************************************************/
 182:.\Generated_Source\PSoC4/cyfitter_cfg.c **** static void ClockSetup(void);
 183:.\Generated_Source\PSoC4/cyfitter_cfg.c **** CY_CFG_SECTION
 184:.\Generated_Source\PSoC4/cyfitter_cfg.c **** static void ClockSetup(void)
 185:.\Generated_Source\PSoC4/cyfitter_cfg.c **** {
 232              		.loc 1 185 0
 233              		.cfi_startproc
 234 0000 80B5     		push	{r7, lr}
 235              		.cfi_def_cfa_offset 8
 236              		.cfi_offset 7, -8
 237              		.cfi_offset 14, -4
 238 0002 00AF     		add	r7, sp, #0
 239              		.cfi_def_cfa_register 7
 186:.\Generated_Source\PSoC4/cyfitter_cfg.c **** 	/* Enable HALF_EN before trimming for the flash accelerator. */
 187:.\Generated_Source\PSoC4/cyfitter_cfg.c **** 	CY_SET_REG32((void CYXDATA *)(CYREG_CLK_SELECT), (CY_GET_REG32((void *)CYREG_CLK_SELECT) | 0x00040
 240              		.loc 1 187 0
 241 0004 144B     		ldr	r3, .L10
 242 0006 144A     		ldr	r2, .L10
 243 0008 1268     		ldr	r2, [r2]
 244 000a 8021     		mov	r1, #128
 245 000c C902     		lsl	r1, r1, #11
 246 000e 0A43     		orr	r2, r1
 247 0010 1A60     		str	r2, [r3]
 188:.\Generated_Source\PSoC4/cyfitter_cfg.c **** 
 189:.\Generated_Source\PSoC4/cyfitter_cfg.c **** 	/* Setup and trim IMO based on desired frequency. */
 190:.\Generated_Source\PSoC4/cyfitter_cfg.c **** 	CySysClkWriteImoFreq(3u);
 248              		.loc 1 190 0
 249 0012 0320     		mov	r0, #3
 250 0014 FFF7FEFF 		bl	CySysClkWriteImoFreq
 191:.\Generated_Source\PSoC4/cyfitter_cfg.c **** 
 192:.\Generated_Source\PSoC4/cyfitter_cfg.c **** 	/* Disable HALF_EN since it is not required at this IMO frequency. */
 193:.\Generated_Source\PSoC4/cyfitter_cfg.c **** 	CY_SET_REG32((void CYXDATA *)(CYREG_CLK_SELECT), (CY_GET_REG32((void *)CYREG_CLK_SELECT) & 0xFFFBF
 251              		.loc 1 193 0
 252 0018 0F4B     		ldr	r3, .L10
 253 001a 0F4A     		ldr	r2, .L10
 254 001c 1268     		ldr	r2, [r2]
 255 001e 0F49     		ldr	r1, .L10+4
 256 0020 0A40     		and	r2, r1
 257 0022 1A60     		str	r2, [r3]
 194:.\Generated_Source\PSoC4/cyfitter_cfg.c **** 	/* CYDEV_CLK_ILO_CONFIG Starting address: CYDEV_CLK_ILO_CONFIG */
 195:.\Generated_Source\PSoC4/cyfitter_cfg.c **** 	CY_SET_XTND_REG32((void CYFAR *)(CYREG_CLK_ILO_CONFIG), 0x80000006u);
 258              		.loc 1 195 0
ARM GAS  C:\Users\PC69\AppData\Local\Temp\cc1YaySt.s 			page 9


 259 0024 0E4B     		ldr	r3, .L10+8
 260 0026 0F4A     		ldr	r2, .L10+12
 261 0028 1A60     		str	r2, [r3]
 196:.\Generated_Source\PSoC4/cyfitter_cfg.c **** 
 197:.\Generated_Source\PSoC4/cyfitter_cfg.c **** 
 198:.\Generated_Source\PSoC4/cyfitter_cfg.c **** 	/* CYDEV_CLK_SELECT00 Starting address: CYDEV_CLK_SELECT00 */
 199:.\Generated_Source\PSoC4/cyfitter_cfg.c **** 	CY_SET_XTND_REG32((void CYFAR *)(CYREG_CLK_SELECT03), 0x00000010u);
 262              		.loc 1 199 0
 263 002a 0F4B     		ldr	r3, .L10+16
 264 002c 1022     		mov	r2, #16
 265 002e 1A60     		str	r2, [r3]
 200:.\Generated_Source\PSoC4/cyfitter_cfg.c **** 	CY_SET_XTND_REG32((void CYFAR *)(CYREG_CLK_SELECT07), 0x00000020u);
 266              		.loc 1 200 0
 267 0030 0E4B     		ldr	r3, .L10+20
 268 0032 2022     		mov	r2, #32
 269 0034 1A60     		str	r2, [r3]
 201:.\Generated_Source\PSoC4/cyfitter_cfg.c **** 
 202:.\Generated_Source\PSoC4/cyfitter_cfg.c **** 	/* CYDEV_CLK_IMO_CONFIG Starting address: CYDEV_CLK_IMO_CONFIG */
 203:.\Generated_Source\PSoC4/cyfitter_cfg.c **** 	CY_SET_XTND_REG32((void CYFAR *)(CYREG_CLK_IMO_CONFIG), 0xA6000000u);
 270              		.loc 1 203 0
 271 0036 0E4B     		ldr	r3, .L10+24
 272 0038 A622     		mov	r2, #166
 273 003a 1206     		lsl	r2, r2, #24
 274 003c 1A60     		str	r2, [r3]
 204:.\Generated_Source\PSoC4/cyfitter_cfg.c **** 
 205:.\Generated_Source\PSoC4/cyfitter_cfg.c **** 	/* CYDEV_CLK_DIVIDER_A00 Starting address: CYDEV_CLK_DIVIDER_A00 */
 206:.\Generated_Source\PSoC4/cyfitter_cfg.c **** 	CY_SET_XTND_REG32((void CYFAR *)(CYREG_CLK_DIVIDER_A00), 0x80000000u);
 275              		.loc 1 206 0
 276 003e 0D4B     		ldr	r3, .L10+28
 277 0040 8022     		mov	r2, #128
 278 0042 1206     		lsl	r2, r2, #24
 279 0044 1A60     		str	r2, [r3]
 207:.\Generated_Source\PSoC4/cyfitter_cfg.c **** 
 208:.\Generated_Source\PSoC4/cyfitter_cfg.c **** 	/* CYDEV_CLK_DIVIDER_B00 Starting address: CYDEV_CLK_DIVIDER_B00 */
 209:.\Generated_Source\PSoC4/cyfitter_cfg.c **** 	CY_SET_XTND_REG32((void CYFAR *)(CYREG_CLK_DIVIDER_B00), 0x80000001u);
 280              		.loc 1 209 0
 281 0046 0C4B     		ldr	r3, .L10+32
 282 0048 0C4A     		ldr	r2, .L10+36
 283 004a 1A60     		str	r2, [r3]
 210:.\Generated_Source\PSoC4/cyfitter_cfg.c **** 
 211:.\Generated_Source\PSoC4/cyfitter_cfg.c **** 	CY_SET_XTND_REG32((void CYFAR *)(CYREG_WDT_CONFIG), 0x00000000u);
 284              		.loc 1 211 0
 285 004c 0C4B     		ldr	r3, .L10+40
 286 004e 0022     		mov	r2, #0
 287 0050 1A60     		str	r2, [r3]
 212:.\Generated_Source\PSoC4/cyfitter_cfg.c **** }
 288              		.loc 1 212 0
 289 0052 BD46     		mov	sp, r7
 290              		@ sp needed
 291 0054 80BD     		pop	{r7, pc}
 292              	.L11:
 293 0056 C046     		.align	2
 294              	.L10:
 295 0058 00010B40 		.word	1074462976
 296 005c FFFFFBFF 		.word	-262145
 297 0060 04010B40 		.word	1074462980
 298 0064 06000080 		.word	-2147483642
ARM GAS  C:\Users\PC69\AppData\Local\Temp\cc1YaySt.s 			page 10


 299 0068 0C020240 		.word	1073873420
 300 006c 1C020240 		.word	1073873436
 301 0070 08010B40 		.word	1074462984
 302 0074 00000240 		.word	1073872896
 303 0078 40000240 		.word	1073872960
 304 007c 01000080 		.word	-2147483647
 305 0080 0C020B40 		.word	1074463244
 306              		.cfi_endproc
 307              	.LFE4:
 308              		.size	ClockSetup, .-ClockSetup
 309              		.section	.text.AnalogSetDefault,"ax",%progbits
 310              		.align	2
 311              		.code	16
 312              		.thumb_func
 313              		.type	AnalogSetDefault, %function
 314              	AnalogSetDefault:
 315              	.LFB5:
 213:.\Generated_Source\PSoC4/cyfitter_cfg.c **** 
 214:.\Generated_Source\PSoC4/cyfitter_cfg.c **** 
 215:.\Generated_Source\PSoC4/cyfitter_cfg.c **** /* Analog API Functions */
 216:.\Generated_Source\PSoC4/cyfitter_cfg.c **** 
 217:.\Generated_Source\PSoC4/cyfitter_cfg.c **** 
 218:.\Generated_Source\PSoC4/cyfitter_cfg.c **** /*******************************************************************************
 219:.\Generated_Source\PSoC4/cyfitter_cfg.c **** * Function Name: AnalogSetDefault
 220:.\Generated_Source\PSoC4/cyfitter_cfg.c **** ********************************************************************************
 221:.\Generated_Source\PSoC4/cyfitter_cfg.c **** *
 222:.\Generated_Source\PSoC4/cyfitter_cfg.c **** * Summary:
 223:.\Generated_Source\PSoC4/cyfitter_cfg.c **** *  Sets up the analog portions of the chip to default values based on chip
 224:.\Generated_Source\PSoC4/cyfitter_cfg.c **** *  configuration options from the project.
 225:.\Generated_Source\PSoC4/cyfitter_cfg.c **** *
 226:.\Generated_Source\PSoC4/cyfitter_cfg.c **** * Parameters:
 227:.\Generated_Source\PSoC4/cyfitter_cfg.c **** *  void
 228:.\Generated_Source\PSoC4/cyfitter_cfg.c **** *
 229:.\Generated_Source\PSoC4/cyfitter_cfg.c **** * Return:
 230:.\Generated_Source\PSoC4/cyfitter_cfg.c **** *  void
 231:.\Generated_Source\PSoC4/cyfitter_cfg.c **** *
 232:.\Generated_Source\PSoC4/cyfitter_cfg.c **** *******************************************************************************/
 233:.\Generated_Source\PSoC4/cyfitter_cfg.c **** static void AnalogSetDefault(void);
 234:.\Generated_Source\PSoC4/cyfitter_cfg.c **** static void AnalogSetDefault(void)
 235:.\Generated_Source\PSoC4/cyfitter_cfg.c **** {
 316              		.loc 1 235 0
 317              		.cfi_startproc
 318 0000 80B5     		push	{r7, lr}
 319              		.cfi_def_cfa_offset 8
 320              		.cfi_offset 7, -8
 321              		.cfi_offset 14, -4
 322 0002 00AF     		add	r7, sp, #0
 323              		.cfi_def_cfa_register 7
 236:.\Generated_Source\PSoC4/cyfitter_cfg.c **** 	CY_SET_XTND_REG32((void CYFAR *)CYREG_SAR_MUX_SWITCH0, 0x000000FFu);
 324              		.loc 1 236 0
 325 0004 034B     		ldr	r3, .L13
 326 0006 FF22     		mov	r2, #255
 327 0008 1A60     		str	r2, [r3]
 237:.\Generated_Source\PSoC4/cyfitter_cfg.c **** 	CY_SET_XTND_REG32((void CYFAR *)CYREG_SAR_MUX_SWITCH_HW_CTRL, 0x000000FFu);
 328              		.loc 1 237 0
 329 000a 034B     		ldr	r3, .L13+4
 330 000c FF22     		mov	r2, #255
ARM GAS  C:\Users\PC69\AppData\Local\Temp\cc1YaySt.s 			page 11


 331 000e 1A60     		str	r2, [r3]
 238:.\Generated_Source\PSoC4/cyfitter_cfg.c **** }
 332              		.loc 1 238 0
 333 0010 BD46     		mov	sp, r7
 334              		@ sp needed
 335 0012 80BD     		pop	{r7, pc}
 336              	.L14:
 337              		.align	2
 338              	.L13:
 339 0014 00031A40 		.word	1075446528
 340 0018 40031A40 		.word	1075446592
 341              		.cfi_endproc
 342              	.LFE5:
 343              		.size	AnalogSetDefault, .-AnalogSetDefault
 344              		.section	.psocinit
 345              		.align	2
 346              		.global	cyfitter_cfg
 347              		.code	16
 348              		.thumb_func
 349              		.type	cyfitter_cfg, %function
 350              	cyfitter_cfg:
 351              	.LFB6:
 239:.\Generated_Source\PSoC4/cyfitter_cfg.c **** 
 240:.\Generated_Source\PSoC4/cyfitter_cfg.c **** #define CY_AMUX_UNUSED CYREG_CM0_ROM_DWT
 241:.\Generated_Source\PSoC4/cyfitter_cfg.c **** 
 242:.\Generated_Source\PSoC4/cyfitter_cfg.c **** 
 243:.\Generated_Source\PSoC4/cyfitter_cfg.c **** /*******************************************************************************
 244:.\Generated_Source\PSoC4/cyfitter_cfg.c **** * Function Name: cyfitter_cfg
 245:.\Generated_Source\PSoC4/cyfitter_cfg.c **** ********************************************************************************
 246:.\Generated_Source\PSoC4/cyfitter_cfg.c **** * Summary:
 247:.\Generated_Source\PSoC4/cyfitter_cfg.c **** *  This function is called by the start-up code for the selected device. It
 248:.\Generated_Source\PSoC4/cyfitter_cfg.c **** *  performs all of the necessary device configuration based on the design
 249:.\Generated_Source\PSoC4/cyfitter_cfg.c **** *  settings.  This includes settings from the Design Wide Resources (DWR) such
 250:.\Generated_Source\PSoC4/cyfitter_cfg.c **** *  as Clocks and Pins as well as any component configuration that is necessary.
 251:.\Generated_Source\PSoC4/cyfitter_cfg.c **** *
 252:.\Generated_Source\PSoC4/cyfitter_cfg.c **** * Parameters:  
 253:.\Generated_Source\PSoC4/cyfitter_cfg.c **** *   void
 254:.\Generated_Source\PSoC4/cyfitter_cfg.c **** *
 255:.\Generated_Source\PSoC4/cyfitter_cfg.c **** * Return:
 256:.\Generated_Source\PSoC4/cyfitter_cfg.c **** *   void
 257:.\Generated_Source\PSoC4/cyfitter_cfg.c **** *
 258:.\Generated_Source\PSoC4/cyfitter_cfg.c **** *******************************************************************************/
 259:.\Generated_Source\PSoC4/cyfitter_cfg.c **** CY_CFG_SECTION
 260:.\Generated_Source\PSoC4/cyfitter_cfg.c **** void cyfitter_cfg(void)
 261:.\Generated_Source\PSoC4/cyfitter_cfg.c **** {
 352              		.loc 1 261 0
 353              		.cfi_startproc
 354 0084 80B5     		push	{r7, lr}
 355              		.cfi_def_cfa_offset 8
 356              		.cfi_offset 7, -8
 357              		.cfi_offset 14, -4
 358 0086 82B0     		sub	sp, sp, #8
 359              		.cfi_def_cfa_offset 16
 360 0088 00AF     		add	r7, sp, #0
 361              		.cfi_def_cfa_register 7
 262:.\Generated_Source\PSoC4/cyfitter_cfg.c **** 	/* Disable interrupts by default. Let user enable if/when they want. */
 263:.\Generated_Source\PSoC4/cyfitter_cfg.c **** 	CyGlobalIntDisable;
ARM GAS  C:\Users\PC69\AppData\Local\Temp\cc1YaySt.s 			page 12


 362              		.loc 1 263 0
 363              	@ 263 ".\Generated_Source\PSoC4\cyfitter_cfg.c" 1
 364 008a 72B6     		CPSID   i
 365              	@ 0 "" 2
 366              		.code	16
 367              	.LBB3:
 264:.\Generated_Source\PSoC4/cyfitter_cfg.c **** 
 265:.\Generated_Source\PSoC4/cyfitter_cfg.c **** 	{
 266:.\Generated_Source\PSoC4/cyfitter_cfg.c **** 		static const uint32 CYCODE cy_cfg_addr_table[] = {
 267:.\Generated_Source\PSoC4/cyfitter_cfg.c **** 			0x400F3202u, /* Base address: 0x400F3200 Count: 2 */
 268:.\Generated_Source\PSoC4/cyfitter_cfg.c **** 			0x400F3309u, /* Base address: 0x400F3300 Count: 9 */
 269:.\Generated_Source\PSoC4/cyfitter_cfg.c **** 			0x400F410Eu, /* Base address: 0x400F4100 Count: 14 */
 270:.\Generated_Source\PSoC4/cyfitter_cfg.c **** 		};
 271:.\Generated_Source\PSoC4/cyfitter_cfg.c **** 
 272:.\Generated_Source\PSoC4/cyfitter_cfg.c **** 		static const cy_cfg_addrvalue_t CYCODE cy_cfg_data_table[] = {
 273:.\Generated_Source\PSoC4/cyfitter_cfg.c **** 			{0x5Bu, 0x04u},
 274:.\Generated_Source\PSoC4/cyfitter_cfg.c **** 			{0x5Fu, 0x01u},
 275:.\Generated_Source\PSoC4/cyfitter_cfg.c **** 			{0x6Cu, 0x20u},
 276:.\Generated_Source\PSoC4/cyfitter_cfg.c **** 			{0x6Fu, 0x8Au},
 277:.\Generated_Source\PSoC4/cyfitter_cfg.c **** 			{0x75u, 0x40u},
 278:.\Generated_Source\PSoC4/cyfitter_cfg.c **** 			{0x83u, 0x80u},
 279:.\Generated_Source\PSoC4/cyfitter_cfg.c **** 			{0x85u, 0x40u},
 280:.\Generated_Source\PSoC4/cyfitter_cfg.c **** 			{0x8Cu, 0x20u},
 281:.\Generated_Source\PSoC4/cyfitter_cfg.c **** 			{0x8Fu, 0x0Au},
 282:.\Generated_Source\PSoC4/cyfitter_cfg.c **** 			{0xE2u, 0x10u},
 283:.\Generated_Source\PSoC4/cyfitter_cfg.c **** 			{0xE6u, 0x50u},
 284:.\Generated_Source\PSoC4/cyfitter_cfg.c **** 			{0x50u, 0x04u},
 285:.\Generated_Source\PSoC4/cyfitter_cfg.c **** 			{0x59u, 0x80u},
 286:.\Generated_Source\PSoC4/cyfitter_cfg.c **** 			{0x63u, 0x02u},
 287:.\Generated_Source\PSoC4/cyfitter_cfg.c **** 			{0x66u, 0x04u},
 288:.\Generated_Source\PSoC4/cyfitter_cfg.c **** 			{0x67u, 0x02u},
 289:.\Generated_Source\PSoC4/cyfitter_cfg.c **** 			{0x83u, 0x01u},
 290:.\Generated_Source\PSoC4/cyfitter_cfg.c **** 			{0x87u, 0x01u},
 291:.\Generated_Source\PSoC4/cyfitter_cfg.c **** 			{0x8Cu, 0x04u},
 292:.\Generated_Source\PSoC4/cyfitter_cfg.c **** 			{0x8Du, 0x80u},
 293:.\Generated_Source\PSoC4/cyfitter_cfg.c **** 			{0x8Eu, 0x04u},
 294:.\Generated_Source\PSoC4/cyfitter_cfg.c **** 			{0xD4u, 0xA0u},
 295:.\Generated_Source\PSoC4/cyfitter_cfg.c **** 			{0xD6u, 0xC0u},
 296:.\Generated_Source\PSoC4/cyfitter_cfg.c **** 			{0xD8u, 0x80u},
 297:.\Generated_Source\PSoC4/cyfitter_cfg.c **** 			{0xE6u, 0x30u},
 298:.\Generated_Source\PSoC4/cyfitter_cfg.c **** 		};
 299:.\Generated_Source\PSoC4/cyfitter_cfg.c **** 
 300:.\Generated_Source\PSoC4/cyfitter_cfg.c **** 
 301:.\Generated_Source\PSoC4/cyfitter_cfg.c **** 
 302:.\Generated_Source\PSoC4/cyfitter_cfg.c **** 		CYPACKED typedef struct {
 303:.\Generated_Source\PSoC4/cyfitter_cfg.c **** 			void CYFAR *address;
 304:.\Generated_Source\PSoC4/cyfitter_cfg.c **** 			uint16 size;
 305:.\Generated_Source\PSoC4/cyfitter_cfg.c **** 		} CYPACKED_ATTR cfg_memset_t;
 306:.\Generated_Source\PSoC4/cyfitter_cfg.c **** 
 307:.\Generated_Source\PSoC4/cyfitter_cfg.c **** 		static const cfg_memset_t CYCODE cfg_memset_list [] = {
 308:.\Generated_Source\PSoC4/cyfitter_cfg.c **** 			/* address, size */
 309:.\Generated_Source\PSoC4/cyfitter_cfg.c **** 			{(void CYFAR *)(CYDEV_UDB_P0_U0_BASE), 1024u},
 310:.\Generated_Source\PSoC4/cyfitter_cfg.c **** 			{(void CYFAR *)(CYDEV_UDB_DSI0_BASE), 1024u},
 311:.\Generated_Source\PSoC4/cyfitter_cfg.c **** 		};
 312:.\Generated_Source\PSoC4/cyfitter_cfg.c **** 
 313:.\Generated_Source\PSoC4/cyfitter_cfg.c **** 		uint8 CYDATA i;
 314:.\Generated_Source\PSoC4/cyfitter_cfg.c **** 
ARM GAS  C:\Users\PC69\AppData\Local\Temp\cc1YaySt.s 			page 13


 315:.\Generated_Source\PSoC4/cyfitter_cfg.c **** 		/* Zero out critical memory blocks before beginning configuration */
 316:.\Generated_Source\PSoC4/cyfitter_cfg.c **** 		for (i = 0u; i < (sizeof(cfg_memset_list)/sizeof(cfg_memset_list[0])); i++)
 368              		.loc 1 316 0
 369 008c FB1D     		add	r3, r7, #7
 370 008e 0022     		mov	r2, #0
 371 0090 1A70     		strb	r2, [r3]
 372 0092 23E0     		b	.L16
 373              	.L17:
 374              	.LBB4:
 317:.\Generated_Source\PSoC4/cyfitter_cfg.c **** 		{
 318:.\Generated_Source\PSoC4/cyfitter_cfg.c **** 			const cfg_memset_t CYCODE * CYDATA ms = &cfg_memset_list[i];
 375              		.loc 1 318 0 discriminator 3
 376 0094 FB1D     		add	r3, r7, #7
 377 0096 1A78     		ldrb	r2, [r3]
 378 0098 131C     		mov	r3, r2
 379 009a 5B00     		lsl	r3, r3, #1
 380 009c 9B18     		add	r3, r3, r2
 381 009e 5B00     		lsl	r3, r3, #1
 382 00a0 3F4A     		ldr	r2, .L18
 383 00a2 9B18     		add	r3, r3, r2
 384 00a4 3B60     		str	r3, [r7]
 319:.\Generated_Source\PSoC4/cyfitter_cfg.c **** 			CYMEMZERO(ms->address, (size_t)(uint32)(ms->size));
 385              		.loc 1 319 0 discriminator 3
 386 00a6 3B68     		ldr	r3, [r7]
 387 00a8 1A78     		ldrb	r2, [r3]
 388 00aa 5978     		ldrb	r1, [r3, #1]
 389 00ac 0902     		lsl	r1, r1, #8
 390 00ae 0A43     		orr	r2, r1
 391 00b0 9978     		ldrb	r1, [r3, #2]
 392 00b2 0904     		lsl	r1, r1, #16
 393 00b4 0A43     		orr	r2, r1
 394 00b6 DB78     		ldrb	r3, [r3, #3]
 395 00b8 1B06     		lsl	r3, r3, #24
 396 00ba 1343     		orr	r3, r2
 397 00bc 191C     		mov	r1, r3
 398 00be 3B68     		ldr	r3, [r7]
 399 00c0 1A79     		ldrb	r2, [r3, #4]
 400 00c2 5B79     		ldrb	r3, [r3, #5]
 401 00c4 1B02     		lsl	r3, r3, #8
 402 00c6 1343     		orr	r3, r2
 403 00c8 9BB2     		uxth	r3, r3
 404 00ca 081C     		mov	r0, r1
 405 00cc 191C     		mov	r1, r3
 406 00ce FFF7FEFF 		bl	CYMEMZERO
 407              	.LBE4:
 316:.\Generated_Source\PSoC4/cyfitter_cfg.c **** 		{
 408              		.loc 1 316 0 discriminator 3
 409 00d2 FB1D     		add	r3, r7, #7
 410 00d4 1A78     		ldrb	r2, [r3]
 411 00d6 FB1D     		add	r3, r7, #7
 412 00d8 0132     		add	r2, r2, #1
 413 00da 1A70     		strb	r2, [r3]
 414              	.L16:
 316:.\Generated_Source\PSoC4/cyfitter_cfg.c **** 		{
 415              		.loc 1 316 0 is_stmt 0 discriminator 1
 416 00dc FB1D     		add	r3, r7, #7
 417 00de 1B78     		ldrb	r3, [r3]
ARM GAS  C:\Users\PC69\AppData\Local\Temp\cc1YaySt.s 			page 14


 418 00e0 012B     		cmp	r3, #1
 419 00e2 D7D9     		bls	.L17
 320:.\Generated_Source\PSoC4/cyfitter_cfg.c **** 		}
 321:.\Generated_Source\PSoC4/cyfitter_cfg.c **** 
 322:.\Generated_Source\PSoC4/cyfitter_cfg.c **** 		cfg_write_bytes32(cy_cfg_addr_table, cy_cfg_data_table);
 420              		.loc 1 322 0 is_stmt 1
 421 00e4 2F4A     		ldr	r2, .L18+4
 422 00e6 304B     		ldr	r3, .L18+8
 423 00e8 101C     		mov	r0, r2
 424 00ea 191C     		mov	r1, r3
 425 00ec FFF7FEFF 		bl	cfg_write_bytes32
 323:.\Generated_Source\PSoC4/cyfitter_cfg.c **** 
 324:.\Generated_Source\PSoC4/cyfitter_cfg.c **** 		/* HSIOM Starting address: CYDEV_HSIOM_BASE */
 325:.\Generated_Source\PSoC4/cyfitter_cfg.c **** 		CY_SET_XTND_REG32((void CYFAR *)(CYDEV_HSIOM_BASE), 0x00EE0000u);
 426              		.loc 1 325 0
 427 00f0 2E4B     		ldr	r3, .L18+12
 428 00f2 EE22     		mov	r2, #238
 429 00f4 1204     		lsl	r2, r2, #16
 430 00f6 1A60     		str	r2, [r3]
 326:.\Generated_Source\PSoC4/cyfitter_cfg.c **** 		CY_SET_XTND_REG32((void CYFAR *)(CYREG_HSIOM_PORT_SEL1), 0x03333300u);
 431              		.loc 1 326 0
 432 00f8 2D4B     		ldr	r3, .L18+16
 433 00fa 2E4A     		ldr	r2, .L18+20
 434 00fc 1A60     		str	r2, [r3]
 327:.\Generated_Source\PSoC4/cyfitter_cfg.c **** 
 328:.\Generated_Source\PSoC4/cyfitter_cfg.c **** 		/* FORCED_HSIOM Starting address: CYDEV_HSIOM_PORT_SEL3 */
 329:.\Generated_Source\PSoC4/cyfitter_cfg.c **** 		CY_SET_XTND_REG32((void CYFAR *)(CYREG_HSIOM_PORT_SEL3), 0x00000000u);
 435              		.loc 1 329 0
 436 00fe 2E4B     		ldr	r3, .L18+24
 437 0100 0022     		mov	r2, #0
 438 0102 1A60     		str	r2, [r3]
 330:.\Generated_Source\PSoC4/cyfitter_cfg.c **** 
 331:.\Generated_Source\PSoC4/cyfitter_cfg.c **** 		/* UDB_PA_0 Starting address: CYDEV_UDB_PA0_BASE */
 332:.\Generated_Source\PSoC4/cyfitter_cfg.c **** 		CY_SET_XTND_REG32((void CYFAR *)(CYDEV_UDB_PA0_BASE), 0x00990000u);
 439              		.loc 1 332 0
 440 0104 2D4B     		ldr	r3, .L18+28
 441 0106 9922     		mov	r2, #153
 442 0108 1204     		lsl	r2, r2, #16
 443 010a 1A60     		str	r2, [r3]
 333:.\Generated_Source\PSoC4/cyfitter_cfg.c **** 
 334:.\Generated_Source\PSoC4/cyfitter_cfg.c **** 		/* UDB_PA_1 Starting address: CYDEV_UDB_PA1_BASE */
 335:.\Generated_Source\PSoC4/cyfitter_cfg.c **** 		CY_SET_XTND_REG32((void CYFAR *)(CYDEV_UDB_PA1_BASE), 0x00990000u);
 444              		.loc 1 335 0
 445 010c 2C4B     		ldr	r3, .L18+32
 446 010e 9922     		mov	r2, #153
 447 0110 1204     		lsl	r2, r2, #16
 448 0112 1A60     		str	r2, [r3]
 336:.\Generated_Source\PSoC4/cyfitter_cfg.c **** 		CY_SET_XTND_REG32((void CYFAR *)(CYREG_UDB_PA1_CFG8), 0x07200000u);
 449              		.loc 1 336 0
 450 0114 2B4B     		ldr	r3, .L18+36
 451 0116 E422     		mov	r2, #228
 452 0118 D204     		lsl	r2, r2, #19
 453 011a 1A60     		str	r2, [r3]
 337:.\Generated_Source\PSoC4/cyfitter_cfg.c **** 
 338:.\Generated_Source\PSoC4/cyfitter_cfg.c **** 		/* UDB_PA_2 Starting address: CYDEV_UDB_PA2_BASE */
 339:.\Generated_Source\PSoC4/cyfitter_cfg.c **** 		CY_SET_XTND_REG32((void CYFAR *)(CYDEV_UDB_PA2_BASE), 0x00990000u);
 454              		.loc 1 339 0
ARM GAS  C:\Users\PC69\AppData\Local\Temp\cc1YaySt.s 			page 15


 455 011c 2A4B     		ldr	r3, .L18+40
 456 011e 9922     		mov	r2, #153
 457 0120 1204     		lsl	r2, r2, #16
 458 0122 1A60     		str	r2, [r3]
 340:.\Generated_Source\PSoC4/cyfitter_cfg.c **** 
 341:.\Generated_Source\PSoC4/cyfitter_cfg.c **** 		/* UDB_PA_3 Starting address: CYDEV_UDB_PA3_BASE */
 342:.\Generated_Source\PSoC4/cyfitter_cfg.c **** 		CY_SET_XTND_REG32((void CYFAR *)(CYDEV_UDB_PA3_BASE), 0x00990000u);
 459              		.loc 1 342 0
 460 0124 294B     		ldr	r3, .L18+44
 461 0126 9922     		mov	r2, #153
 462 0128 1204     		lsl	r2, r2, #16
 463 012a 1A60     		str	r2, [r3]
 343:.\Generated_Source\PSoC4/cyfitter_cfg.c **** 
 344:.\Generated_Source\PSoC4/cyfitter_cfg.c **** 		/* Enable digital routing */
 345:.\Generated_Source\PSoC4/cyfitter_cfg.c **** 		CY_SET_XTND_REG8((void *)CYREG_UDB_UDBIF_BANK_CTL, CY_GET_XTND_REG8((void *)CYREG_UDB_UDBIF_BANK_
 464              		.loc 1 345 0
 465 012c 284A     		ldr	r2, .L18+48
 466 012e 284B     		ldr	r3, .L18+48
 467 0130 1B78     		ldrb	r3, [r3]
 468 0132 DBB2     		uxtb	r3, r3
 469 0134 0221     		mov	r1, #2
 470 0136 0B43     		orr	r3, r1
 471 0138 DBB2     		uxtb	r3, r3
 472 013a 1370     		strb	r3, [r2]
 346:.\Generated_Source\PSoC4/cyfitter_cfg.c **** 
 347:.\Generated_Source\PSoC4/cyfitter_cfg.c **** 		/* Enable UDB array */
 348:.\Generated_Source\PSoC4/cyfitter_cfg.c **** 		CY_SET_XTND_REG8((void *)CYREG_UDB_UDBIF_WAIT_CFG, (uint8)((CY_GET_XTND_REG8((void *)CYREG_UDB_UD
 473              		.loc 1 348 0
 474 013c 254A     		ldr	r2, .L18+52
 475 013e 254B     		ldr	r3, .L18+52
 476 0140 1B78     		ldrb	r3, [r3]
 477 0142 DBB2     		uxtb	r3, r3
 478 0144 3C21     		mov	r1, #60
 479 0146 8B43     		bic	r3, r1
 480 0148 DBB2     		uxtb	r3, r3
 481 014a 1421     		mov	r1, #20
 482 014c 0B43     		orr	r3, r1
 483 014e DBB2     		uxtb	r3, r3
 484 0150 1370     		strb	r3, [r2]
 349:.\Generated_Source\PSoC4/cyfitter_cfg.c **** 		CY_SET_XTND_REG8((void *)CYREG_UDB_UDBIF_BANK_CTL, (uint8)(CY_GET_XTND_REG8((void *)CYREG_UDB_UDB
 485              		.loc 1 349 0
 486 0152 1F4A     		ldr	r2, .L18+48
 487 0154 1E4B     		ldr	r3, .L18+48
 488 0156 1B78     		ldrb	r3, [r3]
 489 0158 DBB2     		uxtb	r3, r3
 490 015a 1621     		mov	r1, #22
 491 015c 0B43     		orr	r3, r1
 492 015e DBB2     		uxtb	r3, r3
 493 0160 1370     		strb	r3, [r2]
 494              	.LBE3:
 350:.\Generated_Source\PSoC4/cyfitter_cfg.c **** 	}
 351:.\Generated_Source\PSoC4/cyfitter_cfg.c **** 
 352:.\Generated_Source\PSoC4/cyfitter_cfg.c **** 	/* Perform second pass device configuration. These items must be configured in specific order afte
 353:.\Generated_Source\PSoC4/cyfitter_cfg.c **** 	/* IOPINS0_0 Starting address: CYDEV_PRT0_BASE */
 354:.\Generated_Source\PSoC4/cyfitter_cfg.c **** 	CY_SET_XTND_REG32((void CYFAR *)(CYDEV_PRT0_BASE), 0x00000030u);
 495              		.loc 1 354 0
 496 0162 1D4B     		ldr	r3, .L18+56
ARM GAS  C:\Users\PC69\AppData\Local\Temp\cc1YaySt.s 			page 16


 497 0164 3022     		mov	r2, #48
 498 0166 1A60     		str	r2, [r3]
 355:.\Generated_Source\PSoC4/cyfitter_cfg.c **** 	CY_SET_XTND_REG32((void CYFAR *)(CYREG_PRT0_PC), 0x02024000u);
 499              		.loc 1 355 0
 500 0168 1C4B     		ldr	r3, .L18+60
 501 016a 1D4A     		ldr	r2, .L18+64
 502 016c 1A60     		str	r2, [r3]
 356:.\Generated_Source\PSoC4/cyfitter_cfg.c **** 
 357:.\Generated_Source\PSoC4/cyfitter_cfg.c **** 	/* IOPINS0_1 Starting address: CYDEV_PRT1_BASE */
 358:.\Generated_Source\PSoC4/cyfitter_cfg.c **** 	CY_SET_XTND_REG32((void CYFAR *)(CYDEV_PRT1_BASE), 0x0000007Cu);
 503              		.loc 1 358 0
 504 016e 1D4B     		ldr	r3, .L18+68
 505 0170 7C22     		mov	r2, #124
 506 0172 1A60     		str	r2, [r3]
 359:.\Generated_Source\PSoC4/cyfitter_cfg.c **** 	CY_SET_XTND_REG32((void CYFAR *)(CYREG_PRT1_PC), 0x001B6D80u);
 507              		.loc 1 359 0
 508 0174 1C4B     		ldr	r3, .L18+72
 509 0176 1D4A     		ldr	r2, .L18+76
 510 0178 1A60     		str	r2, [r3]
 360:.\Generated_Source\PSoC4/cyfitter_cfg.c **** 	CY_SET_XTND_REG32((void CYFAR *)(CYREG_PRT1_PC2), 0x00000080u);
 511              		.loc 1 360 0
 512 017a 1D4B     		ldr	r3, .L18+80
 513 017c 8022     		mov	r2, #128
 514 017e 1A60     		str	r2, [r3]
 361:.\Generated_Source\PSoC4/cyfitter_cfg.c **** 
 362:.\Generated_Source\PSoC4/cyfitter_cfg.c **** 	/* IOPINS0_2 Starting address: CYDEV_PRT2_BASE */
 363:.\Generated_Source\PSoC4/cyfitter_cfg.c **** 	CY_SET_XTND_REG32((void CYFAR *)(CYDEV_PRT2_BASE), 0x000000FFu);
 515              		.loc 1 363 0
 516 0180 1C4B     		ldr	r3, .L18+84
 517 0182 FF22     		mov	r2, #255
 518 0184 1A60     		str	r2, [r3]
 364:.\Generated_Source\PSoC4/cyfitter_cfg.c **** 	CY_SET_XTND_REG32((void CYFAR *)(CYREG_PRT2_PC2), 0x000000FFu);
 519              		.loc 1 364 0
 520 0186 1C4B     		ldr	r3, .L18+88
 521 0188 FF22     		mov	r2, #255
 522 018a 1A60     		str	r2, [r3]
 365:.\Generated_Source\PSoC4/cyfitter_cfg.c **** 
 366:.\Generated_Source\PSoC4/cyfitter_cfg.c **** 	/* IOPINS0_3 Starting address: CYDEV_PRT3_BASE */
 367:.\Generated_Source\PSoC4/cyfitter_cfg.c **** 	CY_SET_XTND_REG32((void CYFAR *)(CYREG_PRT3_PC), 0x001B6DB6u);
 523              		.loc 1 367 0
 524 018c 1B4B     		ldr	r3, .L18+92
 525 018e 1C4A     		ldr	r2, .L18+96
 526 0190 1A60     		str	r2, [r3]
 368:.\Generated_Source\PSoC4/cyfitter_cfg.c **** 
 369:.\Generated_Source\PSoC4/cyfitter_cfg.c **** 	/* Setup clocks based on selections from Clock DWR */
 370:.\Generated_Source\PSoC4/cyfitter_cfg.c **** 	ClockSetup();
 527              		.loc 1 370 0
 528 0192 FFF735FF 		bl	ClockSetup
 371:.\Generated_Source\PSoC4/cyfitter_cfg.c **** 
 372:.\Generated_Source\PSoC4/cyfitter_cfg.c **** 	/* Perform basic analog initialization to defaults */
 373:.\Generated_Source\PSoC4/cyfitter_cfg.c **** 	AnalogSetDefault();
 529              		.loc 1 373 0
 530 0196 FFF7FEFF 		bl	AnalogSetDefault
 374:.\Generated_Source\PSoC4/cyfitter_cfg.c **** 
 375:.\Generated_Source\PSoC4/cyfitter_cfg.c **** }
 531              		.loc 1 375 0
 532 019a BD46     		mov	sp, r7
ARM GAS  C:\Users\PC69\AppData\Local\Temp\cc1YaySt.s 			page 17


 533 019c 02B0     		add	sp, sp, #8
 534              		@ sp needed
 535 019e 80BD     		pop	{r7, pc}
 536              	.L19:
 537              		.align	2
 538              	.L18:
 539 01a0 00000000 		.word	cfg_memset_list.4711
 540 01a4 0C000000 		.word	cy_cfg_addr_table.4705
 541 01a8 18000000 		.word	cy_cfg_data_table.4706
 542 01ac 00000140 		.word	1073807360
 543 01b0 04000140 		.word	1073807364
 544 01b4 00333303 		.word	53687040
 545 01b8 0C000140 		.word	1073807372
 546 01bc 00500F40 		.word	1074745344
 547 01c0 10500F40 		.word	1074745360
 548 01c4 18500F40 		.word	1074745368
 549 01c8 20500F40 		.word	1074745376
 550 01cc 30500F40 		.word	1074745392
 551 01d0 00700F40 		.word	1074753536
 552 01d4 01700F40 		.word	1074753537
 553 01d8 00000440 		.word	1074003968
 554 01dc 08000440 		.word	1074003976
 555 01e0 00400202 		.word	33701888
 556 01e4 00010440 		.word	1074004224
 557 01e8 08010440 		.word	1074004232
 558 01ec 806D1B00 		.word	1797504
 559 01f0 18010440 		.word	1074004248
 560 01f4 00020440 		.word	1074004480
 561 01f8 18020440 		.word	1074004504
 562 01fc 08030440 		.word	1074004744
 563 0200 B66D1B00 		.word	1797558
 564              		.cfi_endproc
 565              	.LFE6:
 566              		.size	cyfitter_cfg, .-cyfitter_cfg
 567              		.section	.rodata
 568              		.align	2
 569              		.type	cfg_memset_list.4711, %object
 570              		.size	cfg_memset_list.4711, 12
 571              	cfg_memset_list.4711:
 572 0000 00300F40 		.word	1074737152
 573 0004 0004     		.short	1024
 574 0006 00400F40 		.4byte	1074741248
 575 000a 0004     		.short	1024
 576              		.align	2
 577              		.type	cy_cfg_addr_table.4705, %object
 578              		.size	cy_cfg_addr_table.4705, 12
 579              	cy_cfg_addr_table.4705:
 580 000c 02320F40 		.word	1074737666
 581 0010 09330F40 		.word	1074737929
 582 0014 0E410F40 		.word	1074741518
 583              		.align	2
 584              		.type	cy_cfg_data_table.4706, %object
 585              		.size	cy_cfg_data_table.4706, 50
 586              	cy_cfg_data_table.4706:
 587 0018 5B       		.byte	91
 588 0019 04       		.byte	4
 589 001a 5F       		.byte	95
ARM GAS  C:\Users\PC69\AppData\Local\Temp\cc1YaySt.s 			page 18


 590 001b 01       		.byte	1
 591 001c 6C       		.byte	108
 592 001d 20       		.byte	32
 593 001e 6F       		.byte	111
 594 001f 8A       		.byte	-118
 595 0020 75       		.byte	117
 596 0021 40       		.byte	64
 597 0022 83       		.byte	-125
 598 0023 80       		.byte	-128
 599 0024 85       		.byte	-123
 600 0025 40       		.byte	64
 601 0026 8C       		.byte	-116
 602 0027 20       		.byte	32
 603 0028 8F       		.byte	-113
 604 0029 0A       		.byte	10
 605 002a E2       		.byte	-30
 606 002b 10       		.byte	16
 607 002c E6       		.byte	-26
 608 002d 50       		.byte	80
 609 002e 50       		.byte	80
 610 002f 04       		.byte	4
 611 0030 59       		.byte	89
 612 0031 80       		.byte	-128
 613 0032 63       		.byte	99
 614 0033 02       		.byte	2
 615 0034 66       		.byte	102
 616 0035 04       		.byte	4
 617 0036 67       		.byte	103
 618 0037 02       		.byte	2
 619 0038 83       		.byte	-125
 620 0039 01       		.byte	1
 621 003a 87       		.byte	-121
 622 003b 01       		.byte	1
 623 003c 8C       		.byte	-116
 624 003d 04       		.byte	4
 625 003e 8D       		.byte	-115
 626 003f 80       		.byte	-128
 627 0040 8E       		.byte	-114
 628 0041 04       		.byte	4
 629 0042 D4       		.byte	-44
 630 0043 A0       		.byte	-96
 631 0044 D6       		.byte	-42
 632 0045 C0       		.byte	-64
 633 0046 D8       		.byte	-40
 634 0047 80       		.byte	-128
 635 0048 E6       		.byte	-26
 636 0049 30       		.byte	48
 637 004a 0000     		.text
 638              	.Letext0:
 639              		.file 2 "c:\\program files\\cypress\\psoc creator\\3.3\\psoc creator\\import\\gnu\\arm\\4.9.3\\lib
 640              		.file 3 ".\\Generated_Source\\PSoC4\\cytypes.h"
 641              		.section	.debug_info,"",%progbits
 642              	.Ldebug_info0:
 643 0000 4F030000 		.4byte	0x34f
 644 0004 0400     		.2byte	0x4
 645 0006 00000000 		.4byte	.Ldebug_abbrev0
 646 000a 04       		.byte	0x4
ARM GAS  C:\Users\PC69\AppData\Local\Temp\cc1YaySt.s 			page 19


 647 000b 01       		.uleb128 0x1
 648 000c 42010000 		.4byte	.LASF39
 649 0010 01       		.byte	0x1
 650 0011 1B020000 		.4byte	.LASF40
 651 0015 96000000 		.4byte	.LASF41
 652 0019 00000000 		.4byte	.Ldebug_ranges0+0
 653 001d 00000000 		.4byte	0
 654 0021 00000000 		.4byte	.Ldebug_line0
 655 0025 02       		.uleb128 0x2
 656 0026 04       		.byte	0x4
 657 0027 05       		.byte	0x5
 658 0028 696E7400 		.ascii	"int\000"
 659 002c 03       		.uleb128 0x3
 660 002d 06000000 		.4byte	.LASF11
 661 0031 02       		.byte	0x2
 662 0032 D4       		.byte	0xd4
 663 0033 37000000 		.4byte	0x37
 664 0037 04       		.uleb128 0x4
 665 0038 04       		.byte	0x4
 666 0039 07       		.byte	0x7
 667 003a D0010000 		.4byte	.LASF0
 668 003e 04       		.uleb128 0x4
 669 003f 01       		.byte	0x1
 670 0040 06       		.byte	0x6
 671 0041 83020000 		.4byte	.LASF1
 672 0045 04       		.uleb128 0x4
 673 0046 01       		.byte	0x1
 674 0047 08       		.byte	0x8
 675 0048 EA000000 		.4byte	.LASF2
 676 004c 04       		.uleb128 0x4
 677 004d 02       		.byte	0x2
 678 004e 05       		.byte	0x5
 679 004f 70020000 		.4byte	.LASF3
 680 0053 04       		.uleb128 0x4
 681 0054 02       		.byte	0x2
 682 0055 07       		.byte	0x7
 683 0056 8F020000 		.4byte	.LASF4
 684 005a 04       		.uleb128 0x4
 685 005b 04       		.byte	0x4
 686 005c 05       		.byte	0x5
 687 005d 7A020000 		.4byte	.LASF5
 688 0061 04       		.uleb128 0x4
 689 0062 04       		.byte	0x4
 690 0063 07       		.byte	0x7
 691 0064 7E000000 		.4byte	.LASF6
 692 0068 04       		.uleb128 0x4
 693 0069 08       		.byte	0x8
 694 006a 05       		.byte	0x5
 695 006b 43020000 		.4byte	.LASF7
 696 006f 04       		.uleb128 0x4
 697 0070 08       		.byte	0x8
 698 0071 07       		.byte	0x7
 699 0072 E5010000 		.4byte	.LASF8
 700 0076 04       		.uleb128 0x4
 701 0077 04       		.byte	0x4
 702 0078 07       		.byte	0x7
 703 0079 12020000 		.4byte	.LASF9
ARM GAS  C:\Users\PC69\AppData\Local\Temp\cc1YaySt.s 			page 20


 704 007d 05       		.uleb128 0x5
 705 007e 04       		.byte	0x4
 706 007f 04       		.uleb128 0x4
 707 0080 01       		.byte	0x1
 708 0081 08       		.byte	0x8
 709 0082 51020000 		.4byte	.LASF10
 710 0086 03       		.uleb128 0x3
 711 0087 90000000 		.4byte	.LASF12
 712 008b 03       		.byte	0x3
 713 008c A1       		.byte	0xa1
 714 008d 45000000 		.4byte	0x45
 715 0091 03       		.uleb128 0x3
 716 0092 29010000 		.4byte	.LASF13
 717 0096 03       		.byte	0x3
 718 0097 A2       		.byte	0xa2
 719 0098 53000000 		.4byte	0x53
 720 009c 03       		.uleb128 0x3
 721 009d 3B010000 		.4byte	.LASF14
 722 00a1 03       		.byte	0x3
 723 00a2 A3       		.byte	0xa3
 724 00a3 61000000 		.4byte	0x61
 725 00a7 04       		.uleb128 0x4
 726 00a8 04       		.byte	0x4
 727 00a9 04       		.byte	0x4
 728 00aa 59000000 		.4byte	.LASF15
 729 00ae 04       		.uleb128 0x4
 730 00af 08       		.byte	0x8
 731 00b0 04       		.byte	0x4
 732 00b1 F8000000 		.4byte	.LASF16
 733 00b5 06       		.uleb128 0x6
 734 00b6 79000000 		.4byte	.LASF17
 735 00ba 03       		.byte	0x3
 736 00bb 4B01     		.2byte	0x14b
 737 00bd C1000000 		.4byte	0xc1
 738 00c1 07       		.uleb128 0x7
 739 00c2 86000000 		.4byte	0x86
 740 00c6 06       		.uleb128 0x6
 741 00c7 00000000 		.4byte	.LASF18
 742 00cb 03       		.byte	0x3
 743 00cc 4D01     		.2byte	0x14d
 744 00ce D2000000 		.4byte	0xd2
 745 00d2 07       		.uleb128 0x7
 746 00d3 9C000000 		.4byte	0x9c
 747 00d7 08       		.uleb128 0x8
 748 00d8 02       		.byte	0x2
 749 00d9 01       		.byte	0x1
 750 00da 7C       		.byte	0x7c
 751 00db F8000000 		.4byte	0xf8
 752 00df 09       		.uleb128 0x9
 753 00e0 69020000 		.4byte	.LASF19
 754 00e4 01       		.byte	0x1
 755 00e5 7E       		.byte	0x7e
 756 00e6 86000000 		.4byte	0x86
 757 00ea 00       		.byte	0
 758 00eb 09       		.uleb128 0x9
 759 00ec 1E000000 		.4byte	.LASF20
 760 00f0 01       		.byte	0x1
ARM GAS  C:\Users\PC69\AppData\Local\Temp\cc1YaySt.s 			page 21


 761 00f1 7F       		.byte	0x7f
 762 00f2 86000000 		.4byte	0x86
 763 00f6 01       		.byte	0x1
 764 00f7 00       		.byte	0
 765 00f8 03       		.uleb128 0x3
 766 00f9 56020000 		.4byte	.LASF21
 767 00fd 01       		.byte	0x1
 768 00fe 80       		.byte	0x80
 769 00ff D7000000 		.4byte	0xd7
 770 0103 0A       		.uleb128 0xa
 771 0104 E0000000 		.4byte	.LASF22
 772 0108 01       		.byte	0x1
 773 0109 3A       		.byte	0x3a
 774 010a 00000000 		.4byte	.LFB0
 775 010e 1E000000 		.4byte	.LFE0-.LFB0
 776 0112 01       		.uleb128 0x1
 777 0113 9C       		.byte	0x9c
 778 0114 31010000 		.4byte	0x131
 779 0118 0B       		.uleb128 0xb
 780 0119 7300     		.ascii	"s\000"
 781 011b 01       		.byte	0x1
 782 011c 3A       		.byte	0x3a
 783 011d 7D000000 		.4byte	0x7d
 784 0121 02       		.uleb128 0x2
 785 0122 91       		.byte	0x91
 786 0123 74       		.sleb128 -12
 787 0124 0B       		.uleb128 0xb
 788 0125 6E00     		.ascii	"n\000"
 789 0127 01       		.byte	0x1
 790 0128 3A       		.byte	0x3a
 791 0129 2C000000 		.4byte	0x2c
 792 012d 02       		.uleb128 0x2
 793 012e 91       		.byte	0x91
 794 012f 70       		.sleb128 -16
 795 0130 00       		.byte	0
 796 0131 0A       		.uleb128 0xa
 797 0132 B2020000 		.4byte	.LASF23
 798 0136 01       		.byte	0x1
 799 0137 41       		.byte	0x41
 800 0138 00000000 		.4byte	.LFB1
 801 013c 22000000 		.4byte	.LFE1-.LFB1
 802 0140 01       		.uleb128 0x1
 803 0141 9C       		.byte	0x9c
 804 0142 6F010000 		.4byte	0x16f
 805 0146 0C       		.uleb128 0xc
 806 0147 5F000000 		.4byte	.LASF24
 807 014b 01       		.byte	0x1
 808 014c 41       		.byte	0x41
 809 014d 7D000000 		.4byte	0x7d
 810 0151 02       		.uleb128 0x2
 811 0152 91       		.byte	0x91
 812 0153 74       		.sleb128 -12
 813 0154 0B       		.uleb128 0xb
 814 0155 73726300 		.ascii	"src\000"
 815 0159 01       		.byte	0x1
 816 015a 41       		.byte	0x41
 817 015b 6F010000 		.4byte	0x16f
ARM GAS  C:\Users\PC69\AppData\Local\Temp\cc1YaySt.s 			page 22


 818 015f 02       		.uleb128 0x2
 819 0160 91       		.byte	0x91
 820 0161 70       		.sleb128 -16
 821 0162 0B       		.uleb128 0xb
 822 0163 6E00     		.ascii	"n\000"
 823 0165 01       		.byte	0x1
 824 0166 41       		.byte	0x41
 825 0167 2C000000 		.4byte	0x2c
 826 016b 02       		.uleb128 0x2
 827 016c 91       		.byte	0x91
 828 016d 6C       		.sleb128 -20
 829 016e 00       		.byte	0
 830 016f 0D       		.uleb128 0xd
 831 0170 04       		.byte	0x4
 832 0171 75010000 		.4byte	0x175
 833 0175 0E       		.uleb128 0xe
 834 0176 0A       		.uleb128 0xa
 835 0177 A2020000 		.4byte	.LASF25
 836 017b 01       		.byte	0x1
 837 017c 48       		.byte	0x48
 838 017d 00000000 		.4byte	.LFB2
 839 0181 22000000 		.4byte	.LFE2-.LFB2
 840 0185 01       		.uleb128 0x1
 841 0186 9C       		.byte	0x9c
 842 0187 B4010000 		.4byte	0x1b4
 843 018b 0C       		.uleb128 0xc
 844 018c 5F000000 		.4byte	.LASF24
 845 0190 01       		.byte	0x1
 846 0191 48       		.byte	0x48
 847 0192 7D000000 		.4byte	0x7d
 848 0196 02       		.uleb128 0x2
 849 0197 91       		.byte	0x91
 850 0198 74       		.sleb128 -12
 851 0199 0B       		.uleb128 0xb
 852 019a 73726300 		.ascii	"src\000"
 853 019e 01       		.byte	0x1
 854 019f 48       		.byte	0x48
 855 01a0 6F010000 		.4byte	0x16f
 856 01a4 02       		.uleb128 0x2
 857 01a5 91       		.byte	0x91
 858 01a6 70       		.sleb128 -16
 859 01a7 0B       		.uleb128 0xb
 860 01a8 6E00     		.ascii	"n\000"
 861 01aa 01       		.byte	0x1
 862 01ab 48       		.byte	0x48
 863 01ac 2C000000 		.4byte	0x2c
 864 01b0 02       		.uleb128 0x2
 865 01b1 91       		.byte	0x91
 866 01b2 6C       		.sleb128 -20
 867 01b3 00       		.byte	0
 868 01b4 0F       		.uleb128 0xf
 869 01b5 FF000000 		.4byte	.LASF26
 870 01b9 01       		.byte	0x1
 871 01ba 93       		.byte	0x93
 872 01bb 00000000 		.4byte	.LFB3
 873 01bf 80000000 		.4byte	.LFE3-.LFB3
 874 01c3 01       		.uleb128 0x1
ARM GAS  C:\Users\PC69\AppData\Local\Temp\cc1YaySt.s 			page 23


 875 01c4 9C       		.byte	0x9c
 876 01c5 24020000 		.4byte	0x224
 877 01c9 0C       		.uleb128 0xc
 878 01ca 1E010000 		.4byte	.LASF27
 879 01ce 01       		.byte	0x1
 880 01cf 93       		.byte	0x93
 881 01d0 24020000 		.4byte	0x224
 882 01d4 02       		.uleb128 0x2
 883 01d5 91       		.byte	0x91
 884 01d6 64       		.sleb128 -28
 885 01d7 0C       		.uleb128 0xc
 886 01d8 30010000 		.4byte	.LASF28
 887 01dc 01       		.byte	0x1
 888 01dd 93       		.byte	0x93
 889 01de 2F020000 		.4byte	0x22f
 890 01e2 02       		.uleb128 0x2
 891 01e3 91       		.byte	0x91
 892 01e4 60       		.sleb128 -32
 893 01e5 10       		.uleb128 0x10
 894 01e6 6900     		.ascii	"i\000"
 895 01e8 01       		.byte	0x1
 896 01e9 96       		.byte	0x96
 897 01ea 9C000000 		.4byte	0x9c
 898 01ee 02       		.uleb128 0x2
 899 01ef 91       		.byte	0x91
 900 01f0 74       		.sleb128 -12
 901 01f1 10       		.uleb128 0x10
 902 01f2 6A00     		.ascii	"j\000"
 903 01f4 01       		.byte	0x1
 904 01f5 96       		.byte	0x96
 905 01f6 9C000000 		.4byte	0x9c
 906 01fa 02       		.uleb128 0x2
 907 01fb 91       		.byte	0x91
 908 01fc 70       		.sleb128 -16
 909 01fd 11       		.uleb128 0x11
 910 01fe 14000000 		.4byte	.LBB2
 911 0202 5A000000 		.4byte	.LBE2-.LBB2
 912 0206 12       		.uleb128 0x12
 913 0207 09020000 		.4byte	.LASF29
 914 020b 01       		.byte	0x1
 915 020c 99       		.byte	0x99
 916 020d 9C000000 		.4byte	0x9c
 917 0211 02       		.uleb128 0x2
 918 0212 91       		.byte	0x91
 919 0213 68       		.sleb128 -24
 920 0214 12       		.uleb128 0x12
 921 0215 24000000 		.4byte	.LASF30
 922 0219 01       		.byte	0x1
 923 021a 9A       		.byte	0x9a
 924 021b 86000000 		.4byte	0x86
 925 021f 02       		.uleb128 0x2
 926 0220 91       		.byte	0x91
 927 0221 6F       		.sleb128 -17
 928 0222 00       		.byte	0
 929 0223 00       		.byte	0
 930 0224 0D       		.uleb128 0xd
 931 0225 04       		.byte	0x4
ARM GAS  C:\Users\PC69\AppData\Local\Temp\cc1YaySt.s 			page 24


 932 0226 2A020000 		.4byte	0x22a
 933 022a 13       		.uleb128 0x13
 934 022b 9C000000 		.4byte	0x9c
 935 022f 0D       		.uleb128 0xd
 936 0230 04       		.byte	0x4
 937 0231 35020000 		.4byte	0x235
 938 0235 13       		.uleb128 0x13
 939 0236 F8000000 		.4byte	0xf8
 940 023a 14       		.uleb128 0x14
 941 023b 2A000000 		.4byte	.LASF31
 942 023f 01       		.byte	0x1
 943 0240 B8       		.byte	0xb8
 944 0241 00000000 		.4byte	.LFB4
 945 0245 84000000 		.4byte	.LFE4-.LFB4
 946 0249 01       		.uleb128 0x1
 947 024a 9C       		.byte	0x9c
 948 024b 15       		.uleb128 0x15
 949 024c 0D000000 		.4byte	.LASF32
 950 0250 01       		.byte	0x1
 951 0251 EA       		.byte	0xea
 952 0252 00000000 		.4byte	.LFB5
 953 0256 1C000000 		.4byte	.LFE5-.LFB5
 954 025a 01       		.uleb128 0x1
 955 025b 9C       		.byte	0x9c
 956 025c 16       		.uleb128 0x16
 957 025d 11010000 		.4byte	.LASF42
 958 0261 01       		.byte	0x1
 959 0262 0401     		.2byte	0x104
 960 0264 84000000 		.4byte	.LFB6
 961 0268 80010000 		.4byte	.LFE6-.LFB6
 962 026c 01       		.uleb128 0x1
 963 026d 9C       		.byte	0x9c
 964 026e 28030000 		.4byte	0x328
 965 0272 11       		.uleb128 0x11
 966 0273 8C000000 		.4byte	.LBB3
 967 0277 D6000000 		.4byte	.LBE3-.LBB3
 968 027b 17       		.uleb128 0x17
 969 027c 35000000 		.4byte	.LASF33
 970 0280 01       		.byte	0x1
 971 0281 0A01     		.2byte	0x10a
 972 0283 38030000 		.4byte	0x338
 973 0287 05       		.uleb128 0x5
 974 0288 03       		.byte	0x3
 975 0289 0C000000 		.4byte	cy_cfg_addr_table.4705
 976 028d 17       		.uleb128 0x17
 977 028e 47000000 		.4byte	.LASF34
 978 0292 01       		.byte	0x1
 979 0293 1001     		.2byte	0x110
 980 0295 4D030000 		.4byte	0x34d
 981 0299 05       		.uleb128 0x5
 982 029a 03       		.byte	0x3
 983 029b 18000000 		.4byte	cy_cfg_data_table.4706
 984 029f 18       		.uleb128 0x18
 985 02a0 06       		.byte	0x6
 986 02a1 01       		.byte	0x1
 987 02a2 2E01     		.2byte	0x12e
 988 02a4 C3020000 		.4byte	0x2c3
ARM GAS  C:\Users\PC69\AppData\Local\Temp\cc1YaySt.s 			page 25


 989 02a8 19       		.uleb128 0x19
 990 02a9 DD010000 		.4byte	.LASF35
 991 02ad 01       		.byte	0x1
 992 02ae 2F01     		.2byte	0x12f
 993 02b0 7D000000 		.4byte	0x7d
 994 02b4 00       		.byte	0
 995 02b5 19       		.uleb128 0x19
 996 02b6 74000000 		.4byte	.LASF36
 997 02ba 01       		.byte	0x1
 998 02bb 3001     		.2byte	0x130
 999 02bd 91000000 		.4byte	0x91
 1000 02c1 04       		.byte	0x4
 1001 02c2 00       		.byte	0
 1002 02c3 06       		.uleb128 0x6
 1003 02c4 FC010000 		.4byte	.LASF37
 1004 02c8 01       		.byte	0x1
 1005 02c9 3101     		.2byte	0x131
 1006 02cb 9F020000 		.4byte	0x29f
 1007 02cf 1A       		.uleb128 0x1a
 1008 02d0 C3020000 		.4byte	0x2c3
 1009 02d4 DF020000 		.4byte	0x2df
 1010 02d8 1B       		.uleb128 0x1b
 1011 02d9 76000000 		.4byte	0x76
 1012 02dd 01       		.byte	0x1
 1013 02de 00       		.byte	0
 1014 02df 17       		.uleb128 0x17
 1015 02e0 64000000 		.4byte	.LASF38
 1016 02e4 01       		.byte	0x1
 1017 02e5 3301     		.2byte	0x133
 1018 02e7 F1020000 		.4byte	0x2f1
 1019 02eb 05       		.uleb128 0x5
 1020 02ec 03       		.byte	0x3
 1021 02ed 00000000 		.4byte	cfg_memset_list.4711
 1022 02f1 13       		.uleb128 0x13
 1023 02f2 CF020000 		.4byte	0x2cf
 1024 02f6 1C       		.uleb128 0x1c
 1025 02f7 6900     		.ascii	"i\000"
 1026 02f9 01       		.byte	0x1
 1027 02fa 3901     		.2byte	0x139
 1028 02fc 86000000 		.4byte	0x86
 1029 0300 02       		.uleb128 0x2
 1030 0301 91       		.byte	0x91
 1031 0302 77       		.sleb128 -9
 1032 0303 11       		.uleb128 0x11
 1033 0304 94000000 		.4byte	.LBB4
 1034 0308 3E000000 		.4byte	.LBE4-.LBB4
 1035 030c 1C       		.uleb128 0x1c
 1036 030d 6D7300   		.ascii	"ms\000"
 1037 0310 01       		.byte	0x1
 1038 0311 3E01     		.2byte	0x13e
 1039 0313 1A030000 		.4byte	0x31a
 1040 0317 02       		.uleb128 0x2
 1041 0318 91       		.byte	0x91
 1042 0319 70       		.sleb128 -16
 1043 031a 0D       		.uleb128 0xd
 1044 031b 04       		.byte	0x4
 1045 031c 20030000 		.4byte	0x320
ARM GAS  C:\Users\PC69\AppData\Local\Temp\cc1YaySt.s 			page 26


 1046 0320 13       		.uleb128 0x13
 1047 0321 C3020000 		.4byte	0x2c3
 1048 0325 00       		.byte	0
 1049 0326 00       		.byte	0
 1050 0327 00       		.byte	0
 1051 0328 1A       		.uleb128 0x1a
 1052 0329 9C000000 		.4byte	0x9c
 1053 032d 38030000 		.4byte	0x338
 1054 0331 1B       		.uleb128 0x1b
 1055 0332 76000000 		.4byte	0x76
 1056 0336 02       		.byte	0x2
 1057 0337 00       		.byte	0
 1058 0338 13       		.uleb128 0x13
 1059 0339 28030000 		.4byte	0x328
 1060 033d 1A       		.uleb128 0x1a
 1061 033e F8000000 		.4byte	0xf8
 1062 0342 4D030000 		.4byte	0x34d
 1063 0346 1B       		.uleb128 0x1b
 1064 0347 76000000 		.4byte	0x76
 1065 034b 18       		.byte	0x18
 1066 034c 00       		.byte	0
 1067 034d 13       		.uleb128 0x13
 1068 034e 3D030000 		.4byte	0x33d
 1069 0352 00       		.byte	0
 1070              		.section	.debug_abbrev,"",%progbits
 1071              	.Ldebug_abbrev0:
 1072 0000 01       		.uleb128 0x1
 1073 0001 11       		.uleb128 0x11
 1074 0002 01       		.byte	0x1
 1075 0003 25       		.uleb128 0x25
 1076 0004 0E       		.uleb128 0xe
 1077 0005 13       		.uleb128 0x13
 1078 0006 0B       		.uleb128 0xb
 1079 0007 03       		.uleb128 0x3
 1080 0008 0E       		.uleb128 0xe
 1081 0009 1B       		.uleb128 0x1b
 1082 000a 0E       		.uleb128 0xe
 1083 000b 55       		.uleb128 0x55
 1084 000c 17       		.uleb128 0x17
 1085 000d 11       		.uleb128 0x11
 1086 000e 01       		.uleb128 0x1
 1087 000f 10       		.uleb128 0x10
 1088 0010 17       		.uleb128 0x17
 1089 0011 00       		.byte	0
 1090 0012 00       		.byte	0
 1091 0013 02       		.uleb128 0x2
 1092 0014 24       		.uleb128 0x24
 1093 0015 00       		.byte	0
 1094 0016 0B       		.uleb128 0xb
 1095 0017 0B       		.uleb128 0xb
 1096 0018 3E       		.uleb128 0x3e
 1097 0019 0B       		.uleb128 0xb
 1098 001a 03       		.uleb128 0x3
 1099 001b 08       		.uleb128 0x8
 1100 001c 00       		.byte	0
 1101 001d 00       		.byte	0
 1102 001e 03       		.uleb128 0x3
ARM GAS  C:\Users\PC69\AppData\Local\Temp\cc1YaySt.s 			page 27


 1103 001f 16       		.uleb128 0x16
 1104 0020 00       		.byte	0
 1105 0021 03       		.uleb128 0x3
 1106 0022 0E       		.uleb128 0xe
 1107 0023 3A       		.uleb128 0x3a
 1108 0024 0B       		.uleb128 0xb
 1109 0025 3B       		.uleb128 0x3b
 1110 0026 0B       		.uleb128 0xb
 1111 0027 49       		.uleb128 0x49
 1112 0028 13       		.uleb128 0x13
 1113 0029 00       		.byte	0
 1114 002a 00       		.byte	0
 1115 002b 04       		.uleb128 0x4
 1116 002c 24       		.uleb128 0x24
 1117 002d 00       		.byte	0
 1118 002e 0B       		.uleb128 0xb
 1119 002f 0B       		.uleb128 0xb
 1120 0030 3E       		.uleb128 0x3e
 1121 0031 0B       		.uleb128 0xb
 1122 0032 03       		.uleb128 0x3
 1123 0033 0E       		.uleb128 0xe
 1124 0034 00       		.byte	0
 1125 0035 00       		.byte	0
 1126 0036 05       		.uleb128 0x5
 1127 0037 0F       		.uleb128 0xf
 1128 0038 00       		.byte	0
 1129 0039 0B       		.uleb128 0xb
 1130 003a 0B       		.uleb128 0xb
 1131 003b 00       		.byte	0
 1132 003c 00       		.byte	0
 1133 003d 06       		.uleb128 0x6
 1134 003e 16       		.uleb128 0x16
 1135 003f 00       		.byte	0
 1136 0040 03       		.uleb128 0x3
 1137 0041 0E       		.uleb128 0xe
 1138 0042 3A       		.uleb128 0x3a
 1139 0043 0B       		.uleb128 0xb
 1140 0044 3B       		.uleb128 0x3b
 1141 0045 05       		.uleb128 0x5
 1142 0046 49       		.uleb128 0x49
 1143 0047 13       		.uleb128 0x13
 1144 0048 00       		.byte	0
 1145 0049 00       		.byte	0
 1146 004a 07       		.uleb128 0x7
 1147 004b 35       		.uleb128 0x35
 1148 004c 00       		.byte	0
 1149 004d 49       		.uleb128 0x49
 1150 004e 13       		.uleb128 0x13
 1151 004f 00       		.byte	0
 1152 0050 00       		.byte	0
 1153 0051 08       		.uleb128 0x8
 1154 0052 13       		.uleb128 0x13
 1155 0053 01       		.byte	0x1
 1156 0054 0B       		.uleb128 0xb
 1157 0055 0B       		.uleb128 0xb
 1158 0056 3A       		.uleb128 0x3a
 1159 0057 0B       		.uleb128 0xb
ARM GAS  C:\Users\PC69\AppData\Local\Temp\cc1YaySt.s 			page 28


 1160 0058 3B       		.uleb128 0x3b
 1161 0059 0B       		.uleb128 0xb
 1162 005a 01       		.uleb128 0x1
 1163 005b 13       		.uleb128 0x13
 1164 005c 00       		.byte	0
 1165 005d 00       		.byte	0
 1166 005e 09       		.uleb128 0x9
 1167 005f 0D       		.uleb128 0xd
 1168 0060 00       		.byte	0
 1169 0061 03       		.uleb128 0x3
 1170 0062 0E       		.uleb128 0xe
 1171 0063 3A       		.uleb128 0x3a
 1172 0064 0B       		.uleb128 0xb
 1173 0065 3B       		.uleb128 0x3b
 1174 0066 0B       		.uleb128 0xb
 1175 0067 49       		.uleb128 0x49
 1176 0068 13       		.uleb128 0x13
 1177 0069 38       		.uleb128 0x38
 1178 006a 0B       		.uleb128 0xb
 1179 006b 00       		.byte	0
 1180 006c 00       		.byte	0
 1181 006d 0A       		.uleb128 0xa
 1182 006e 2E       		.uleb128 0x2e
 1183 006f 01       		.byte	0x1
 1184 0070 03       		.uleb128 0x3
 1185 0071 0E       		.uleb128 0xe
 1186 0072 3A       		.uleb128 0x3a
 1187 0073 0B       		.uleb128 0xb
 1188 0074 3B       		.uleb128 0x3b
 1189 0075 0B       		.uleb128 0xb
 1190 0076 27       		.uleb128 0x27
 1191 0077 19       		.uleb128 0x19
 1192 0078 11       		.uleb128 0x11
 1193 0079 01       		.uleb128 0x1
 1194 007a 12       		.uleb128 0x12
 1195 007b 06       		.uleb128 0x6
 1196 007c 40       		.uleb128 0x40
 1197 007d 18       		.uleb128 0x18
 1198 007e 9642     		.uleb128 0x2116
 1199 0080 19       		.uleb128 0x19
 1200 0081 01       		.uleb128 0x1
 1201 0082 13       		.uleb128 0x13
 1202 0083 00       		.byte	0
 1203 0084 00       		.byte	0
 1204 0085 0B       		.uleb128 0xb
 1205 0086 05       		.uleb128 0x5
 1206 0087 00       		.byte	0
 1207 0088 03       		.uleb128 0x3
 1208 0089 08       		.uleb128 0x8
 1209 008a 3A       		.uleb128 0x3a
 1210 008b 0B       		.uleb128 0xb
 1211 008c 3B       		.uleb128 0x3b
 1212 008d 0B       		.uleb128 0xb
 1213 008e 49       		.uleb128 0x49
 1214 008f 13       		.uleb128 0x13
 1215 0090 02       		.uleb128 0x2
 1216 0091 18       		.uleb128 0x18
ARM GAS  C:\Users\PC69\AppData\Local\Temp\cc1YaySt.s 			page 29


 1217 0092 00       		.byte	0
 1218 0093 00       		.byte	0
 1219 0094 0C       		.uleb128 0xc
 1220 0095 05       		.uleb128 0x5
 1221 0096 00       		.byte	0
 1222 0097 03       		.uleb128 0x3
 1223 0098 0E       		.uleb128 0xe
 1224 0099 3A       		.uleb128 0x3a
 1225 009a 0B       		.uleb128 0xb
 1226 009b 3B       		.uleb128 0x3b
 1227 009c 0B       		.uleb128 0xb
 1228 009d 49       		.uleb128 0x49
 1229 009e 13       		.uleb128 0x13
 1230 009f 02       		.uleb128 0x2
 1231 00a0 18       		.uleb128 0x18
 1232 00a1 00       		.byte	0
 1233 00a2 00       		.byte	0
 1234 00a3 0D       		.uleb128 0xd
 1235 00a4 0F       		.uleb128 0xf
 1236 00a5 00       		.byte	0
 1237 00a6 0B       		.uleb128 0xb
 1238 00a7 0B       		.uleb128 0xb
 1239 00a8 49       		.uleb128 0x49
 1240 00a9 13       		.uleb128 0x13
 1241 00aa 00       		.byte	0
 1242 00ab 00       		.byte	0
 1243 00ac 0E       		.uleb128 0xe
 1244 00ad 26       		.uleb128 0x26
 1245 00ae 00       		.byte	0
 1246 00af 00       		.byte	0
 1247 00b0 00       		.byte	0
 1248 00b1 0F       		.uleb128 0xf
 1249 00b2 2E       		.uleb128 0x2e
 1250 00b3 01       		.byte	0x1
 1251 00b4 03       		.uleb128 0x3
 1252 00b5 0E       		.uleb128 0xe
 1253 00b6 3A       		.uleb128 0x3a
 1254 00b7 0B       		.uleb128 0xb
 1255 00b8 3B       		.uleb128 0x3b
 1256 00b9 0B       		.uleb128 0xb
 1257 00ba 27       		.uleb128 0x27
 1258 00bb 19       		.uleb128 0x19
 1259 00bc 11       		.uleb128 0x11
 1260 00bd 01       		.uleb128 0x1
 1261 00be 12       		.uleb128 0x12
 1262 00bf 06       		.uleb128 0x6
 1263 00c0 40       		.uleb128 0x40
 1264 00c1 18       		.uleb128 0x18
 1265 00c2 9742     		.uleb128 0x2117
 1266 00c4 19       		.uleb128 0x19
 1267 00c5 01       		.uleb128 0x1
 1268 00c6 13       		.uleb128 0x13
 1269 00c7 00       		.byte	0
 1270 00c8 00       		.byte	0
 1271 00c9 10       		.uleb128 0x10
 1272 00ca 34       		.uleb128 0x34
 1273 00cb 00       		.byte	0
ARM GAS  C:\Users\PC69\AppData\Local\Temp\cc1YaySt.s 			page 30


 1274 00cc 03       		.uleb128 0x3
 1275 00cd 08       		.uleb128 0x8
 1276 00ce 3A       		.uleb128 0x3a
 1277 00cf 0B       		.uleb128 0xb
 1278 00d0 3B       		.uleb128 0x3b
 1279 00d1 0B       		.uleb128 0xb
 1280 00d2 49       		.uleb128 0x49
 1281 00d3 13       		.uleb128 0x13
 1282 00d4 02       		.uleb128 0x2
 1283 00d5 18       		.uleb128 0x18
 1284 00d6 00       		.byte	0
 1285 00d7 00       		.byte	0
 1286 00d8 11       		.uleb128 0x11
 1287 00d9 0B       		.uleb128 0xb
 1288 00da 01       		.byte	0x1
 1289 00db 11       		.uleb128 0x11
 1290 00dc 01       		.uleb128 0x1
 1291 00dd 12       		.uleb128 0x12
 1292 00de 06       		.uleb128 0x6
 1293 00df 00       		.byte	0
 1294 00e0 00       		.byte	0
 1295 00e1 12       		.uleb128 0x12
 1296 00e2 34       		.uleb128 0x34
 1297 00e3 00       		.byte	0
 1298 00e4 03       		.uleb128 0x3
 1299 00e5 0E       		.uleb128 0xe
 1300 00e6 3A       		.uleb128 0x3a
 1301 00e7 0B       		.uleb128 0xb
 1302 00e8 3B       		.uleb128 0x3b
 1303 00e9 0B       		.uleb128 0xb
 1304 00ea 49       		.uleb128 0x49
 1305 00eb 13       		.uleb128 0x13
 1306 00ec 02       		.uleb128 0x2
 1307 00ed 18       		.uleb128 0x18
 1308 00ee 00       		.byte	0
 1309 00ef 00       		.byte	0
 1310 00f0 13       		.uleb128 0x13
 1311 00f1 26       		.uleb128 0x26
 1312 00f2 00       		.byte	0
 1313 00f3 49       		.uleb128 0x49
 1314 00f4 13       		.uleb128 0x13
 1315 00f5 00       		.byte	0
 1316 00f6 00       		.byte	0
 1317 00f7 14       		.uleb128 0x14
 1318 00f8 2E       		.uleb128 0x2e
 1319 00f9 00       		.byte	0
 1320 00fa 03       		.uleb128 0x3
 1321 00fb 0E       		.uleb128 0xe
 1322 00fc 3A       		.uleb128 0x3a
 1323 00fd 0B       		.uleb128 0xb
 1324 00fe 3B       		.uleb128 0x3b
 1325 00ff 0B       		.uleb128 0xb
 1326 0100 27       		.uleb128 0x27
 1327 0101 19       		.uleb128 0x19
 1328 0102 11       		.uleb128 0x11
 1329 0103 01       		.uleb128 0x1
 1330 0104 12       		.uleb128 0x12
ARM GAS  C:\Users\PC69\AppData\Local\Temp\cc1YaySt.s 			page 31


 1331 0105 06       		.uleb128 0x6
 1332 0106 40       		.uleb128 0x40
 1333 0107 18       		.uleb128 0x18
 1334 0108 9642     		.uleb128 0x2116
 1335 010a 19       		.uleb128 0x19
 1336 010b 00       		.byte	0
 1337 010c 00       		.byte	0
 1338 010d 15       		.uleb128 0x15
 1339 010e 2E       		.uleb128 0x2e
 1340 010f 00       		.byte	0
 1341 0110 03       		.uleb128 0x3
 1342 0111 0E       		.uleb128 0xe
 1343 0112 3A       		.uleb128 0x3a
 1344 0113 0B       		.uleb128 0xb
 1345 0114 3B       		.uleb128 0x3b
 1346 0115 0B       		.uleb128 0xb
 1347 0116 27       		.uleb128 0x27
 1348 0117 19       		.uleb128 0x19
 1349 0118 11       		.uleb128 0x11
 1350 0119 01       		.uleb128 0x1
 1351 011a 12       		.uleb128 0x12
 1352 011b 06       		.uleb128 0x6
 1353 011c 40       		.uleb128 0x40
 1354 011d 18       		.uleb128 0x18
 1355 011e 9742     		.uleb128 0x2117
 1356 0120 19       		.uleb128 0x19
 1357 0121 00       		.byte	0
 1358 0122 00       		.byte	0
 1359 0123 16       		.uleb128 0x16
 1360 0124 2E       		.uleb128 0x2e
 1361 0125 01       		.byte	0x1
 1362 0126 3F       		.uleb128 0x3f
 1363 0127 19       		.uleb128 0x19
 1364 0128 03       		.uleb128 0x3
 1365 0129 0E       		.uleb128 0xe
 1366 012a 3A       		.uleb128 0x3a
 1367 012b 0B       		.uleb128 0xb
 1368 012c 3B       		.uleb128 0x3b
 1369 012d 05       		.uleb128 0x5
 1370 012e 27       		.uleb128 0x27
 1371 012f 19       		.uleb128 0x19
 1372 0130 11       		.uleb128 0x11
 1373 0131 01       		.uleb128 0x1
 1374 0132 12       		.uleb128 0x12
 1375 0133 06       		.uleb128 0x6
 1376 0134 40       		.uleb128 0x40
 1377 0135 18       		.uleb128 0x18
 1378 0136 9642     		.uleb128 0x2116
 1379 0138 19       		.uleb128 0x19
 1380 0139 01       		.uleb128 0x1
 1381 013a 13       		.uleb128 0x13
 1382 013b 00       		.byte	0
 1383 013c 00       		.byte	0
 1384 013d 17       		.uleb128 0x17
 1385 013e 34       		.uleb128 0x34
 1386 013f 00       		.byte	0
 1387 0140 03       		.uleb128 0x3
ARM GAS  C:\Users\PC69\AppData\Local\Temp\cc1YaySt.s 			page 32


 1388 0141 0E       		.uleb128 0xe
 1389 0142 3A       		.uleb128 0x3a
 1390 0143 0B       		.uleb128 0xb
 1391 0144 3B       		.uleb128 0x3b
 1392 0145 05       		.uleb128 0x5
 1393 0146 49       		.uleb128 0x49
 1394 0147 13       		.uleb128 0x13
 1395 0148 02       		.uleb128 0x2
 1396 0149 18       		.uleb128 0x18
 1397 014a 00       		.byte	0
 1398 014b 00       		.byte	0
 1399 014c 18       		.uleb128 0x18
 1400 014d 13       		.uleb128 0x13
 1401 014e 01       		.byte	0x1
 1402 014f 0B       		.uleb128 0xb
 1403 0150 0B       		.uleb128 0xb
 1404 0151 3A       		.uleb128 0x3a
 1405 0152 0B       		.uleb128 0xb
 1406 0153 3B       		.uleb128 0x3b
 1407 0154 05       		.uleb128 0x5
 1408 0155 01       		.uleb128 0x1
 1409 0156 13       		.uleb128 0x13
 1410 0157 00       		.byte	0
 1411 0158 00       		.byte	0
 1412 0159 19       		.uleb128 0x19
 1413 015a 0D       		.uleb128 0xd
 1414 015b 00       		.byte	0
 1415 015c 03       		.uleb128 0x3
 1416 015d 0E       		.uleb128 0xe
 1417 015e 3A       		.uleb128 0x3a
 1418 015f 0B       		.uleb128 0xb
 1419 0160 3B       		.uleb128 0x3b
 1420 0161 05       		.uleb128 0x5
 1421 0162 49       		.uleb128 0x49
 1422 0163 13       		.uleb128 0x13
 1423 0164 38       		.uleb128 0x38
 1424 0165 0B       		.uleb128 0xb
 1425 0166 00       		.byte	0
 1426 0167 00       		.byte	0
 1427 0168 1A       		.uleb128 0x1a
 1428 0169 01       		.uleb128 0x1
 1429 016a 01       		.byte	0x1
 1430 016b 49       		.uleb128 0x49
 1431 016c 13       		.uleb128 0x13
 1432 016d 01       		.uleb128 0x1
 1433 016e 13       		.uleb128 0x13
 1434 016f 00       		.byte	0
 1435 0170 00       		.byte	0
 1436 0171 1B       		.uleb128 0x1b
 1437 0172 21       		.uleb128 0x21
 1438 0173 00       		.byte	0
 1439 0174 49       		.uleb128 0x49
 1440 0175 13       		.uleb128 0x13
 1441 0176 2F       		.uleb128 0x2f
 1442 0177 0B       		.uleb128 0xb
 1443 0178 00       		.byte	0
 1444 0179 00       		.byte	0
ARM GAS  C:\Users\PC69\AppData\Local\Temp\cc1YaySt.s 			page 33


 1445 017a 1C       		.uleb128 0x1c
 1446 017b 34       		.uleb128 0x34
 1447 017c 00       		.byte	0
 1448 017d 03       		.uleb128 0x3
 1449 017e 08       		.uleb128 0x8
 1450 017f 3A       		.uleb128 0x3a
 1451 0180 0B       		.uleb128 0xb
 1452 0181 3B       		.uleb128 0x3b
 1453 0182 05       		.uleb128 0x5
 1454 0183 49       		.uleb128 0x49
 1455 0184 13       		.uleb128 0x13
 1456 0185 02       		.uleb128 0x2
 1457 0186 18       		.uleb128 0x18
 1458 0187 00       		.byte	0
 1459 0188 00       		.byte	0
 1460 0189 00       		.byte	0
 1461              		.section	.debug_aranges,"",%progbits
 1462 0000 4C000000 		.4byte	0x4c
 1463 0004 0200     		.2byte	0x2
 1464 0006 00000000 		.4byte	.Ldebug_info0
 1465 000a 04       		.byte	0x4
 1466 000b 00       		.byte	0
 1467 000c 0000     		.2byte	0
 1468 000e 0000     		.2byte	0
 1469 0010 00000000 		.4byte	.LFB0
 1470 0014 1E000000 		.4byte	.LFE0-.LFB0
 1471 0018 00000000 		.4byte	.LFB1
 1472 001c 22000000 		.4byte	.LFE1-.LFB1
 1473 0020 00000000 		.4byte	.LFB2
 1474 0024 22000000 		.4byte	.LFE2-.LFB2
 1475 0028 00000000 		.4byte	.LFB3
 1476 002c 80000000 		.4byte	.LFE3-.LFB3
 1477 0030 00000000 		.4byte	.LFB4
 1478 0034 84000000 		.4byte	.LFE4-.LFB4
 1479 0038 00000000 		.4byte	.LFB5
 1480 003c 1C000000 		.4byte	.LFE5-.LFB5
 1481 0040 84000000 		.4byte	.LFB6
 1482 0044 80010000 		.4byte	.LFE6-.LFB6
 1483 0048 00000000 		.4byte	0
 1484 004c 00000000 		.4byte	0
 1485              		.section	.debug_ranges,"",%progbits
 1486              	.Ldebug_ranges0:
 1487 0000 00000000 		.4byte	.LFB0
 1488 0004 1E000000 		.4byte	.LFE0
 1489 0008 00000000 		.4byte	.LFB1
 1490 000c 22000000 		.4byte	.LFE1
 1491 0010 00000000 		.4byte	.LFB2
 1492 0014 22000000 		.4byte	.LFE2
 1493 0018 00000000 		.4byte	.LFB3
 1494 001c 80000000 		.4byte	.LFE3
 1495 0020 00000000 		.4byte	.LFB4
 1496 0024 84000000 		.4byte	.LFE4
 1497 0028 00000000 		.4byte	.LFB5
 1498 002c 1C000000 		.4byte	.LFE5
 1499 0030 84000000 		.4byte	.LFB6
 1500 0034 04020000 		.4byte	.LFE6
 1501 0038 00000000 		.4byte	0
ARM GAS  C:\Users\PC69\AppData\Local\Temp\cc1YaySt.s 			page 34


 1502 003c 00000000 		.4byte	0
 1503              		.section	.debug_line,"",%progbits
 1504              	.Ldebug_line0:
 1505 0000 8F010000 		.section	.debug_str,"MS",%progbits,1
 1505      0200C700 
 1505      00000201 
 1505      FB0E0D00 
 1505      01010101 
 1506              	.LASF18:
 1507 0000 72656733 		.ascii	"reg32\000"
 1507      3200
 1508              	.LASF11:
 1509 0006 73697A65 		.ascii	"size_t\000"
 1509      5F7400
 1510              	.LASF32:
 1511 000d 416E616C 		.ascii	"AnalogSetDefault\000"
 1511      6F675365 
 1511      74446566 
 1511      61756C74 
 1511      00
 1512              	.LASF20:
 1513 001e 76616C75 		.ascii	"value\000"
 1513      6500
 1514              	.LASF30:
 1515 0024 636F756E 		.ascii	"count\000"
 1515      7400
 1516              	.LASF31:
 1517 002a 436C6F63 		.ascii	"ClockSetup\000"
 1517      6B536574 
 1517      757000
 1518              	.LASF33:
 1519 0035 63795F63 		.ascii	"cy_cfg_addr_table\000"
 1519      66675F61 
 1519      6464725F 
 1519      7461626C 
 1519      6500
 1520              	.LASF34:
 1521 0047 63795F63 		.ascii	"cy_cfg_data_table\000"
 1521      66675F64 
 1521      6174615F 
 1521      7461626C 
 1521      6500
 1522              	.LASF15:
 1523 0059 666C6F61 		.ascii	"float\000"
 1523      7400
 1524              	.LASF24:
 1525 005f 64657374 		.ascii	"dest\000"
 1525      00
 1526              	.LASF38:
 1527 0064 6366675F 		.ascii	"cfg_memset_list\000"
 1527      6D656D73 
 1527      65745F6C 
 1527      69737400 
 1528              	.LASF36:
 1529 0074 73697A65 		.ascii	"size\000"
 1529      00
 1530              	.LASF17:
ARM GAS  C:\Users\PC69\AppData\Local\Temp\cc1YaySt.s 			page 35


 1531 0079 72656738 		.ascii	"reg8\000"
 1531      00
 1532              	.LASF6:
 1533 007e 6C6F6E67 		.ascii	"long unsigned int\000"
 1533      20756E73 
 1533      69676E65 
 1533      6420696E 
 1533      7400
 1534              	.LASF12:
 1535 0090 75696E74 		.ascii	"uint8\000"
 1535      3800
 1536              	.LASF41:
 1537 0096 433A5C43 		.ascii	"C:\\Cypress\\IR_sensor_controller\\SCB_Bootloader\\"
 1537      79707265 
 1537      73735C49 
 1537      525F7365 
 1537      6E736F72 
 1538 00c5 49525F73 		.ascii	"IR_sensor_controller.cydsn\000"
 1538      656E736F 
 1538      725F636F 
 1538      6E74726F 
 1538      6C6C6572 
 1539              	.LASF22:
 1540 00e0 43594D45 		.ascii	"CYMEMZERO\000"
 1540      4D5A4552 
 1540      4F00
 1541              	.LASF2:
 1542 00ea 756E7369 		.ascii	"unsigned char\000"
 1542      676E6564 
 1542      20636861 
 1542      7200
 1543              	.LASF16:
 1544 00f8 646F7562 		.ascii	"double\000"
 1544      6C6500
 1545              	.LASF26:
 1546 00ff 6366675F 		.ascii	"cfg_write_bytes32\000"
 1546      77726974 
 1546      655F6279 
 1546      74657333 
 1546      3200
 1547              	.LASF42:
 1548 0111 63796669 		.ascii	"cyfitter_cfg\000"
 1548      74746572 
 1548      5F636667 
 1548      00
 1549              	.LASF27:
 1550 011e 61646472 		.ascii	"addr_table\000"
 1550      5F746162 
 1550      6C6500
 1551              	.LASF13:
 1552 0129 75696E74 		.ascii	"uint16\000"
 1552      313600
 1553              	.LASF28:
 1554 0130 64617461 		.ascii	"data_table\000"
 1554      5F746162 
 1554      6C6500
 1555              	.LASF14:
ARM GAS  C:\Users\PC69\AppData\Local\Temp\cc1YaySt.s 			page 36


 1556 013b 75696E74 		.ascii	"uint32\000"
 1556      333200
 1557              	.LASF39:
 1558 0142 474E5520 		.ascii	"GNU C 4.9.3 20150303 (release) [ARM/embedded-4_9-br"
 1558      4320342E 
 1558      392E3320 
 1558      32303135 
 1558      30333033 
 1559 0175 616E6368 		.ascii	"anch revision 221220] -mcpu=cortex-m0 -mthumb -g -O"
 1559      20726576 
 1559      6973696F 
 1559      6E203232 
 1559      31323230 
 1560 01a8 30202D66 		.ascii	"0 -ffunction-sections -ffat-lto-objects\000"
 1560      66756E63 
 1560      74696F6E 
 1560      2D736563 
 1560      74696F6E 
 1561              	.LASF0:
 1562 01d0 756E7369 		.ascii	"unsigned int\000"
 1562      676E6564 
 1562      20696E74 
 1562      00
 1563              	.LASF35:
 1564 01dd 61646472 		.ascii	"address\000"
 1564      65737300 
 1565              	.LASF8:
 1566 01e5 6C6F6E67 		.ascii	"long long unsigned int\000"
 1566      206C6F6E 
 1566      6720756E 
 1566      7369676E 
 1566      65642069 
 1567              	.LASF37:
 1568 01fc 6366675F 		.ascii	"cfg_memset_t\000"
 1568      6D656D73 
 1568      65745F74 
 1568      00
 1569              	.LASF29:
 1570 0209 62617365 		.ascii	"baseAddr\000"
 1570      41646472 
 1570      00
 1571              	.LASF9:
 1572 0212 73697A65 		.ascii	"sizetype\000"
 1572      74797065 
 1572      00
 1573              	.LASF40:
 1574 021b 2E5C4765 		.ascii	".\\Generated_Source\\PSoC4\\cyfitter_cfg.c\000"
 1574      6E657261 
 1574      7465645F 
 1574      536F7572 
 1574      63655C50 
 1575              	.LASF7:
 1576 0243 6C6F6E67 		.ascii	"long long int\000"
 1576      206C6F6E 
 1576      6720696E 
 1576      7400
 1577              	.LASF10:
ARM GAS  C:\Users\PC69\AppData\Local\Temp\cc1YaySt.s 			page 37


 1578 0251 63686172 		.ascii	"char\000"
 1578      00
 1579              	.LASF21:
 1580 0256 63795F63 		.ascii	"cy_cfg_addrvalue_t\000"
 1580      66675F61 
 1580      64647276 
 1580      616C7565 
 1580      5F7400
 1581              	.LASF19:
 1582 0269 6F666673 		.ascii	"offset\000"
 1582      657400
 1583              	.LASF3:
 1584 0270 73686F72 		.ascii	"short int\000"
 1584      7420696E 
 1584      7400
 1585              	.LASF5:
 1586 027a 6C6F6E67 		.ascii	"long int\000"
 1586      20696E74 
 1586      00
 1587              	.LASF1:
 1588 0283 7369676E 		.ascii	"signed char\000"
 1588      65642063 
 1588      68617200 
 1589              	.LASF4:
 1590 028f 73686F72 		.ascii	"short unsigned int\000"
 1590      7420756E 
 1590      7369676E 
 1590      65642069 
 1590      6E7400
 1591              	.LASF25:
 1592 02a2 4359434F 		.ascii	"CYCONFIGCPYCODE\000"
 1592      4E464947 
 1592      43505943 
 1592      4F444500 
 1593              	.LASF23:
 1594 02b2 4359434F 		.ascii	"CYCONFIGCPY\000"
 1594      4E464947 
 1594      43505900 
 1595              		.ident	"GCC: (GNU Tools for ARM Embedded Processors) 4.9.3 20150303 (release) [ARM/embedded-4_9-br
