ARM GAS  C:\Users\PC69\AppData\Local\Temp\ccq5rhKa.s 			page 1


   1              		.cpu cortex-m0
   2              		.fpu softvfp
   3              		.eabi_attribute 20, 1
   4              		.eabi_attribute 21, 1
   5              		.eabi_attribute 23, 3
   6              		.eabi_attribute 24, 1
   7              		.eabi_attribute 25, 1
   8              		.eabi_attribute 26, 1
   9              		.eabi_attribute 30, 6
  10              		.eabi_attribute 34, 0
  11              		.eabi_attribute 18, 4
  12              		.code	16
  13              		.file	"Debug_LED_reg_PM.c"
  14              		.text
  15              	.Ltext0:
  16              		.cfi_sections	.debug_frame
  17              		.bss
  18              		.align	2
  19              	Debug_LED_reg_backup:
  20 0000 00       		.space	1
  21 0001 000000   		.section	.text.Debug_LED_reg_SaveConfig,"ax",%progbits
  22              		.align	2
  23              		.global	Debug_LED_reg_SaveConfig
  24              		.code	16
  25              		.thumb_func
  26              		.type	Debug_LED_reg_SaveConfig, %function
  27              	Debug_LED_reg_SaveConfig:
  28              	.LFB0:
  29              		.file 1 ".\\Generated_Source\\PSoC4\\Debug_LED_reg_PM.c"
   1:.\Generated_Source\PSoC4/Debug_LED_reg_PM.c **** /*******************************************************************************
   2:.\Generated_Source\PSoC4/Debug_LED_reg_PM.c **** * File Name: Debug_LED_reg_PM.c
   3:.\Generated_Source\PSoC4/Debug_LED_reg_PM.c **** * Version 1.80
   4:.\Generated_Source\PSoC4/Debug_LED_reg_PM.c **** *
   5:.\Generated_Source\PSoC4/Debug_LED_reg_PM.c **** * Description:
   6:.\Generated_Source\PSoC4/Debug_LED_reg_PM.c **** *  This file contains the setup, control, and status commands to support 
   7:.\Generated_Source\PSoC4/Debug_LED_reg_PM.c **** *  the component operation in the low power mode. 
   8:.\Generated_Source\PSoC4/Debug_LED_reg_PM.c **** *
   9:.\Generated_Source\PSoC4/Debug_LED_reg_PM.c **** * Note:
  10:.\Generated_Source\PSoC4/Debug_LED_reg_PM.c **** *
  11:.\Generated_Source\PSoC4/Debug_LED_reg_PM.c **** ********************************************************************************
  12:.\Generated_Source\PSoC4/Debug_LED_reg_PM.c **** * Copyright 2015, Cypress Semiconductor Corporation.  All rights reserved.
  13:.\Generated_Source\PSoC4/Debug_LED_reg_PM.c **** * You may use this file only in accordance with the license, terms, conditions, 
  14:.\Generated_Source\PSoC4/Debug_LED_reg_PM.c **** * disclaimers, and limitations in the end user license agreement accompanying 
  15:.\Generated_Source\PSoC4/Debug_LED_reg_PM.c **** * the software package with which this file was provided.
  16:.\Generated_Source\PSoC4/Debug_LED_reg_PM.c **** *******************************************************************************/
  17:.\Generated_Source\PSoC4/Debug_LED_reg_PM.c **** 
  18:.\Generated_Source\PSoC4/Debug_LED_reg_PM.c **** #include "Debug_LED_reg.h"
  19:.\Generated_Source\PSoC4/Debug_LED_reg_PM.c **** 
  20:.\Generated_Source\PSoC4/Debug_LED_reg_PM.c **** /* Check for removal by optimization */
  21:.\Generated_Source\PSoC4/Debug_LED_reg_PM.c **** #if !defined(Debug_LED_reg_Sync_ctrl_reg__REMOVED)
  22:.\Generated_Source\PSoC4/Debug_LED_reg_PM.c **** 
  23:.\Generated_Source\PSoC4/Debug_LED_reg_PM.c **** static Debug_LED_reg_BACKUP_STRUCT  Debug_LED_reg_backup = {0u};
  24:.\Generated_Source\PSoC4/Debug_LED_reg_PM.c **** 
  25:.\Generated_Source\PSoC4/Debug_LED_reg_PM.c ****     
  26:.\Generated_Source\PSoC4/Debug_LED_reg_PM.c **** /*******************************************************************************
  27:.\Generated_Source\PSoC4/Debug_LED_reg_PM.c **** * Function Name: Debug_LED_reg_SaveConfig
  28:.\Generated_Source\PSoC4/Debug_LED_reg_PM.c **** ********************************************************************************
ARM GAS  C:\Users\PC69\AppData\Local\Temp\ccq5rhKa.s 			page 2


  29:.\Generated_Source\PSoC4/Debug_LED_reg_PM.c **** *
  30:.\Generated_Source\PSoC4/Debug_LED_reg_PM.c **** * Summary:
  31:.\Generated_Source\PSoC4/Debug_LED_reg_PM.c **** *  Saves the control register value.
  32:.\Generated_Source\PSoC4/Debug_LED_reg_PM.c **** *
  33:.\Generated_Source\PSoC4/Debug_LED_reg_PM.c **** * Parameters:
  34:.\Generated_Source\PSoC4/Debug_LED_reg_PM.c **** *  None
  35:.\Generated_Source\PSoC4/Debug_LED_reg_PM.c **** *
  36:.\Generated_Source\PSoC4/Debug_LED_reg_PM.c **** * Return:
  37:.\Generated_Source\PSoC4/Debug_LED_reg_PM.c **** *  None
  38:.\Generated_Source\PSoC4/Debug_LED_reg_PM.c **** *
  39:.\Generated_Source\PSoC4/Debug_LED_reg_PM.c **** *******************************************************************************/
  40:.\Generated_Source\PSoC4/Debug_LED_reg_PM.c **** void Debug_LED_reg_SaveConfig(void) 
  41:.\Generated_Source\PSoC4/Debug_LED_reg_PM.c **** {
  30              		.loc 1 41 0
  31              		.cfi_startproc
  32 0000 80B5     		push	{r7, lr}
  33              		.cfi_def_cfa_offset 8
  34              		.cfi_offset 7, -8
  35              		.cfi_offset 14, -4
  36 0002 00AF     		add	r7, sp, #0
  37              		.cfi_def_cfa_register 7
  42:.\Generated_Source\PSoC4/Debug_LED_reg_PM.c ****     Debug_LED_reg_backup.controlState = Debug_LED_reg_Control;
  38              		.loc 1 42 0
  39 0004 034B     		ldr	r3, .L2
  40 0006 1B78     		ldrb	r3, [r3]
  41 0008 DAB2     		uxtb	r2, r3
  42 000a 034B     		ldr	r3, .L2+4
  43 000c 1A70     		strb	r2, [r3]
  43:.\Generated_Source\PSoC4/Debug_LED_reg_PM.c **** }
  44              		.loc 1 43 0
  45 000e BD46     		mov	sp, r7
  46              		@ sp needed
  47 0010 80BD     		pop	{r7, pc}
  48              	.L3:
  49 0012 C046     		.align	2
  50              	.L2:
  51 0014 72000F40 		.word	1074724978
  52 0018 00000000 		.word	Debug_LED_reg_backup
  53              		.cfi_endproc
  54              	.LFE0:
  55              		.size	Debug_LED_reg_SaveConfig, .-Debug_LED_reg_SaveConfig
  56              		.section	.text.Debug_LED_reg_RestoreConfig,"ax",%progbits
  57              		.align	2
  58              		.global	Debug_LED_reg_RestoreConfig
  59              		.code	16
  60              		.thumb_func
  61              		.type	Debug_LED_reg_RestoreConfig, %function
  62              	Debug_LED_reg_RestoreConfig:
  63              	.LFB1:
  44:.\Generated_Source\PSoC4/Debug_LED_reg_PM.c **** 
  45:.\Generated_Source\PSoC4/Debug_LED_reg_PM.c **** 
  46:.\Generated_Source\PSoC4/Debug_LED_reg_PM.c **** /*******************************************************************************
  47:.\Generated_Source\PSoC4/Debug_LED_reg_PM.c **** * Function Name: Debug_LED_reg_RestoreConfig
  48:.\Generated_Source\PSoC4/Debug_LED_reg_PM.c **** ********************************************************************************
  49:.\Generated_Source\PSoC4/Debug_LED_reg_PM.c **** *
  50:.\Generated_Source\PSoC4/Debug_LED_reg_PM.c **** * Summary:
  51:.\Generated_Source\PSoC4/Debug_LED_reg_PM.c **** *  Restores the control register value.
ARM GAS  C:\Users\PC69\AppData\Local\Temp\ccq5rhKa.s 			page 3


  52:.\Generated_Source\PSoC4/Debug_LED_reg_PM.c **** *
  53:.\Generated_Source\PSoC4/Debug_LED_reg_PM.c **** * Parameters:
  54:.\Generated_Source\PSoC4/Debug_LED_reg_PM.c **** *  None
  55:.\Generated_Source\PSoC4/Debug_LED_reg_PM.c **** *
  56:.\Generated_Source\PSoC4/Debug_LED_reg_PM.c **** * Return:
  57:.\Generated_Source\PSoC4/Debug_LED_reg_PM.c **** *  None
  58:.\Generated_Source\PSoC4/Debug_LED_reg_PM.c **** *
  59:.\Generated_Source\PSoC4/Debug_LED_reg_PM.c **** *
  60:.\Generated_Source\PSoC4/Debug_LED_reg_PM.c **** *******************************************************************************/
  61:.\Generated_Source\PSoC4/Debug_LED_reg_PM.c **** void Debug_LED_reg_RestoreConfig(void) 
  62:.\Generated_Source\PSoC4/Debug_LED_reg_PM.c **** {
  64              		.loc 1 62 0
  65              		.cfi_startproc
  66 0000 80B5     		push	{r7, lr}
  67              		.cfi_def_cfa_offset 8
  68              		.cfi_offset 7, -8
  69              		.cfi_offset 14, -4
  70 0002 00AF     		add	r7, sp, #0
  71              		.cfi_def_cfa_register 7
  63:.\Generated_Source\PSoC4/Debug_LED_reg_PM.c ****      Debug_LED_reg_Control = Debug_LED_reg_backup.controlState;
  72              		.loc 1 63 0
  73 0004 024A     		ldr	r2, .L5
  74 0006 034B     		ldr	r3, .L5+4
  75 0008 1B78     		ldrb	r3, [r3]
  76 000a 1370     		strb	r3, [r2]
  64:.\Generated_Source\PSoC4/Debug_LED_reg_PM.c **** }
  77              		.loc 1 64 0
  78 000c BD46     		mov	sp, r7
  79              		@ sp needed
  80 000e 80BD     		pop	{r7, pc}
  81              	.L6:
  82              		.align	2
  83              	.L5:
  84 0010 72000F40 		.word	1074724978
  85 0014 00000000 		.word	Debug_LED_reg_backup
  86              		.cfi_endproc
  87              	.LFE1:
  88              		.size	Debug_LED_reg_RestoreConfig, .-Debug_LED_reg_RestoreConfig
  89              		.section	.text.Debug_LED_reg_Sleep,"ax",%progbits
  90              		.align	2
  91              		.global	Debug_LED_reg_Sleep
  92              		.code	16
  93              		.thumb_func
  94              		.type	Debug_LED_reg_Sleep, %function
  95              	Debug_LED_reg_Sleep:
  96              	.LFB2:
  65:.\Generated_Source\PSoC4/Debug_LED_reg_PM.c **** 
  66:.\Generated_Source\PSoC4/Debug_LED_reg_PM.c **** 
  67:.\Generated_Source\PSoC4/Debug_LED_reg_PM.c **** /*******************************************************************************
  68:.\Generated_Source\PSoC4/Debug_LED_reg_PM.c **** * Function Name: Debug_LED_reg_Sleep
  69:.\Generated_Source\PSoC4/Debug_LED_reg_PM.c **** ********************************************************************************
  70:.\Generated_Source\PSoC4/Debug_LED_reg_PM.c **** *
  71:.\Generated_Source\PSoC4/Debug_LED_reg_PM.c **** * Summary:
  72:.\Generated_Source\PSoC4/Debug_LED_reg_PM.c **** *  Prepares the component for entering the low power mode.
  73:.\Generated_Source\PSoC4/Debug_LED_reg_PM.c **** *
  74:.\Generated_Source\PSoC4/Debug_LED_reg_PM.c **** * Parameters:
  75:.\Generated_Source\PSoC4/Debug_LED_reg_PM.c **** *  None
ARM GAS  C:\Users\PC69\AppData\Local\Temp\ccq5rhKa.s 			page 4


  76:.\Generated_Source\PSoC4/Debug_LED_reg_PM.c **** *
  77:.\Generated_Source\PSoC4/Debug_LED_reg_PM.c **** * Return:
  78:.\Generated_Source\PSoC4/Debug_LED_reg_PM.c **** *  None
  79:.\Generated_Source\PSoC4/Debug_LED_reg_PM.c **** *
  80:.\Generated_Source\PSoC4/Debug_LED_reg_PM.c **** *******************************************************************************/
  81:.\Generated_Source\PSoC4/Debug_LED_reg_PM.c **** void Debug_LED_reg_Sleep(void) 
  82:.\Generated_Source\PSoC4/Debug_LED_reg_PM.c **** {
  97              		.loc 1 82 0
  98              		.cfi_startproc
  99 0000 80B5     		push	{r7, lr}
 100              		.cfi_def_cfa_offset 8
 101              		.cfi_offset 7, -8
 102              		.cfi_offset 14, -4
 103 0002 00AF     		add	r7, sp, #0
 104              		.cfi_def_cfa_register 7
  83:.\Generated_Source\PSoC4/Debug_LED_reg_PM.c ****     Debug_LED_reg_SaveConfig();
 105              		.loc 1 83 0
 106 0004 FFF7FEFF 		bl	Debug_LED_reg_SaveConfig
  84:.\Generated_Source\PSoC4/Debug_LED_reg_PM.c **** }
 107              		.loc 1 84 0
 108 0008 BD46     		mov	sp, r7
 109              		@ sp needed
 110 000a 80BD     		pop	{r7, pc}
 111              		.cfi_endproc
 112              	.LFE2:
 113              		.size	Debug_LED_reg_Sleep, .-Debug_LED_reg_Sleep
 114              		.section	.text.Debug_LED_reg_Wakeup,"ax",%progbits
 115              		.align	2
 116              		.global	Debug_LED_reg_Wakeup
 117              		.code	16
 118              		.thumb_func
 119              		.type	Debug_LED_reg_Wakeup, %function
 120              	Debug_LED_reg_Wakeup:
 121              	.LFB3:
  85:.\Generated_Source\PSoC4/Debug_LED_reg_PM.c **** 
  86:.\Generated_Source\PSoC4/Debug_LED_reg_PM.c **** 
  87:.\Generated_Source\PSoC4/Debug_LED_reg_PM.c **** /*******************************************************************************
  88:.\Generated_Source\PSoC4/Debug_LED_reg_PM.c **** * Function Name: Debug_LED_reg_Wakeup
  89:.\Generated_Source\PSoC4/Debug_LED_reg_PM.c **** ********************************************************************************
  90:.\Generated_Source\PSoC4/Debug_LED_reg_PM.c **** *
  91:.\Generated_Source\PSoC4/Debug_LED_reg_PM.c **** * Summary:
  92:.\Generated_Source\PSoC4/Debug_LED_reg_PM.c **** *  Restores the component after waking up from the low power mode.
  93:.\Generated_Source\PSoC4/Debug_LED_reg_PM.c **** *
  94:.\Generated_Source\PSoC4/Debug_LED_reg_PM.c **** * Parameters:
  95:.\Generated_Source\PSoC4/Debug_LED_reg_PM.c **** *  None
  96:.\Generated_Source\PSoC4/Debug_LED_reg_PM.c **** *
  97:.\Generated_Source\PSoC4/Debug_LED_reg_PM.c **** * Return:
  98:.\Generated_Source\PSoC4/Debug_LED_reg_PM.c **** *  None
  99:.\Generated_Source\PSoC4/Debug_LED_reg_PM.c **** *
 100:.\Generated_Source\PSoC4/Debug_LED_reg_PM.c **** *******************************************************************************/
 101:.\Generated_Source\PSoC4/Debug_LED_reg_PM.c **** void Debug_LED_reg_Wakeup(void)  
 102:.\Generated_Source\PSoC4/Debug_LED_reg_PM.c **** {
 122              		.loc 1 102 0
 123              		.cfi_startproc
 124 0000 80B5     		push	{r7, lr}
 125              		.cfi_def_cfa_offset 8
 126              		.cfi_offset 7, -8
ARM GAS  C:\Users\PC69\AppData\Local\Temp\ccq5rhKa.s 			page 5


 127              		.cfi_offset 14, -4
 128 0002 00AF     		add	r7, sp, #0
 129              		.cfi_def_cfa_register 7
 103:.\Generated_Source\PSoC4/Debug_LED_reg_PM.c ****     Debug_LED_reg_RestoreConfig();
 130              		.loc 1 103 0
 131 0004 FFF7FEFF 		bl	Debug_LED_reg_RestoreConfig
 104:.\Generated_Source\PSoC4/Debug_LED_reg_PM.c **** }
 132              		.loc 1 104 0
 133 0008 BD46     		mov	sp, r7
 134              		@ sp needed
 135 000a 80BD     		pop	{r7, pc}
 136              		.cfi_endproc
 137              	.LFE3:
 138              		.size	Debug_LED_reg_Wakeup, .-Debug_LED_reg_Wakeup
 139              		.text
 140              	.Letext0:
 141              		.file 2 ".\\Generated_Source\\PSoC4\\cytypes.h"
 142              		.file 3 ".\\Generated_Source\\PSoC4\\Debug_LED_reg.h"
 143              		.section	.debug_info,"",%progbits
 144              	.Ldebug_info0:
 145 0000 0E010000 		.4byte	0x10e
 146 0004 0400     		.2byte	0x4
 147 0006 00000000 		.4byte	.Ldebug_abbrev0
 148 000a 04       		.byte	0x4
 149 000b 01       		.uleb128 0x1
 150 000c 12010000 		.4byte	.LASF19
 151 0010 01       		.byte	0x1
 152 0011 C4010000 		.4byte	.LASF20
 153 0015 B4000000 		.4byte	.LASF21
 154 0019 00000000 		.4byte	.Ldebug_ranges0+0
 155 001d 00000000 		.4byte	0
 156 0021 00000000 		.4byte	.Ldebug_line0
 157 0025 02       		.uleb128 0x2
 158 0026 01       		.byte	0x1
 159 0027 06       		.byte	0x6
 160 0028 35020000 		.4byte	.LASF0
 161 002c 02       		.uleb128 0x2
 162 002d 01       		.byte	0x1
 163 002e 08       		.byte	0x8
 164 002f 7C000000 		.4byte	.LASF1
 165 0033 02       		.uleb128 0x2
 166 0034 02       		.byte	0x2
 167 0035 05       		.byte	0x5
 168 0036 03020000 		.4byte	.LASF2
 169 003a 02       		.uleb128 0x2
 170 003b 02       		.byte	0x2
 171 003c 07       		.byte	0x7
 172 003d A1000000 		.4byte	.LASF3
 173 0041 02       		.uleb128 0x2
 174 0042 04       		.byte	0x4
 175 0043 05       		.byte	0x5
 176 0044 2C020000 		.4byte	.LASF4
 177 0048 02       		.uleb128 0x2
 178 0049 04       		.byte	0x4
 179 004a 07       		.byte	0x7
 180 004b 8F000000 		.4byte	.LASF5
 181 004f 02       		.uleb128 0x2
ARM GAS  C:\Users\PC69\AppData\Local\Temp\ccq5rhKa.s 			page 6


 182 0050 08       		.byte	0x8
 183 0051 05       		.byte	0x5
 184 0052 F0010000 		.4byte	.LASF6
 185 0056 02       		.uleb128 0x2
 186 0057 08       		.byte	0x8
 187 0058 07       		.byte	0x7
 188 0059 AD010000 		.4byte	.LASF7
 189 005d 03       		.uleb128 0x3
 190 005e 04       		.byte	0x4
 191 005f 05       		.byte	0x5
 192 0060 696E7400 		.ascii	"int\000"
 193 0064 02       		.uleb128 0x2
 194 0065 04       		.byte	0x4
 195 0066 07       		.byte	0x7
 196 0067 A0010000 		.4byte	.LASF8
 197 006b 04       		.uleb128 0x4
 198 006c 0D020000 		.4byte	.LASF12
 199 0070 02       		.byte	0x2
 200 0071 A1       		.byte	0xa1
 201 0072 2C000000 		.4byte	0x2c
 202 0076 02       		.uleb128 0x2
 203 0077 04       		.byte	0x4
 204 0078 04       		.byte	0x4
 205 0079 61000000 		.4byte	.LASF9
 206 007d 02       		.uleb128 0x2
 207 007e 08       		.byte	0x8
 208 007f 04       		.byte	0x4
 209 0080 0B010000 		.4byte	.LASF10
 210 0084 02       		.uleb128 0x2
 211 0085 01       		.byte	0x1
 212 0086 08       		.byte	0x8
 213 0087 FE010000 		.4byte	.LASF11
 214 008b 05       		.uleb128 0x5
 215 008c 8A000000 		.4byte	.LASF13
 216 0090 02       		.byte	0x2
 217 0091 4B01     		.2byte	0x14b
 218 0093 97000000 		.4byte	0x97
 219 0097 06       		.uleb128 0x6
 220 0098 6B000000 		.4byte	0x6b
 221 009c 07       		.uleb128 0x7
 222 009d 01       		.byte	0x1
 223 009e 03       		.byte	0x3
 224 009f 1C       		.byte	0x1c
 225 00a0 B1000000 		.4byte	0xb1
 226 00a4 08       		.uleb128 0x8
 227 00a5 FE000000 		.4byte	.LASF22
 228 00a9 03       		.byte	0x3
 229 00aa 1E       		.byte	0x1e
 230 00ab 6B000000 		.4byte	0x6b
 231 00af 00       		.byte	0
 232 00b0 00       		.byte	0
 233 00b1 04       		.uleb128 0x4
 234 00b2 14000000 		.4byte	.LASF14
 235 00b6 03       		.byte	0x3
 236 00b7 20       		.byte	0x20
 237 00b8 9C000000 		.4byte	0x9c
 238 00bc 09       		.uleb128 0x9
ARM GAS  C:\Users\PC69\AppData\Local\Temp\ccq5rhKa.s 			page 7


 239 00bd 13020000 		.4byte	.LASF15
 240 00c1 01       		.byte	0x1
 241 00c2 28       		.byte	0x28
 242 00c3 00000000 		.4byte	.LFB0
 243 00c7 1C000000 		.4byte	.LFE0-.LFB0
 244 00cb 01       		.uleb128 0x1
 245 00cc 9C       		.byte	0x9c
 246 00cd 09       		.uleb128 0x9
 247 00ce 45000000 		.4byte	.LASF16
 248 00d2 01       		.byte	0x1
 249 00d3 3D       		.byte	0x3d
 250 00d4 00000000 		.4byte	.LFB1
 251 00d8 18000000 		.4byte	.LFE1-.LFB1
 252 00dc 01       		.uleb128 0x1
 253 00dd 9C       		.byte	0x9c
 254 00de 0A       		.uleb128 0xa
 255 00df 00000000 		.4byte	.LASF17
 256 00e3 01       		.byte	0x1
 257 00e4 51       		.byte	0x51
 258 00e5 00000000 		.4byte	.LFB2
 259 00e9 0C000000 		.4byte	.LFE2-.LFB2
 260 00ed 01       		.uleb128 0x1
 261 00ee 9C       		.byte	0x9c
 262 00ef 0A       		.uleb128 0xa
 263 00f0 67000000 		.4byte	.LASF18
 264 00f4 01       		.byte	0x1
 265 00f5 65       		.byte	0x65
 266 00f6 00000000 		.4byte	.LFB3
 267 00fa 0C000000 		.4byte	.LFE3-.LFB3
 268 00fe 01       		.uleb128 0x1
 269 00ff 9C       		.byte	0x9c
 270 0100 0B       		.uleb128 0xb
 271 0101 30000000 		.4byte	.LASF23
 272 0105 01       		.byte	0x1
 273 0106 17       		.byte	0x17
 274 0107 B1000000 		.4byte	0xb1
 275 010b 05       		.uleb128 0x5
 276 010c 03       		.byte	0x3
 277 010d 00000000 		.4byte	Debug_LED_reg_backup
 278 0111 00       		.byte	0
 279              		.section	.debug_abbrev,"",%progbits
 280              	.Ldebug_abbrev0:
 281 0000 01       		.uleb128 0x1
 282 0001 11       		.uleb128 0x11
 283 0002 01       		.byte	0x1
 284 0003 25       		.uleb128 0x25
 285 0004 0E       		.uleb128 0xe
 286 0005 13       		.uleb128 0x13
 287 0006 0B       		.uleb128 0xb
 288 0007 03       		.uleb128 0x3
 289 0008 0E       		.uleb128 0xe
 290 0009 1B       		.uleb128 0x1b
 291 000a 0E       		.uleb128 0xe
 292 000b 55       		.uleb128 0x55
 293 000c 17       		.uleb128 0x17
 294 000d 11       		.uleb128 0x11
 295 000e 01       		.uleb128 0x1
ARM GAS  C:\Users\PC69\AppData\Local\Temp\ccq5rhKa.s 			page 8


 296 000f 10       		.uleb128 0x10
 297 0010 17       		.uleb128 0x17
 298 0011 00       		.byte	0
 299 0012 00       		.byte	0
 300 0013 02       		.uleb128 0x2
 301 0014 24       		.uleb128 0x24
 302 0015 00       		.byte	0
 303 0016 0B       		.uleb128 0xb
 304 0017 0B       		.uleb128 0xb
 305 0018 3E       		.uleb128 0x3e
 306 0019 0B       		.uleb128 0xb
 307 001a 03       		.uleb128 0x3
 308 001b 0E       		.uleb128 0xe
 309 001c 00       		.byte	0
 310 001d 00       		.byte	0
 311 001e 03       		.uleb128 0x3
 312 001f 24       		.uleb128 0x24
 313 0020 00       		.byte	0
 314 0021 0B       		.uleb128 0xb
 315 0022 0B       		.uleb128 0xb
 316 0023 3E       		.uleb128 0x3e
 317 0024 0B       		.uleb128 0xb
 318 0025 03       		.uleb128 0x3
 319 0026 08       		.uleb128 0x8
 320 0027 00       		.byte	0
 321 0028 00       		.byte	0
 322 0029 04       		.uleb128 0x4
 323 002a 16       		.uleb128 0x16
 324 002b 00       		.byte	0
 325 002c 03       		.uleb128 0x3
 326 002d 0E       		.uleb128 0xe
 327 002e 3A       		.uleb128 0x3a
 328 002f 0B       		.uleb128 0xb
 329 0030 3B       		.uleb128 0x3b
 330 0031 0B       		.uleb128 0xb
 331 0032 49       		.uleb128 0x49
 332 0033 13       		.uleb128 0x13
 333 0034 00       		.byte	0
 334 0035 00       		.byte	0
 335 0036 05       		.uleb128 0x5
 336 0037 16       		.uleb128 0x16
 337 0038 00       		.byte	0
 338 0039 03       		.uleb128 0x3
 339 003a 0E       		.uleb128 0xe
 340 003b 3A       		.uleb128 0x3a
 341 003c 0B       		.uleb128 0xb
 342 003d 3B       		.uleb128 0x3b
 343 003e 05       		.uleb128 0x5
 344 003f 49       		.uleb128 0x49
 345 0040 13       		.uleb128 0x13
 346 0041 00       		.byte	0
 347 0042 00       		.byte	0
 348 0043 06       		.uleb128 0x6
 349 0044 35       		.uleb128 0x35
 350 0045 00       		.byte	0
 351 0046 49       		.uleb128 0x49
 352 0047 13       		.uleb128 0x13
ARM GAS  C:\Users\PC69\AppData\Local\Temp\ccq5rhKa.s 			page 9


 353 0048 00       		.byte	0
 354 0049 00       		.byte	0
 355 004a 07       		.uleb128 0x7
 356 004b 13       		.uleb128 0x13
 357 004c 01       		.byte	0x1
 358 004d 0B       		.uleb128 0xb
 359 004e 0B       		.uleb128 0xb
 360 004f 3A       		.uleb128 0x3a
 361 0050 0B       		.uleb128 0xb
 362 0051 3B       		.uleb128 0x3b
 363 0052 0B       		.uleb128 0xb
 364 0053 01       		.uleb128 0x1
 365 0054 13       		.uleb128 0x13
 366 0055 00       		.byte	0
 367 0056 00       		.byte	0
 368 0057 08       		.uleb128 0x8
 369 0058 0D       		.uleb128 0xd
 370 0059 00       		.byte	0
 371 005a 03       		.uleb128 0x3
 372 005b 0E       		.uleb128 0xe
 373 005c 3A       		.uleb128 0x3a
 374 005d 0B       		.uleb128 0xb
 375 005e 3B       		.uleb128 0x3b
 376 005f 0B       		.uleb128 0xb
 377 0060 49       		.uleb128 0x49
 378 0061 13       		.uleb128 0x13
 379 0062 38       		.uleb128 0x38
 380 0063 0B       		.uleb128 0xb
 381 0064 00       		.byte	0
 382 0065 00       		.byte	0
 383 0066 09       		.uleb128 0x9
 384 0067 2E       		.uleb128 0x2e
 385 0068 00       		.byte	0
 386 0069 3F       		.uleb128 0x3f
 387 006a 19       		.uleb128 0x19
 388 006b 03       		.uleb128 0x3
 389 006c 0E       		.uleb128 0xe
 390 006d 3A       		.uleb128 0x3a
 391 006e 0B       		.uleb128 0xb
 392 006f 3B       		.uleb128 0x3b
 393 0070 0B       		.uleb128 0xb
 394 0071 27       		.uleb128 0x27
 395 0072 19       		.uleb128 0x19
 396 0073 11       		.uleb128 0x11
 397 0074 01       		.uleb128 0x1
 398 0075 12       		.uleb128 0x12
 399 0076 06       		.uleb128 0x6
 400 0077 40       		.uleb128 0x40
 401 0078 18       		.uleb128 0x18
 402 0079 9742     		.uleb128 0x2117
 403 007b 19       		.uleb128 0x19
 404 007c 00       		.byte	0
 405 007d 00       		.byte	0
 406 007e 0A       		.uleb128 0xa
 407 007f 2E       		.uleb128 0x2e
 408 0080 00       		.byte	0
 409 0081 3F       		.uleb128 0x3f
ARM GAS  C:\Users\PC69\AppData\Local\Temp\ccq5rhKa.s 			page 10


 410 0082 19       		.uleb128 0x19
 411 0083 03       		.uleb128 0x3
 412 0084 0E       		.uleb128 0xe
 413 0085 3A       		.uleb128 0x3a
 414 0086 0B       		.uleb128 0xb
 415 0087 3B       		.uleb128 0x3b
 416 0088 0B       		.uleb128 0xb
 417 0089 27       		.uleb128 0x27
 418 008a 19       		.uleb128 0x19
 419 008b 11       		.uleb128 0x11
 420 008c 01       		.uleb128 0x1
 421 008d 12       		.uleb128 0x12
 422 008e 06       		.uleb128 0x6
 423 008f 40       		.uleb128 0x40
 424 0090 18       		.uleb128 0x18
 425 0091 9642     		.uleb128 0x2116
 426 0093 19       		.uleb128 0x19
 427 0094 00       		.byte	0
 428 0095 00       		.byte	0
 429 0096 0B       		.uleb128 0xb
 430 0097 34       		.uleb128 0x34
 431 0098 00       		.byte	0
 432 0099 03       		.uleb128 0x3
 433 009a 0E       		.uleb128 0xe
 434 009b 3A       		.uleb128 0x3a
 435 009c 0B       		.uleb128 0xb
 436 009d 3B       		.uleb128 0x3b
 437 009e 0B       		.uleb128 0xb
 438 009f 49       		.uleb128 0x49
 439 00a0 13       		.uleb128 0x13
 440 00a1 02       		.uleb128 0x2
 441 00a2 18       		.uleb128 0x18
 442 00a3 00       		.byte	0
 443 00a4 00       		.byte	0
 444 00a5 00       		.byte	0
 445              		.section	.debug_aranges,"",%progbits
 446 0000 34000000 		.4byte	0x34
 447 0004 0200     		.2byte	0x2
 448 0006 00000000 		.4byte	.Ldebug_info0
 449 000a 04       		.byte	0x4
 450 000b 00       		.byte	0
 451 000c 0000     		.2byte	0
 452 000e 0000     		.2byte	0
 453 0010 00000000 		.4byte	.LFB0
 454 0014 1C000000 		.4byte	.LFE0-.LFB0
 455 0018 00000000 		.4byte	.LFB1
 456 001c 18000000 		.4byte	.LFE1-.LFB1
 457 0020 00000000 		.4byte	.LFB2
 458 0024 0C000000 		.4byte	.LFE2-.LFB2
 459 0028 00000000 		.4byte	.LFB3
 460 002c 0C000000 		.4byte	.LFE3-.LFB3
 461 0030 00000000 		.4byte	0
 462 0034 00000000 		.4byte	0
 463              		.section	.debug_ranges,"",%progbits
 464              	.Ldebug_ranges0:
 465 0000 00000000 		.4byte	.LFB0
 466 0004 1C000000 		.4byte	.LFE0
ARM GAS  C:\Users\PC69\AppData\Local\Temp\ccq5rhKa.s 			page 11


 467 0008 00000000 		.4byte	.LFB1
 468 000c 18000000 		.4byte	.LFE1
 469 0010 00000000 		.4byte	.LFB2
 470 0014 0C000000 		.4byte	.LFE2
 471 0018 00000000 		.4byte	.LFB3
 472 001c 0C000000 		.4byte	.LFE3
 473 0020 00000000 		.4byte	0
 474 0024 00000000 		.4byte	0
 475              		.section	.debug_line,"",%progbits
 476              	.Ldebug_line0:
 477 0000 AE000000 		.section	.debug_str,"MS",%progbits,1
 477      02006200 
 477      00000201 
 477      FB0E0D00 
 477      01010101 
 478              	.LASF17:
 479 0000 44656275 		.ascii	"Debug_LED_reg_Sleep\000"
 479      675F4C45 
 479      445F7265 
 479      675F536C 
 479      65657000 
 480              	.LASF14:
 481 0014 44656275 		.ascii	"Debug_LED_reg_BACKUP_STRUCT\000"
 481      675F4C45 
 481      445F7265 
 481      675F4241 
 481      434B5550 
 482              	.LASF23:
 483 0030 44656275 		.ascii	"Debug_LED_reg_backup\000"
 483      675F4C45 
 483      445F7265 
 483      675F6261 
 483      636B7570 
 484              	.LASF16:
 485 0045 44656275 		.ascii	"Debug_LED_reg_RestoreConfig\000"
 485      675F4C45 
 485      445F7265 
 485      675F5265 
 485      73746F72 
 486              	.LASF9:
 487 0061 666C6F61 		.ascii	"float\000"
 487      7400
 488              	.LASF18:
 489 0067 44656275 		.ascii	"Debug_LED_reg_Wakeup\000"
 489      675F4C45 
 489      445F7265 
 489      675F5761 
 489      6B657570 
 490              	.LASF1:
 491 007c 756E7369 		.ascii	"unsigned char\000"
 491      676E6564 
 491      20636861 
 491      7200
 492              	.LASF13:
 493 008a 72656738 		.ascii	"reg8\000"
 493      00
 494              	.LASF5:
ARM GAS  C:\Users\PC69\AppData\Local\Temp\ccq5rhKa.s 			page 12


 495 008f 6C6F6E67 		.ascii	"long unsigned int\000"
 495      20756E73 
 495      69676E65 
 495      6420696E 
 495      7400
 496              	.LASF3:
 497 00a1 73686F72 		.ascii	"short unsigned int\000"
 497      7420756E 
 497      7369676E 
 497      65642069 
 497      6E7400
 498              	.LASF21:
 499 00b4 433A5C43 		.ascii	"C:\\Cypress\\IR_sensor_controller\\SCB_Bootloader\\"
 499      79707265 
 499      73735C49 
 499      525F7365 
 499      6E736F72 
 500 00e3 49525F73 		.ascii	"IR_sensor_controller.cydsn\000"
 500      656E736F 
 500      725F636F 
 500      6E74726F 
 500      6C6C6572 
 501              	.LASF22:
 502 00fe 636F6E74 		.ascii	"controlState\000"
 502      726F6C53 
 502      74617465 
 502      00
 503              	.LASF10:
 504 010b 646F7562 		.ascii	"double\000"
 504      6C6500
 505              	.LASF19:
 506 0112 474E5520 		.ascii	"GNU C 4.9.3 20150303 (release) [ARM/embedded-4_9-br"
 506      4320342E 
 506      392E3320 
 506      32303135 
 506      30333033 
 507 0145 616E6368 		.ascii	"anch revision 221220] -mcpu=cortex-m0 -mthumb -g -O"
 507      20726576 
 507      6973696F 
 507      6E203232 
 507      31323230 
 508 0178 30202D66 		.ascii	"0 -ffunction-sections -ffat-lto-objects\000"
 508      66756E63 
 508      74696F6E 
 508      2D736563 
 508      74696F6E 
 509              	.LASF8:
 510 01a0 756E7369 		.ascii	"unsigned int\000"
 510      676E6564 
 510      20696E74 
 510      00
 511              	.LASF7:
 512 01ad 6C6F6E67 		.ascii	"long long unsigned int\000"
 512      206C6F6E 
 512      6720756E 
 512      7369676E 
 512      65642069 
ARM GAS  C:\Users\PC69\AppData\Local\Temp\ccq5rhKa.s 			page 13


 513              	.LASF20:
 514 01c4 2E5C4765 		.ascii	".\\Generated_Source\\PSoC4\\Debug_LED_reg_PM.c\000"
 514      6E657261 
 514      7465645F 
 514      536F7572 
 514      63655C50 
 515              	.LASF6:
 516 01f0 6C6F6E67 		.ascii	"long long int\000"
 516      206C6F6E 
 516      6720696E 
 516      7400
 517              	.LASF11:
 518 01fe 63686172 		.ascii	"char\000"
 518      00
 519              	.LASF2:
 520 0203 73686F72 		.ascii	"short int\000"
 520      7420696E 
 520      7400
 521              	.LASF12:
 522 020d 75696E74 		.ascii	"uint8\000"
 522      3800
 523              	.LASF15:
 524 0213 44656275 		.ascii	"Debug_LED_reg_SaveConfig\000"
 524      675F4C45 
 524      445F7265 
 524      675F5361 
 524      7665436F 
 525              	.LASF4:
 526 022c 6C6F6E67 		.ascii	"long int\000"
 526      20696E74 
 526      00
 527              	.LASF0:
 528 0235 7369676E 		.ascii	"signed char\000"
 528      65642063 
 528      68617200 
 529              		.ident	"GCC: (GNU Tools for ARM Embedded Processors) 4.9.3 20150303 (release) [ARM/embedded-4_9-br
