ARM GAS  C:\Users\PC69\AppData\Local\Temp\cczrds5n.s 			page 1


   1              		.cpu cortex-m0
   2              		.fpu softvfp
   3              		.eabi_attribute 20, 1
   4              		.eabi_attribute 21, 1
   5              		.eabi_attribute 23, 3
   6              		.eabi_attribute 24, 1
   7              		.eabi_attribute 25, 1
   8              		.eabi_attribute 26, 1
   9              		.eabi_attribute 30, 6
  10              		.eabi_attribute 34, 0
  11              		.eabi_attribute 18, 4
  12              		.code	16
  13              		.file	"LCD_LCDPort.c"
  14              		.text
  15              	.Ltext0:
  16              		.cfi_sections	.debug_frame
  17              		.section	.text.LCD_LCDPort_Write,"ax",%progbits
  18              		.align	2
  19              		.global	LCD_LCDPort_Write
  20              		.code	16
  21              		.thumb_func
  22              		.type	LCD_LCDPort_Write, %function
  23              	LCD_LCDPort_Write:
  24              	.LFB0:
  25              		.file 1 ".\\Generated_Source\\PSoC4\\LCD_LCDPort.c"
   1:.\Generated_Source\PSoC4/LCD_LCDPort.c **** /*******************************************************************************
   2:.\Generated_Source\PSoC4/LCD_LCDPort.c **** * File Name: LCD_LCDPort.c  
   3:.\Generated_Source\PSoC4/LCD_LCDPort.c **** * Version 2.10
   4:.\Generated_Source\PSoC4/LCD_LCDPort.c **** *
   5:.\Generated_Source\PSoC4/LCD_LCDPort.c **** * Description:
   6:.\Generated_Source\PSoC4/LCD_LCDPort.c **** *  This file contains API to enable firmware control of a Pins component.
   7:.\Generated_Source\PSoC4/LCD_LCDPort.c **** *
   8:.\Generated_Source\PSoC4/LCD_LCDPort.c **** * Note:
   9:.\Generated_Source\PSoC4/LCD_LCDPort.c **** *
  10:.\Generated_Source\PSoC4/LCD_LCDPort.c **** ********************************************************************************
  11:.\Generated_Source\PSoC4/LCD_LCDPort.c **** * Copyright 2008-2014, Cypress Semiconductor Corporation.  All rights reserved.
  12:.\Generated_Source\PSoC4/LCD_LCDPort.c **** * You may use this file only in accordance with the license, terms, conditions, 
  13:.\Generated_Source\PSoC4/LCD_LCDPort.c **** * disclaimers, and limitations in the end user license agreement accompanying 
  14:.\Generated_Source\PSoC4/LCD_LCDPort.c **** * the software package with which this file was provided.
  15:.\Generated_Source\PSoC4/LCD_LCDPort.c **** *******************************************************************************/
  16:.\Generated_Source\PSoC4/LCD_LCDPort.c **** 
  17:.\Generated_Source\PSoC4/LCD_LCDPort.c **** #include "cytypes.h"
  18:.\Generated_Source\PSoC4/LCD_LCDPort.c **** #include "LCD_LCDPort.h"
  19:.\Generated_Source\PSoC4/LCD_LCDPort.c **** 
  20:.\Generated_Source\PSoC4/LCD_LCDPort.c **** #define SetP4PinDriveMode(shift, mode)  \
  21:.\Generated_Source\PSoC4/LCD_LCDPort.c ****     do { \
  22:.\Generated_Source\PSoC4/LCD_LCDPort.c ****         LCD_LCDPort_PC =   (LCD_LCDPort_PC & \
  23:.\Generated_Source\PSoC4/LCD_LCDPort.c ****                                 (uint32)(~(uint32)(LCD_LCDPort_DRIVE_MODE_IND_MASK << (LCD_LCDPort_
  24:.\Generated_Source\PSoC4/LCD_LCDPort.c ****                                 (uint32)((uint32)(mode) << (LCD_LCDPort_DRIVE_MODE_BITS * (shift)))
  25:.\Generated_Source\PSoC4/LCD_LCDPort.c ****     } while (0)
  26:.\Generated_Source\PSoC4/LCD_LCDPort.c **** 
  27:.\Generated_Source\PSoC4/LCD_LCDPort.c **** 
  28:.\Generated_Source\PSoC4/LCD_LCDPort.c **** /*******************************************************************************
  29:.\Generated_Source\PSoC4/LCD_LCDPort.c **** * Function Name: LCD_LCDPort_Write
  30:.\Generated_Source\PSoC4/LCD_LCDPort.c **** ********************************************************************************
  31:.\Generated_Source\PSoC4/LCD_LCDPort.c **** *
  32:.\Generated_Source\PSoC4/LCD_LCDPort.c **** * Summary:
ARM GAS  C:\Users\PC69\AppData\Local\Temp\cczrds5n.s 			page 2


  33:.\Generated_Source\PSoC4/LCD_LCDPort.c **** *  Assign a new value to the digital port's data output register.  
  34:.\Generated_Source\PSoC4/LCD_LCDPort.c **** *
  35:.\Generated_Source\PSoC4/LCD_LCDPort.c **** * Parameters:  
  36:.\Generated_Source\PSoC4/LCD_LCDPort.c **** *  prtValue:  The value to be assigned to the Digital Port. 
  37:.\Generated_Source\PSoC4/LCD_LCDPort.c **** *
  38:.\Generated_Source\PSoC4/LCD_LCDPort.c **** * Return: 
  39:.\Generated_Source\PSoC4/LCD_LCDPort.c **** *  None 
  40:.\Generated_Source\PSoC4/LCD_LCDPort.c **** *  
  41:.\Generated_Source\PSoC4/LCD_LCDPort.c **** *******************************************************************************/
  42:.\Generated_Source\PSoC4/LCD_LCDPort.c **** void LCD_LCDPort_Write(uint8 value) 
  43:.\Generated_Source\PSoC4/LCD_LCDPort.c **** {
  26              		.loc 1 43 0
  27              		.cfi_startproc
  28 0000 80B5     		push	{r7, lr}
  29              		.cfi_def_cfa_offset 8
  30              		.cfi_offset 7, -8
  31              		.cfi_offset 14, -4
  32 0002 84B0     		sub	sp, sp, #16
  33              		.cfi_def_cfa_offset 24
  34 0004 00AF     		add	r7, sp, #0
  35              		.cfi_def_cfa_register 7
  36 0006 021C     		mov	r2, r0
  37 0008 FB1D     		add	r3, r7, #7
  38 000a 1A70     		strb	r2, [r3]
  44:.\Generated_Source\PSoC4/LCD_LCDPort.c ****     uint8 drVal = (uint8)(LCD_LCDPort_DR & (uint8)(~LCD_LCDPort_MASK));
  39              		.loc 1 44 0
  40 000c 0D4B     		ldr	r3, .L2
  41 000e 1B68     		ldr	r3, [r3]
  42 0010 DAB2     		uxtb	r2, r3
  43 0012 0F23     		mov	r3, #15
  44 0014 FB18     		add	r3, r7, r3
  45 0016 7F21     		mov	r1, #127
  46 0018 8A43     		bic	r2, r1
  47 001a 1A70     		strb	r2, [r3]
  45:.\Generated_Source\PSoC4/LCD_LCDPort.c ****     drVal = (drVal | ((uint8)(value << LCD_LCDPort_SHIFT) & LCD_LCDPort_MASK));
  48              		.loc 1 45 0
  49 001c FB1D     		add	r3, r7, #7
  50 001e 1B78     		ldrb	r3, [r3]
  51 0020 7F22     		mov	r2, #127
  52 0022 1340     		and	r3, r2
  53 0024 D9B2     		uxtb	r1, r3
  54 0026 0F23     		mov	r3, #15
  55 0028 FB18     		add	r3, r7, r3
  56 002a 0F22     		mov	r2, #15
  57 002c BA18     		add	r2, r7, r2
  58 002e 1278     		ldrb	r2, [r2]
  59 0030 0A43     		orr	r2, r1
  60 0032 1A70     		strb	r2, [r3]
  46:.\Generated_Source\PSoC4/LCD_LCDPort.c ****     LCD_LCDPort_DR = (uint32)drVal;
  61              		.loc 1 46 0
  62 0034 034B     		ldr	r3, .L2
  63 0036 0F22     		mov	r2, #15
  64 0038 BA18     		add	r2, r7, r2
  65 003a 1278     		ldrb	r2, [r2]
  66 003c 1A60     		str	r2, [r3]
  47:.\Generated_Source\PSoC4/LCD_LCDPort.c **** }
  67              		.loc 1 47 0
ARM GAS  C:\Users\PC69\AppData\Local\Temp\cczrds5n.s 			page 3


  68 003e BD46     		mov	sp, r7
  69 0040 04B0     		add	sp, sp, #16
  70              		@ sp needed
  71 0042 80BD     		pop	{r7, pc}
  72              	.L3:
  73              		.align	2
  74              	.L2:
  75 0044 00030440 		.word	1074004736
  76              		.cfi_endproc
  77              	.LFE0:
  78              		.size	LCD_LCDPort_Write, .-LCD_LCDPort_Write
  79              		.section	.text.LCD_LCDPort_SetDriveMode,"ax",%progbits
  80              		.align	2
  81              		.global	LCD_LCDPort_SetDriveMode
  82              		.code	16
  83              		.thumb_func
  84              		.type	LCD_LCDPort_SetDriveMode, %function
  85              	LCD_LCDPort_SetDriveMode:
  86              	.LFB1:
  48:.\Generated_Source\PSoC4/LCD_LCDPort.c **** 
  49:.\Generated_Source\PSoC4/LCD_LCDPort.c **** 
  50:.\Generated_Source\PSoC4/LCD_LCDPort.c **** /*******************************************************************************
  51:.\Generated_Source\PSoC4/LCD_LCDPort.c **** * Function Name: LCD_LCDPort_SetDriveMode
  52:.\Generated_Source\PSoC4/LCD_LCDPort.c **** ********************************************************************************
  53:.\Generated_Source\PSoC4/LCD_LCDPort.c **** *
  54:.\Generated_Source\PSoC4/LCD_LCDPort.c **** * Summary:
  55:.\Generated_Source\PSoC4/LCD_LCDPort.c **** *  Change the drive mode on the pins of the port.
  56:.\Generated_Source\PSoC4/LCD_LCDPort.c **** * 
  57:.\Generated_Source\PSoC4/LCD_LCDPort.c **** * Parameters:  
  58:.\Generated_Source\PSoC4/LCD_LCDPort.c **** *  mode:  Change the pins to one of the following drive modes.
  59:.\Generated_Source\PSoC4/LCD_LCDPort.c **** *
  60:.\Generated_Source\PSoC4/LCD_LCDPort.c **** *  LCD_LCDPort_DM_STRONG     Strong Drive 
  61:.\Generated_Source\PSoC4/LCD_LCDPort.c **** *  LCD_LCDPort_DM_OD_HI      Open Drain, Drives High 
  62:.\Generated_Source\PSoC4/LCD_LCDPort.c **** *  LCD_LCDPort_DM_OD_LO      Open Drain, Drives Low 
  63:.\Generated_Source\PSoC4/LCD_LCDPort.c **** *  LCD_LCDPort_DM_RES_UP     Resistive Pull Up 
  64:.\Generated_Source\PSoC4/LCD_LCDPort.c **** *  LCD_LCDPort_DM_RES_DWN    Resistive Pull Down 
  65:.\Generated_Source\PSoC4/LCD_LCDPort.c **** *  LCD_LCDPort_DM_RES_UPDWN  Resistive Pull Up/Down 
  66:.\Generated_Source\PSoC4/LCD_LCDPort.c **** *  LCD_LCDPort_DM_DIG_HIZ    High Impedance Digital 
  67:.\Generated_Source\PSoC4/LCD_LCDPort.c **** *  LCD_LCDPort_DM_ALG_HIZ    High Impedance Analog 
  68:.\Generated_Source\PSoC4/LCD_LCDPort.c **** *
  69:.\Generated_Source\PSoC4/LCD_LCDPort.c **** * Return: 
  70:.\Generated_Source\PSoC4/LCD_LCDPort.c **** *  None
  71:.\Generated_Source\PSoC4/LCD_LCDPort.c **** *
  72:.\Generated_Source\PSoC4/LCD_LCDPort.c **** *******************************************************************************/
  73:.\Generated_Source\PSoC4/LCD_LCDPort.c **** void LCD_LCDPort_SetDriveMode(uint8 mode) 
  74:.\Generated_Source\PSoC4/LCD_LCDPort.c **** {
  87              		.loc 1 74 0
  88              		.cfi_startproc
  89 0000 80B5     		push	{r7, lr}
  90              		.cfi_def_cfa_offset 8
  91              		.cfi_offset 7, -8
  92              		.cfi_offset 14, -4
  93 0002 82B0     		sub	sp, sp, #8
  94              		.cfi_def_cfa_offset 16
  95 0004 00AF     		add	r7, sp, #0
  96              		.cfi_def_cfa_register 7
  97 0006 021C     		mov	r2, r0
ARM GAS  C:\Users\PC69\AppData\Local\Temp\cczrds5n.s 			page 4


  98 0008 FB1D     		add	r3, r7, #7
  99 000a 1A70     		strb	r2, [r3]
  75:.\Generated_Source\PSoC4/LCD_LCDPort.c **** 	SetP4PinDriveMode(LCD_LCDPort__0__SHIFT, mode);
 100              		.loc 1 75 0
 101 000c 244B     		ldr	r3, .L5
 102 000e 244A     		ldr	r2, .L5
 103 0010 1268     		ldr	r2, [r2]
 104 0012 0721     		mov	r1, #7
 105 0014 8A43     		bic	r2, r1
 106 0016 111C     		mov	r1, r2
 107 0018 FA1D     		add	r2, r7, #7
 108 001a 1278     		ldrb	r2, [r2]
 109 001c 0A43     		orr	r2, r1
 110 001e 1A60     		str	r2, [r3]
  76:.\Generated_Source\PSoC4/LCD_LCDPort.c **** 	SetP4PinDriveMode(LCD_LCDPort__1__SHIFT, mode);
 111              		.loc 1 76 0
 112 0020 1F4B     		ldr	r3, .L5
 113 0022 1F4A     		ldr	r2, .L5
 114 0024 1268     		ldr	r2, [r2]
 115 0026 3821     		mov	r1, #56
 116 0028 8A43     		bic	r2, r1
 117 002a 111C     		mov	r1, r2
 118 002c FA1D     		add	r2, r7, #7
 119 002e 1278     		ldrb	r2, [r2]
 120 0030 D200     		lsl	r2, r2, #3
 121 0032 0A43     		orr	r2, r1
 122 0034 1A60     		str	r2, [r3]
  77:.\Generated_Source\PSoC4/LCD_LCDPort.c **** 	SetP4PinDriveMode(LCD_LCDPort__2__SHIFT, mode);
 123              		.loc 1 77 0
 124 0036 1A4B     		ldr	r3, .L5
 125 0038 194A     		ldr	r2, .L5
 126 003a 1268     		ldr	r2, [r2]
 127 003c 1949     		ldr	r1, .L5+4
 128 003e 1140     		and	r1, r2
 129 0040 FA1D     		add	r2, r7, #7
 130 0042 1278     		ldrb	r2, [r2]
 131 0044 9201     		lsl	r2, r2, #6
 132 0046 0A43     		orr	r2, r1
 133 0048 1A60     		str	r2, [r3]
  78:.\Generated_Source\PSoC4/LCD_LCDPort.c **** 	SetP4PinDriveMode(LCD_LCDPort__3__SHIFT, mode);
 134              		.loc 1 78 0
 135 004a 154B     		ldr	r3, .L5
 136 004c 144A     		ldr	r2, .L5
 137 004e 1268     		ldr	r2, [r2]
 138 0050 1549     		ldr	r1, .L5+8
 139 0052 1140     		and	r1, r2
 140 0054 FA1D     		add	r2, r7, #7
 141 0056 1278     		ldrb	r2, [r2]
 142 0058 5202     		lsl	r2, r2, #9
 143 005a 0A43     		orr	r2, r1
 144 005c 1A60     		str	r2, [r3]
  79:.\Generated_Source\PSoC4/LCD_LCDPort.c **** 	SetP4PinDriveMode(LCD_LCDPort__4__SHIFT, mode);
 145              		.loc 1 79 0
 146 005e 104B     		ldr	r3, .L5
 147 0060 0F4A     		ldr	r2, .L5
 148 0062 1268     		ldr	r2, [r2]
 149 0064 1149     		ldr	r1, .L5+12
ARM GAS  C:\Users\PC69\AppData\Local\Temp\cczrds5n.s 			page 5


 150 0066 1140     		and	r1, r2
 151 0068 FA1D     		add	r2, r7, #7
 152 006a 1278     		ldrb	r2, [r2]
 153 006c 1203     		lsl	r2, r2, #12
 154 006e 0A43     		orr	r2, r1
 155 0070 1A60     		str	r2, [r3]
  80:.\Generated_Source\PSoC4/LCD_LCDPort.c **** 	SetP4PinDriveMode(LCD_LCDPort__5__SHIFT, mode);
 156              		.loc 1 80 0
 157 0072 0B4B     		ldr	r3, .L5
 158 0074 0A4A     		ldr	r2, .L5
 159 0076 1268     		ldr	r2, [r2]
 160 0078 0D49     		ldr	r1, .L5+16
 161 007a 1140     		and	r1, r2
 162 007c FA1D     		add	r2, r7, #7
 163 007e 1278     		ldrb	r2, [r2]
 164 0080 D203     		lsl	r2, r2, #15
 165 0082 0A43     		orr	r2, r1
 166 0084 1A60     		str	r2, [r3]
  81:.\Generated_Source\PSoC4/LCD_LCDPort.c **** 	SetP4PinDriveMode(LCD_LCDPort__6__SHIFT, mode);
 167              		.loc 1 81 0
 168 0086 064B     		ldr	r3, .L5
 169 0088 054A     		ldr	r2, .L5
 170 008a 1268     		ldr	r2, [r2]
 171 008c 0949     		ldr	r1, .L5+20
 172 008e 1140     		and	r1, r2
 173 0090 FA1D     		add	r2, r7, #7
 174 0092 1278     		ldrb	r2, [r2]
 175 0094 9204     		lsl	r2, r2, #18
 176 0096 0A43     		orr	r2, r1
 177 0098 1A60     		str	r2, [r3]
  82:.\Generated_Source\PSoC4/LCD_LCDPort.c **** }
 178              		.loc 1 82 0
 179 009a BD46     		mov	sp, r7
 180 009c 02B0     		add	sp, sp, #8
 181              		@ sp needed
 182 009e 80BD     		pop	{r7, pc}
 183              	.L6:
 184              		.align	2
 185              	.L5:
 186 00a0 08030440 		.word	1074004744
 187 00a4 3FFEFFFF 		.word	-449
 188 00a8 FFF1FFFF 		.word	-3585
 189 00ac FF8FFFFF 		.word	-28673
 190 00b0 FF7FFCFF 		.word	-229377
 191 00b4 FFFFE3FF 		.word	-1835009
 192              		.cfi_endproc
 193              	.LFE1:
 194              		.size	LCD_LCDPort_SetDriveMode, .-LCD_LCDPort_SetDriveMode
 195              		.section	.text.LCD_LCDPort_Read,"ax",%progbits
 196              		.align	2
 197              		.global	LCD_LCDPort_Read
 198              		.code	16
 199              		.thumb_func
 200              		.type	LCD_LCDPort_Read, %function
 201              	LCD_LCDPort_Read:
 202              	.LFB2:
  83:.\Generated_Source\PSoC4/LCD_LCDPort.c **** 
ARM GAS  C:\Users\PC69\AppData\Local\Temp\cczrds5n.s 			page 6


  84:.\Generated_Source\PSoC4/LCD_LCDPort.c **** 
  85:.\Generated_Source\PSoC4/LCD_LCDPort.c **** /*******************************************************************************
  86:.\Generated_Source\PSoC4/LCD_LCDPort.c **** * Function Name: LCD_LCDPort_Read
  87:.\Generated_Source\PSoC4/LCD_LCDPort.c **** ********************************************************************************
  88:.\Generated_Source\PSoC4/LCD_LCDPort.c **** *
  89:.\Generated_Source\PSoC4/LCD_LCDPort.c **** * Summary:
  90:.\Generated_Source\PSoC4/LCD_LCDPort.c **** *  Read the current value on the pins of the Digital Port in right justified 
  91:.\Generated_Source\PSoC4/LCD_LCDPort.c **** *  form.
  92:.\Generated_Source\PSoC4/LCD_LCDPort.c **** *
  93:.\Generated_Source\PSoC4/LCD_LCDPort.c **** * Parameters:  
  94:.\Generated_Source\PSoC4/LCD_LCDPort.c **** *  None 
  95:.\Generated_Source\PSoC4/LCD_LCDPort.c **** *
  96:.\Generated_Source\PSoC4/LCD_LCDPort.c **** * Return: 
  97:.\Generated_Source\PSoC4/LCD_LCDPort.c **** *  Returns the current value of the Digital Port as a right justified number
  98:.\Generated_Source\PSoC4/LCD_LCDPort.c **** *  
  99:.\Generated_Source\PSoC4/LCD_LCDPort.c **** * Note:
 100:.\Generated_Source\PSoC4/LCD_LCDPort.c **** *  Macro LCD_LCDPort_ReadPS calls this function. 
 101:.\Generated_Source\PSoC4/LCD_LCDPort.c **** *  
 102:.\Generated_Source\PSoC4/LCD_LCDPort.c **** *******************************************************************************/
 103:.\Generated_Source\PSoC4/LCD_LCDPort.c **** uint8 LCD_LCDPort_Read(void) 
 104:.\Generated_Source\PSoC4/LCD_LCDPort.c **** {
 203              		.loc 1 104 0
 204              		.cfi_startproc
 205 0000 80B5     		push	{r7, lr}
 206              		.cfi_def_cfa_offset 8
 207              		.cfi_offset 7, -8
 208              		.cfi_offset 14, -4
 209 0002 00AF     		add	r7, sp, #0
 210              		.cfi_def_cfa_register 7
 105:.\Generated_Source\PSoC4/LCD_LCDPort.c ****     return (uint8)((LCD_LCDPort_PS & LCD_LCDPort_MASK) >> LCD_LCDPort_SHIFT);
 211              		.loc 1 105 0
 212 0004 044B     		ldr	r3, .L9
 213 0006 1B68     		ldr	r3, [r3]
 214 0008 DBB2     		uxtb	r3, r3
 215 000a 7F22     		mov	r2, #127
 216 000c 1340     		and	r3, r2
 217 000e DBB2     		uxtb	r3, r3
 106:.\Generated_Source\PSoC4/LCD_LCDPort.c **** }
 218              		.loc 1 106 0
 219 0010 181C     		mov	r0, r3
 220 0012 BD46     		mov	sp, r7
 221              		@ sp needed
 222 0014 80BD     		pop	{r7, pc}
 223              	.L10:
 224 0016 C046     		.align	2
 225              	.L9:
 226 0018 04030440 		.word	1074004740
 227              		.cfi_endproc
 228              	.LFE2:
 229              		.size	LCD_LCDPort_Read, .-LCD_LCDPort_Read
 230              		.section	.text.LCD_LCDPort_ReadDataReg,"ax",%progbits
 231              		.align	2
 232              		.global	LCD_LCDPort_ReadDataReg
 233              		.code	16
 234              		.thumb_func
 235              		.type	LCD_LCDPort_ReadDataReg, %function
 236              	LCD_LCDPort_ReadDataReg:
ARM GAS  C:\Users\PC69\AppData\Local\Temp\cczrds5n.s 			page 7


 237              	.LFB3:
 107:.\Generated_Source\PSoC4/LCD_LCDPort.c **** 
 108:.\Generated_Source\PSoC4/LCD_LCDPort.c **** 
 109:.\Generated_Source\PSoC4/LCD_LCDPort.c **** /*******************************************************************************
 110:.\Generated_Source\PSoC4/LCD_LCDPort.c **** * Function Name: LCD_LCDPort_ReadDataReg
 111:.\Generated_Source\PSoC4/LCD_LCDPort.c **** ********************************************************************************
 112:.\Generated_Source\PSoC4/LCD_LCDPort.c **** *
 113:.\Generated_Source\PSoC4/LCD_LCDPort.c **** * Summary:
 114:.\Generated_Source\PSoC4/LCD_LCDPort.c **** *  Read the current value assigned to a Digital Port's data output register
 115:.\Generated_Source\PSoC4/LCD_LCDPort.c **** *
 116:.\Generated_Source\PSoC4/LCD_LCDPort.c **** * Parameters:  
 117:.\Generated_Source\PSoC4/LCD_LCDPort.c **** *  None 
 118:.\Generated_Source\PSoC4/LCD_LCDPort.c **** *
 119:.\Generated_Source\PSoC4/LCD_LCDPort.c **** * Return: 
 120:.\Generated_Source\PSoC4/LCD_LCDPort.c **** *  Returns the current value assigned to the Digital Port's data output register
 121:.\Generated_Source\PSoC4/LCD_LCDPort.c **** *  
 122:.\Generated_Source\PSoC4/LCD_LCDPort.c **** *******************************************************************************/
 123:.\Generated_Source\PSoC4/LCD_LCDPort.c **** uint8 LCD_LCDPort_ReadDataReg(void) 
 124:.\Generated_Source\PSoC4/LCD_LCDPort.c **** {
 238              		.loc 1 124 0
 239              		.cfi_startproc
 240 0000 80B5     		push	{r7, lr}
 241              		.cfi_def_cfa_offset 8
 242              		.cfi_offset 7, -8
 243              		.cfi_offset 14, -4
 244 0002 00AF     		add	r7, sp, #0
 245              		.cfi_def_cfa_register 7
 125:.\Generated_Source\PSoC4/LCD_LCDPort.c ****     return (uint8)((LCD_LCDPort_DR & LCD_LCDPort_MASK) >> LCD_LCDPort_SHIFT);
 246              		.loc 1 125 0
 247 0004 044B     		ldr	r3, .L13
 248 0006 1B68     		ldr	r3, [r3]
 249 0008 DBB2     		uxtb	r3, r3
 250 000a 7F22     		mov	r2, #127
 251 000c 1340     		and	r3, r2
 252 000e DBB2     		uxtb	r3, r3
 126:.\Generated_Source\PSoC4/LCD_LCDPort.c **** }
 253              		.loc 1 126 0
 254 0010 181C     		mov	r0, r3
 255 0012 BD46     		mov	sp, r7
 256              		@ sp needed
 257 0014 80BD     		pop	{r7, pc}
 258              	.L14:
 259 0016 C046     		.align	2
 260              	.L13:
 261 0018 00030440 		.word	1074004736
 262              		.cfi_endproc
 263              	.LFE3:
 264              		.size	LCD_LCDPort_ReadDataReg, .-LCD_LCDPort_ReadDataReg
 265              		.section	.text.LCD_LCDPort_ClearInterrupt,"ax",%progbits
 266              		.align	2
 267              		.global	LCD_LCDPort_ClearInterrupt
 268              		.code	16
 269              		.thumb_func
 270              		.type	LCD_LCDPort_ClearInterrupt, %function
 271              	LCD_LCDPort_ClearInterrupt:
 272              	.LFB4:
 127:.\Generated_Source\PSoC4/LCD_LCDPort.c **** 
ARM GAS  C:\Users\PC69\AppData\Local\Temp\cczrds5n.s 			page 8


 128:.\Generated_Source\PSoC4/LCD_LCDPort.c **** 
 129:.\Generated_Source\PSoC4/LCD_LCDPort.c **** /* If Interrupts Are Enabled for this Pins component */ 
 130:.\Generated_Source\PSoC4/LCD_LCDPort.c **** #if defined(LCD_LCDPort_INTSTAT) 
 131:.\Generated_Source\PSoC4/LCD_LCDPort.c **** 
 132:.\Generated_Source\PSoC4/LCD_LCDPort.c ****     /*******************************************************************************
 133:.\Generated_Source\PSoC4/LCD_LCDPort.c ****     * Function Name: LCD_LCDPort_ClearInterrupt
 134:.\Generated_Source\PSoC4/LCD_LCDPort.c ****     ********************************************************************************
 135:.\Generated_Source\PSoC4/LCD_LCDPort.c ****     *
 136:.\Generated_Source\PSoC4/LCD_LCDPort.c ****     * Summary:
 137:.\Generated_Source\PSoC4/LCD_LCDPort.c ****     *  Clears any active interrupts attached to port and returns the value of the 
 138:.\Generated_Source\PSoC4/LCD_LCDPort.c ****     *  interrupt status register.
 139:.\Generated_Source\PSoC4/LCD_LCDPort.c ****     *
 140:.\Generated_Source\PSoC4/LCD_LCDPort.c ****     * Parameters:  
 141:.\Generated_Source\PSoC4/LCD_LCDPort.c ****     *  None 
 142:.\Generated_Source\PSoC4/LCD_LCDPort.c ****     *
 143:.\Generated_Source\PSoC4/LCD_LCDPort.c ****     * Return: 
 144:.\Generated_Source\PSoC4/LCD_LCDPort.c ****     *  Returns the value of the interrupt status register
 145:.\Generated_Source\PSoC4/LCD_LCDPort.c ****     *  
 146:.\Generated_Source\PSoC4/LCD_LCDPort.c ****     *******************************************************************************/
 147:.\Generated_Source\PSoC4/LCD_LCDPort.c ****     uint8 LCD_LCDPort_ClearInterrupt(void) 
 148:.\Generated_Source\PSoC4/LCD_LCDPort.c ****     {
 273              		.loc 1 148 0
 274              		.cfi_startproc
 275 0000 80B5     		push	{r7, lr}
 276              		.cfi_def_cfa_offset 8
 277              		.cfi_offset 7, -8
 278              		.cfi_offset 14, -4
 279 0002 82B0     		sub	sp, sp, #8
 280              		.cfi_def_cfa_offset 16
 281 0004 00AF     		add	r7, sp, #0
 282              		.cfi_def_cfa_register 7
 149:.\Generated_Source\PSoC4/LCD_LCDPort.c **** 		uint8 maskedStatus = (uint8)(LCD_LCDPort_INTSTAT & LCD_LCDPort_MASK);
 283              		.loc 1 149 0
 284 0006 084B     		ldr	r3, .L17
 285 0008 1B68     		ldr	r3, [r3]
 286 000a DAB2     		uxtb	r2, r3
 287 000c FB1D     		add	r3, r7, #7
 288 000e 7F21     		mov	r1, #127
 289 0010 0A40     		and	r2, r1
 290 0012 1A70     		strb	r2, [r3]
 150:.\Generated_Source\PSoC4/LCD_LCDPort.c **** 		LCD_LCDPort_INTSTAT = maskedStatus;
 291              		.loc 1 150 0
 292 0014 044B     		ldr	r3, .L17
 293 0016 FA1D     		add	r2, r7, #7
 294 0018 1278     		ldrb	r2, [r2]
 295 001a 1A60     		str	r2, [r3]
 151:.\Generated_Source\PSoC4/LCD_LCDPort.c ****         return maskedStatus >> LCD_LCDPort_SHIFT;
 296              		.loc 1 151 0
 297 001c FB1D     		add	r3, r7, #7
 298 001e 1B78     		ldrb	r3, [r3]
 152:.\Generated_Source\PSoC4/LCD_LCDPort.c ****     }
 299              		.loc 1 152 0
 300 0020 181C     		mov	r0, r3
 301 0022 BD46     		mov	sp, r7
 302 0024 02B0     		add	sp, sp, #8
 303              		@ sp needed
 304 0026 80BD     		pop	{r7, pc}
ARM GAS  C:\Users\PC69\AppData\Local\Temp\cczrds5n.s 			page 9


 305              	.L18:
 306              		.align	2
 307              	.L17:
 308 0028 10030440 		.word	1074004752
 309              		.cfi_endproc
 310              	.LFE4:
 311              		.size	LCD_LCDPort_ClearInterrupt, .-LCD_LCDPort_ClearInterrupt
 312              		.text
 313              	.Letext0:
 314              		.file 2 ".\\Generated_Source\\PSoC4\\cytypes.h"
 315              		.section	.debug_info,"",%progbits
 316              	.Ldebug_info0:
 317 0000 48010000 		.4byte	0x148
 318 0004 0400     		.2byte	0x4
 319 0006 00000000 		.4byte	.Ldebug_abbrev0
 320 000a 04       		.byte	0x4
 321 000b 01       		.uleb128 0x1
 322 000c E1000000 		.4byte	.LASF24
 323 0010 01       		.byte	0x1
 324 0011 83010000 		.4byte	.LASF25
 325 0015 90000000 		.4byte	.LASF26
 326 0019 00000000 		.4byte	.Ldebug_ranges0+0
 327 001d 00000000 		.4byte	0
 328 0021 00000000 		.4byte	.Ldebug_line0
 329 0025 02       		.uleb128 0x2
 330 0026 01       		.byte	0x1
 331 0027 06       		.byte	0x6
 332 0028 10020000 		.4byte	.LASF0
 333 002c 02       		.uleb128 0x2
 334 002d 01       		.byte	0x1
 335 002e 08       		.byte	0x8
 336 002f 57000000 		.4byte	.LASF1
 337 0033 02       		.uleb128 0x2
 338 0034 02       		.byte	0x2
 339 0035 05       		.byte	0x5
 340 0036 E6010000 		.4byte	.LASF2
 341 003a 02       		.uleb128 0x2
 342 003b 02       		.byte	0x2
 343 003c 07       		.byte	0x7
 344 003d 7D000000 		.4byte	.LASF3
 345 0041 02       		.uleb128 0x2
 346 0042 04       		.byte	0x4
 347 0043 05       		.byte	0x5
 348 0044 07020000 		.4byte	.LASF4
 349 0048 02       		.uleb128 0x2
 350 0049 04       		.byte	0x4
 351 004a 07       		.byte	0x7
 352 004b 6B000000 		.4byte	.LASF5
 353 004f 02       		.uleb128 0x2
 354 0050 08       		.byte	0x8
 355 0051 05       		.byte	0x5
 356 0052 C6010000 		.4byte	.LASF6
 357 0056 02       		.uleb128 0x2
 358 0057 08       		.byte	0x8
 359 0058 07       		.byte	0x7
 360 0059 AA010000 		.4byte	.LASF7
 361 005d 03       		.uleb128 0x3
ARM GAS  C:\Users\PC69\AppData\Local\Temp\cczrds5n.s 			page 10


 362 005e 04       		.byte	0x4
 363 005f 05       		.byte	0x5
 364 0060 696E7400 		.ascii	"int\000"
 365 0064 02       		.uleb128 0x2
 366 0065 04       		.byte	0x4
 367 0066 07       		.byte	0x7
 368 0067 76010000 		.4byte	.LASF8
 369 006b 04       		.uleb128 0x4
 370 006c F0010000 		.4byte	.LASF9
 371 0070 02       		.byte	0x2
 372 0071 A1       		.byte	0xa1
 373 0072 2C000000 		.4byte	0x2c
 374 0076 04       		.uleb128 0x4
 375 0077 6F010000 		.4byte	.LASF10
 376 007b 02       		.byte	0x2
 377 007c A3       		.byte	0xa3
 378 007d 48000000 		.4byte	0x48
 379 0081 02       		.uleb128 0x2
 380 0082 04       		.byte	0x4
 381 0083 04       		.byte	0x4
 382 0084 51000000 		.4byte	.LASF11
 383 0088 02       		.uleb128 0x2
 384 0089 08       		.byte	0x8
 385 008a 04       		.byte	0x4
 386 008b DA000000 		.4byte	.LASF12
 387 008f 02       		.uleb128 0x2
 388 0090 01       		.byte	0x1
 389 0091 08       		.byte	0x8
 390 0092 E1010000 		.4byte	.LASF13
 391 0096 05       		.uleb128 0x5
 392 0097 00000000 		.4byte	.LASF14
 393 009b 02       		.byte	0x2
 394 009c 4D01     		.2byte	0x14d
 395 009e A2000000 		.4byte	0xa2
 396 00a2 06       		.uleb128 0x6
 397 00a3 76000000 		.4byte	0x76
 398 00a7 07       		.uleb128 0x7
 399 00a8 0C000000 		.4byte	.LASF15
 400 00ac 01       		.byte	0x1
 401 00ad 2A       		.byte	0x2a
 402 00ae 00000000 		.4byte	.LFB0
 403 00b2 48000000 		.4byte	.LFE0-.LFB0
 404 00b6 01       		.uleb128 0x1
 405 00b7 9C       		.byte	0x9c
 406 00b8 D9000000 		.4byte	0xd9
 407 00bc 08       		.uleb128 0x8
 408 00bd 06000000 		.4byte	.LASF17
 409 00c1 01       		.byte	0x1
 410 00c2 2A       		.byte	0x2a
 411 00c3 6B000000 		.4byte	0x6b
 412 00c7 02       		.uleb128 0x2
 413 00c8 91       		.byte	0x91
 414 00c9 6F       		.sleb128 -17
 415 00ca 09       		.uleb128 0x9
 416 00cb 65000000 		.4byte	.LASF22
 417 00cf 01       		.byte	0x1
 418 00d0 2C       		.byte	0x2c
ARM GAS  C:\Users\PC69\AppData\Local\Temp\cczrds5n.s 			page 11


 419 00d1 6B000000 		.4byte	0x6b
 420 00d5 02       		.uleb128 0x2
 421 00d6 91       		.byte	0x91
 422 00d7 77       		.sleb128 -9
 423 00d8 00       		.byte	0
 424 00d9 07       		.uleb128 0x7
 425 00da 1C020000 		.4byte	.LASF16
 426 00de 01       		.byte	0x1
 427 00df 49       		.byte	0x49
 428 00e0 00000000 		.4byte	.LFB1
 429 00e4 B8000000 		.4byte	.LFE1-.LFB1
 430 00e8 01       		.uleb128 0x1
 431 00e9 9C       		.byte	0x9c
 432 00ea FD000000 		.4byte	0xfd
 433 00ee 08       		.uleb128 0x8
 434 00ef C1010000 		.4byte	.LASF18
 435 00f3 01       		.byte	0x1
 436 00f4 49       		.byte	0x49
 437 00f5 6B000000 		.4byte	0x6b
 438 00f9 02       		.uleb128 0x2
 439 00fa 91       		.byte	0x91
 440 00fb 77       		.sleb128 -9
 441 00fc 00       		.byte	0
 442 00fd 0A       		.uleb128 0xa
 443 00fe F6010000 		.4byte	.LASF19
 444 0102 01       		.byte	0x1
 445 0103 67       		.byte	0x67
 446 0104 6B000000 		.4byte	0x6b
 447 0108 00000000 		.4byte	.LFB2
 448 010c 1C000000 		.4byte	.LFE2-.LFB2
 449 0110 01       		.uleb128 0x1
 450 0111 9C       		.byte	0x9c
 451 0112 0A       		.uleb128 0xa
 452 0113 1E000000 		.4byte	.LASF20
 453 0117 01       		.byte	0x1
 454 0118 7B       		.byte	0x7b
 455 0119 6B000000 		.4byte	0x6b
 456 011d 00000000 		.4byte	.LFB3
 457 0121 1C000000 		.4byte	.LFE3-.LFB3
 458 0125 01       		.uleb128 0x1
 459 0126 9C       		.byte	0x9c
 460 0127 0B       		.uleb128 0xb
 461 0128 36000000 		.4byte	.LASF21
 462 012c 01       		.byte	0x1
 463 012d 93       		.byte	0x93
 464 012e 6B000000 		.4byte	0x6b
 465 0132 00000000 		.4byte	.LFB4
 466 0136 2C000000 		.4byte	.LFE4-.LFB4
 467 013a 01       		.uleb128 0x1
 468 013b 9C       		.byte	0x9c
 469 013c 09       		.uleb128 0x9
 470 013d D4010000 		.4byte	.LASF23
 471 0141 01       		.byte	0x1
 472 0142 95       		.byte	0x95
 473 0143 6B000000 		.4byte	0x6b
 474 0147 02       		.uleb128 0x2
 475 0148 91       		.byte	0x91
ARM GAS  C:\Users\PC69\AppData\Local\Temp\cczrds5n.s 			page 12


 476 0149 77       		.sleb128 -9
 477 014a 00       		.byte	0
 478 014b 00       		.byte	0
 479              		.section	.debug_abbrev,"",%progbits
 480              	.Ldebug_abbrev0:
 481 0000 01       		.uleb128 0x1
 482 0001 11       		.uleb128 0x11
 483 0002 01       		.byte	0x1
 484 0003 25       		.uleb128 0x25
 485 0004 0E       		.uleb128 0xe
 486 0005 13       		.uleb128 0x13
 487 0006 0B       		.uleb128 0xb
 488 0007 03       		.uleb128 0x3
 489 0008 0E       		.uleb128 0xe
 490 0009 1B       		.uleb128 0x1b
 491 000a 0E       		.uleb128 0xe
 492 000b 55       		.uleb128 0x55
 493 000c 17       		.uleb128 0x17
 494 000d 11       		.uleb128 0x11
 495 000e 01       		.uleb128 0x1
 496 000f 10       		.uleb128 0x10
 497 0010 17       		.uleb128 0x17
 498 0011 00       		.byte	0
 499 0012 00       		.byte	0
 500 0013 02       		.uleb128 0x2
 501 0014 24       		.uleb128 0x24
 502 0015 00       		.byte	0
 503 0016 0B       		.uleb128 0xb
 504 0017 0B       		.uleb128 0xb
 505 0018 3E       		.uleb128 0x3e
 506 0019 0B       		.uleb128 0xb
 507 001a 03       		.uleb128 0x3
 508 001b 0E       		.uleb128 0xe
 509 001c 00       		.byte	0
 510 001d 00       		.byte	0
 511 001e 03       		.uleb128 0x3
 512 001f 24       		.uleb128 0x24
 513 0020 00       		.byte	0
 514 0021 0B       		.uleb128 0xb
 515 0022 0B       		.uleb128 0xb
 516 0023 3E       		.uleb128 0x3e
 517 0024 0B       		.uleb128 0xb
 518 0025 03       		.uleb128 0x3
 519 0026 08       		.uleb128 0x8
 520 0027 00       		.byte	0
 521 0028 00       		.byte	0
 522 0029 04       		.uleb128 0x4
 523 002a 16       		.uleb128 0x16
 524 002b 00       		.byte	0
 525 002c 03       		.uleb128 0x3
 526 002d 0E       		.uleb128 0xe
 527 002e 3A       		.uleb128 0x3a
 528 002f 0B       		.uleb128 0xb
 529 0030 3B       		.uleb128 0x3b
 530 0031 0B       		.uleb128 0xb
 531 0032 49       		.uleb128 0x49
 532 0033 13       		.uleb128 0x13
ARM GAS  C:\Users\PC69\AppData\Local\Temp\cczrds5n.s 			page 13


 533 0034 00       		.byte	0
 534 0035 00       		.byte	0
 535 0036 05       		.uleb128 0x5
 536 0037 16       		.uleb128 0x16
 537 0038 00       		.byte	0
 538 0039 03       		.uleb128 0x3
 539 003a 0E       		.uleb128 0xe
 540 003b 3A       		.uleb128 0x3a
 541 003c 0B       		.uleb128 0xb
 542 003d 3B       		.uleb128 0x3b
 543 003e 05       		.uleb128 0x5
 544 003f 49       		.uleb128 0x49
 545 0040 13       		.uleb128 0x13
 546 0041 00       		.byte	0
 547 0042 00       		.byte	0
 548 0043 06       		.uleb128 0x6
 549 0044 35       		.uleb128 0x35
 550 0045 00       		.byte	0
 551 0046 49       		.uleb128 0x49
 552 0047 13       		.uleb128 0x13
 553 0048 00       		.byte	0
 554 0049 00       		.byte	0
 555 004a 07       		.uleb128 0x7
 556 004b 2E       		.uleb128 0x2e
 557 004c 01       		.byte	0x1
 558 004d 3F       		.uleb128 0x3f
 559 004e 19       		.uleb128 0x19
 560 004f 03       		.uleb128 0x3
 561 0050 0E       		.uleb128 0xe
 562 0051 3A       		.uleb128 0x3a
 563 0052 0B       		.uleb128 0xb
 564 0053 3B       		.uleb128 0x3b
 565 0054 0B       		.uleb128 0xb
 566 0055 27       		.uleb128 0x27
 567 0056 19       		.uleb128 0x19
 568 0057 11       		.uleb128 0x11
 569 0058 01       		.uleb128 0x1
 570 0059 12       		.uleb128 0x12
 571 005a 06       		.uleb128 0x6
 572 005b 40       		.uleb128 0x40
 573 005c 18       		.uleb128 0x18
 574 005d 9742     		.uleb128 0x2117
 575 005f 19       		.uleb128 0x19
 576 0060 01       		.uleb128 0x1
 577 0061 13       		.uleb128 0x13
 578 0062 00       		.byte	0
 579 0063 00       		.byte	0
 580 0064 08       		.uleb128 0x8
 581 0065 05       		.uleb128 0x5
 582 0066 00       		.byte	0
 583 0067 03       		.uleb128 0x3
 584 0068 0E       		.uleb128 0xe
 585 0069 3A       		.uleb128 0x3a
 586 006a 0B       		.uleb128 0xb
 587 006b 3B       		.uleb128 0x3b
 588 006c 0B       		.uleb128 0xb
 589 006d 49       		.uleb128 0x49
ARM GAS  C:\Users\PC69\AppData\Local\Temp\cczrds5n.s 			page 14


 590 006e 13       		.uleb128 0x13
 591 006f 02       		.uleb128 0x2
 592 0070 18       		.uleb128 0x18
 593 0071 00       		.byte	0
 594 0072 00       		.byte	0
 595 0073 09       		.uleb128 0x9
 596 0074 34       		.uleb128 0x34
 597 0075 00       		.byte	0
 598 0076 03       		.uleb128 0x3
 599 0077 0E       		.uleb128 0xe
 600 0078 3A       		.uleb128 0x3a
 601 0079 0B       		.uleb128 0xb
 602 007a 3B       		.uleb128 0x3b
 603 007b 0B       		.uleb128 0xb
 604 007c 49       		.uleb128 0x49
 605 007d 13       		.uleb128 0x13
 606 007e 02       		.uleb128 0x2
 607 007f 18       		.uleb128 0x18
 608 0080 00       		.byte	0
 609 0081 00       		.byte	0
 610 0082 0A       		.uleb128 0xa
 611 0083 2E       		.uleb128 0x2e
 612 0084 00       		.byte	0
 613 0085 3F       		.uleb128 0x3f
 614 0086 19       		.uleb128 0x19
 615 0087 03       		.uleb128 0x3
 616 0088 0E       		.uleb128 0xe
 617 0089 3A       		.uleb128 0x3a
 618 008a 0B       		.uleb128 0xb
 619 008b 3B       		.uleb128 0x3b
 620 008c 0B       		.uleb128 0xb
 621 008d 27       		.uleb128 0x27
 622 008e 19       		.uleb128 0x19
 623 008f 49       		.uleb128 0x49
 624 0090 13       		.uleb128 0x13
 625 0091 11       		.uleb128 0x11
 626 0092 01       		.uleb128 0x1
 627 0093 12       		.uleb128 0x12
 628 0094 06       		.uleb128 0x6
 629 0095 40       		.uleb128 0x40
 630 0096 18       		.uleb128 0x18
 631 0097 9742     		.uleb128 0x2117
 632 0099 19       		.uleb128 0x19
 633 009a 00       		.byte	0
 634 009b 00       		.byte	0
 635 009c 0B       		.uleb128 0xb
 636 009d 2E       		.uleb128 0x2e
 637 009e 01       		.byte	0x1
 638 009f 3F       		.uleb128 0x3f
 639 00a0 19       		.uleb128 0x19
 640 00a1 03       		.uleb128 0x3
 641 00a2 0E       		.uleb128 0xe
 642 00a3 3A       		.uleb128 0x3a
 643 00a4 0B       		.uleb128 0xb
 644 00a5 3B       		.uleb128 0x3b
 645 00a6 0B       		.uleb128 0xb
 646 00a7 27       		.uleb128 0x27
ARM GAS  C:\Users\PC69\AppData\Local\Temp\cczrds5n.s 			page 15


 647 00a8 19       		.uleb128 0x19
 648 00a9 49       		.uleb128 0x49
 649 00aa 13       		.uleb128 0x13
 650 00ab 11       		.uleb128 0x11
 651 00ac 01       		.uleb128 0x1
 652 00ad 12       		.uleb128 0x12
 653 00ae 06       		.uleb128 0x6
 654 00af 40       		.uleb128 0x40
 655 00b0 18       		.uleb128 0x18
 656 00b1 9742     		.uleb128 0x2117
 657 00b3 19       		.uleb128 0x19
 658 00b4 00       		.byte	0
 659 00b5 00       		.byte	0
 660 00b6 00       		.byte	0
 661              		.section	.debug_aranges,"",%progbits
 662 0000 3C000000 		.4byte	0x3c
 663 0004 0200     		.2byte	0x2
 664 0006 00000000 		.4byte	.Ldebug_info0
 665 000a 04       		.byte	0x4
 666 000b 00       		.byte	0
 667 000c 0000     		.2byte	0
 668 000e 0000     		.2byte	0
 669 0010 00000000 		.4byte	.LFB0
 670 0014 48000000 		.4byte	.LFE0-.LFB0
 671 0018 00000000 		.4byte	.LFB1
 672 001c B8000000 		.4byte	.LFE1-.LFB1
 673 0020 00000000 		.4byte	.LFB2
 674 0024 1C000000 		.4byte	.LFE2-.LFB2
 675 0028 00000000 		.4byte	.LFB3
 676 002c 1C000000 		.4byte	.LFE3-.LFB3
 677 0030 00000000 		.4byte	.LFB4
 678 0034 2C000000 		.4byte	.LFE4-.LFB4
 679 0038 00000000 		.4byte	0
 680 003c 00000000 		.4byte	0
 681              		.section	.debug_ranges,"",%progbits
 682              	.Ldebug_ranges0:
 683 0000 00000000 		.4byte	.LFB0
 684 0004 48000000 		.4byte	.LFE0
 685 0008 00000000 		.4byte	.LFB1
 686 000c B8000000 		.4byte	.LFE1
 687 0010 00000000 		.4byte	.LFB2
 688 0014 1C000000 		.4byte	.LFE2
 689 0018 00000000 		.4byte	.LFB3
 690 001c 1C000000 		.4byte	.LFE3
 691 0020 00000000 		.4byte	.LFB4
 692 0024 2C000000 		.4byte	.LFE4
 693 0028 00000000 		.4byte	0
 694 002c 00000000 		.4byte	0
 695              		.section	.debug_line,"",%progbits
 696              	.Ldebug_line0:
 697 0000 B3000000 		.section	.debug_str,"MS",%progbits,1
 697      02004A00 
 697      00000201 
 697      FB0E0D00 
 697      01010101 
 698              	.LASF14:
 699 0000 72656733 		.ascii	"reg32\000"
ARM GAS  C:\Users\PC69\AppData\Local\Temp\cczrds5n.s 			page 16


 699      3200
 700              	.LASF17:
 701 0006 76616C75 		.ascii	"value\000"
 701      6500
 702              	.LASF15:
 703 000c 4C43445F 		.ascii	"LCD_LCDPort_Write\000"
 703      4C434450 
 703      6F72745F 
 703      57726974 
 703      6500
 704              	.LASF20:
 705 001e 4C43445F 		.ascii	"LCD_LCDPort_ReadDataReg\000"
 705      4C434450 
 705      6F72745F 
 705      52656164 
 705      44617461 
 706              	.LASF21:
 707 0036 4C43445F 		.ascii	"LCD_LCDPort_ClearInterrupt\000"
 707      4C434450 
 707      6F72745F 
 707      436C6561 
 707      72496E74 
 708              	.LASF11:
 709 0051 666C6F61 		.ascii	"float\000"
 709      7400
 710              	.LASF1:
 711 0057 756E7369 		.ascii	"unsigned char\000"
 711      676E6564 
 711      20636861 
 711      7200
 712              	.LASF22:
 713 0065 64725661 		.ascii	"drVal\000"
 713      6C00
 714              	.LASF5:
 715 006b 6C6F6E67 		.ascii	"long unsigned int\000"
 715      20756E73 
 715      69676E65 
 715      6420696E 
 715      7400
 716              	.LASF3:
 717 007d 73686F72 		.ascii	"short unsigned int\000"
 717      7420756E 
 717      7369676E 
 717      65642069 
 717      6E7400
 718              	.LASF26:
 719 0090 433A5C43 		.ascii	"C:\\Cypress\\IR_sensor_controller\\SCB_Bootloader\\"
 719      79707265 
 719      73735C49 
 719      525F7365 
 719      6E736F72 
 720 00bf 49525F73 		.ascii	"IR_sensor_controller.cydsn\000"
 720      656E736F 
 720      725F636F 
 720      6E74726F 
 720      6C6C6572 
 721              	.LASF12:
ARM GAS  C:\Users\PC69\AppData\Local\Temp\cczrds5n.s 			page 17


 722 00da 646F7562 		.ascii	"double\000"
 722      6C6500
 723              	.LASF24:
 724 00e1 474E5520 		.ascii	"GNU C 4.9.3 20150303 (release) [ARM/embedded-4_9-br"
 724      4320342E 
 724      392E3320 
 724      32303135 
 724      30333033 
 725 0114 616E6368 		.ascii	"anch revision 221220] -mcpu=cortex-m0 -mthumb -g -O"
 725      20726576 
 725      6973696F 
 725      6E203232 
 725      31323230 
 726 0147 30202D66 		.ascii	"0 -ffunction-sections -ffat-lto-objects\000"
 726      66756E63 
 726      74696F6E 
 726      2D736563 
 726      74696F6E 
 727              	.LASF10:
 728 016f 75696E74 		.ascii	"uint32\000"
 728      333200
 729              	.LASF8:
 730 0176 756E7369 		.ascii	"unsigned int\000"
 730      676E6564 
 730      20696E74 
 730      00
 731              	.LASF25:
 732 0183 2E5C4765 		.ascii	".\\Generated_Source\\PSoC4\\LCD_LCDPort.c\000"
 732      6E657261 
 732      7465645F 
 732      536F7572 
 732      63655C50 
 733              	.LASF7:
 734 01aa 6C6F6E67 		.ascii	"long long unsigned int\000"
 734      206C6F6E 
 734      6720756E 
 734      7369676E 
 734      65642069 
 735              	.LASF18:
 736 01c1 6D6F6465 		.ascii	"mode\000"
 736      00
 737              	.LASF6:
 738 01c6 6C6F6E67 		.ascii	"long long int\000"
 738      206C6F6E 
 738      6720696E 
 738      7400
 739              	.LASF23:
 740 01d4 6D61736B 		.ascii	"maskedStatus\000"
 740      65645374 
 740      61747573 
 740      00
 741              	.LASF13:
 742 01e1 63686172 		.ascii	"char\000"
 742      00
 743              	.LASF2:
 744 01e6 73686F72 		.ascii	"short int\000"
 744      7420696E 
ARM GAS  C:\Users\PC69\AppData\Local\Temp\cczrds5n.s 			page 18


 744      7400
 745              	.LASF9:
 746 01f0 75696E74 		.ascii	"uint8\000"
 746      3800
 747              	.LASF19:
 748 01f6 4C43445F 		.ascii	"LCD_LCDPort_Read\000"
 748      4C434450 
 748      6F72745F 
 748      52656164 
 748      00
 749              	.LASF4:
 750 0207 6C6F6E67 		.ascii	"long int\000"
 750      20696E74 
 750      00
 751              	.LASF0:
 752 0210 7369676E 		.ascii	"signed char\000"
 752      65642063 
 752      68617200 
 753              	.LASF16:
 754 021c 4C43445F 		.ascii	"LCD_LCDPort_SetDriveMode\000"
 754      4C434450 
 754      6F72745F 
 754      53657444 
 754      72697665 
 755              		.ident	"GCC: (GNU Tools for ARM Embedded Processors) 4.9.3 20150303 (release) [ARM/embedded-4_9-br
